2024-02-10 10:33:14.660 [error] [uncaught exception in sharedProcess]: Event not found: onDidChange: CodeExpectedError: Event not found: onDidChange
    at Object.listen (/usr/share/code/resources/app/out/vs/code/node/sharedProcess/sharedProcessMain.js:45:4959)
    at E.t (/usr/share/code/resources/app/out/vs/code/node/sharedProcess/sharedProcessMain.js:44:251)
    at E.q (/usr/share/code/resources/app/out/vs/code/node/sharedProcess/sharedProcessMain.js:43:4371)
    at w.value (/usr/share/code/resources/app/out/vs/code/node/sharedProcess/sharedProcessMain.js:43:3602)
    at d.y (/usr/share/code/resources/app/out/vs/code/node/sharedProcess/sharedProcessMain.js:38:1902)
    at d.z (/usr/share/code/resources/app/out/vs/code/node/sharedProcess/sharedProcessMain.js:38:1972)
    at d.fire (/usr/share/code/resources/app/out/vs/code/node/sharedProcess/sharedProcessMain.js:38:2188)
    at MessagePortMain.de (/usr/share/code/resources/app/out/vs/code/node/sharedProcess/sharedProcessMain.js:36:30422)
    at MessagePortMain.emit (node:events:514:28)
    at Object.emit (node:electron/js2c/utility_init:2:2285)
2024-02-10 10:33:15.267 [info] Deleted uninstalled extension from disk arrterian.nix-env-selector /home/hubert/.vscode/extensions/arrterian.nix-env-selector-1.0.10
2024-02-10 10:33:15.959 [info] Deleted uninstalled extension from disk ms-python.vscode-pylance /home/hubert/.vscode/extensions/ms-python.vscode-pylance-2023.12.1
2024-02-10 10:33:16.200 [info] Deleted uninstalled extension from disk ms-python.python /home/hubert/.vscode/extensions/ms-python.python-2023.22.1
2024-02-10 10:33:16.379 [error] [uncaught exception in sharedProcess]: Event not found: onDidChange: CodeExpectedError: Event not found: onDidChange
    at Object.listen (/usr/share/code/resources/app/out/vs/code/node/sharedProcess/sharedProcessMain.js:45:4959)
    at E.t (/usr/share/code/resources/app/out/vs/code/node/sharedProcess/sharedProcessMain.js:44:251)
    at E.q (/usr/share/code/resources/app/out/vs/code/node/sharedProcess/sharedProcessMain.js:43:4371)
    at w.value (/usr/share/code/resources/app/out/vs/code/node/sharedProcess/sharedProcessMain.js:43:3602)
    at d.y (/usr/share/code/resources/app/out/vs/code/node/sharedProcess/sharedProcessMain.js:38:1902)
    at d.z (/usr/share/code/resources/app/out/vs/code/node/sharedProcess/sharedProcessMain.js:38:1972)
    at d.fire (/usr/share/code/resources/app/out/vs/code/node/sharedProcess/sharedProcessMain.js:38:2188)
    at MessagePortMain.de (/usr/share/code/resources/app/out/vs/code/node/sharedProcess/sharedProcessMain.js:36:30422)
    at MessagePortMain.emit (node:events:514:28)
    at Object.emit (node:electron/js2c/utility_init:2:2285)
