2024-02-11 10:39:17.486 [info] Log level: Info
2024-02-11 10:39:17.486 [info] Validating found git in: "git"
2024-02-11 10:39:17.486 [info] Using git "2.43.0" from "git"
2024-02-11 10:39:17.486 [info] > git rev-parse --show-toplevel [3ms]
2024-02-11 10:39:17.486 [info] fatal: not a git repository (or any parent up to mount point /)
Stopping at filesystem boundary (GIT_DISCOVERY_ACROSS_FILESYSTEM not set).
2024-02-11 10:39:17.486 [info] > git rev-parse --show-toplevel [3ms]
2024-02-11 10:39:17.486 [info] fatal: not a git repository (or any parent up to mount point /)
Stopping at filesystem boundary (GIT_DISCOVERY_ACROSS_FILESYSTEM not set).
2024-02-11 10:39:17.486 [info] > git rev-parse --show-toplevel [94ms]
2024-02-11 10:39:17.507 [info] > git rev-parse --git-dir --git-common-dir [3ms]
2024-02-11 10:39:17.513 [info] Open repository: /home/hubert/Dokumenty/GitHub/dwm
2024-02-11 10:39:17.546 [info] > git rev-parse --show-toplevel [18ms]
2024-02-11 10:39:17.546 [info] fatal: not a git repository (or any parent up to mount point /)
Stopping at filesystem boundary (GIT_DISCOVERY_ACROSS_FILESYSTEM not set).
2024-02-11 10:39:17.546 [info] > git config --get commit.template [25ms]
2024-02-11 10:39:17.564 [info] > git rev-parse --show-toplevel [11ms]
2024-02-11 10:39:17.564 [info] fatal: not a git repository (or any parent up to mount point /)
Stopping at filesystem boundary (GIT_DISCOVERY_ACROSS_FILESYSTEM not set).
2024-02-11 10:39:17.573 [info] > git rev-parse --show-toplevel [3ms]
2024-02-11 10:39:17.573 [info] fatal: not a git repository (or any parent up to mount point /)
Stopping at filesystem boundary (GIT_DISCOVERY_ACROSS_FILESYSTEM not set).
2024-02-11 10:39:17.574 [info] > git for-each-ref --format=%(refname)%00%(upstream:short)%00%(objectname)%00%(upstream:track)%00%(upstream:remotename)%00%(upstream:remoteref) refs/heads/master refs/remotes/master [11ms]
2024-02-11 10:39:17.584 [info] > git rev-parse --show-toplevel [2ms]
2024-02-11 10:39:17.584 [info] fatal: not a git repository (or any parent up to mount point /)
Stopping at filesystem boundary (GIT_DISCOVERY_ACROSS_FILESYSTEM not set).
2024-02-11 10:39:17.600 [info] > git status -z -uall [8ms]
2024-02-11 10:39:17.600 [info] > git rev-parse --show-toplevel [2ms]
2024-02-11 10:39:17.600 [info] fatal: not a git repository (or any parent up to mount point /)
Stopping at filesystem boundary (GIT_DISCOVERY_ACROSS_FILESYSTEM not set).
2024-02-11 10:39:17.622 [info] > git rev-parse --show-toplevel [7ms]
2024-02-11 10:39:17.622 [info] fatal: not a git repository (or any parent up to mount point /)
Stopping at filesystem boundary (GIT_DISCOVERY_ACROSS_FILESYSTEM not set).
2024-02-11 10:39:17.630 [info] > git config --get commit.template [9ms]
2024-02-11 10:39:17.637 [info] > git rev-parse --show-toplevel [7ms]
2024-02-11 10:39:17.637 [info] fatal: not a git repository (or any parent up to mount point /)
Stopping at filesystem boundary (GIT_DISCOVERY_ACROSS_FILESYSTEM not set).
2024-02-11 10:39:17.669 [info] > git for-each-ref --format=%(refname)%00%(upstream:short)%00%(objectname)%00%(upstream:track)%00%(upstream:remotename)%00%(upstream:remoteref) refs/heads/master refs/remotes/master [33ms]
2024-02-11 10:39:17.670 [info] > git rev-parse --show-toplevel [1ms]
2024-02-11 10:39:17.670 [info] fatal: not a git repository (or any parent up to mount point /)
Stopping at filesystem boundary (GIT_DISCOVERY_ACROSS_FILESYSTEM not set).
2024-02-11 10:39:17.684 [info] > git rev-parse --show-toplevel [8ms]
2024-02-11 10:39:17.684 [info] fatal: not a git repository (or any parent up to mount point /)
Stopping at filesystem boundary (GIT_DISCOVERY_ACROSS_FILESYSTEM not set).
2024-02-11 10:39:17.692 [info] > git status -z -uall [9ms]
2024-02-11 10:39:17.696 [info] > git rev-parse --show-toplevel [5ms]
2024-02-11 10:39:17.696 [info] fatal: not a git repository (or any parent up to mount point /)
Stopping at filesystem boundary (GIT_DISCOVERY_ACROSS_FILESYSTEM not set).
2024-02-11 10:39:17.704 [info] > git rev-parse --show-toplevel [1ms]
2024-02-11 10:39:17.704 [info] fatal: not a git repository (or any parent up to mount point /)
Stopping at filesystem boundary (GIT_DISCOVERY_ACROSS_FILESYSTEM not set).
2024-02-11 10:39:17.712 [info] > git rev-parse --show-toplevel [2ms]
2024-02-11 10:39:17.712 [info] fatal: not a git repository (or any parent up to mount point /)
Stopping at filesystem boundary (GIT_DISCOVERY_ACROSS_FILESYSTEM not set).
2024-02-11 10:39:17.718 [info] > git rev-parse --show-toplevel [1ms]
2024-02-11 10:39:17.718 [info] fatal: not a git repository (or any parent up to mount point /)
Stopping at filesystem boundary (GIT_DISCOVERY_ACROSS_FILESYSTEM not set).
2024-02-11 10:39:17.726 [info] > git rev-parse --show-toplevel [1ms]
2024-02-11 10:39:17.727 [info] fatal: not a git repository (or any parent up to mount point /)
Stopping at filesystem boundary (GIT_DISCOVERY_ACROSS_FILESYSTEM not set).
2024-02-11 10:39:17.735 [info] > git rev-parse --show-toplevel [1ms]
2024-02-11 10:39:17.735 [info] fatal: not a git repository (or any parent up to mount point /)
Stopping at filesystem boundary (GIT_DISCOVERY_ACROSS_FILESYSTEM not set).
2024-02-11 10:39:17.744 [info] > git rev-parse --show-toplevel [1ms]
2024-02-11 10:39:17.744 [info] fatal: not a git repository (or any parent up to mount point /)
Stopping at filesystem boundary (GIT_DISCOVERY_ACROSS_FILESYSTEM not set).
2024-02-11 10:39:17.751 [info] > git rev-parse --show-toplevel [1ms]
2024-02-11 10:39:17.751 [info] fatal: not a git repository (or any parent up to mount point /)
Stopping at filesystem boundary (GIT_DISCOVERY_ACROSS_FILESYSTEM not set).
2024-02-11 10:39:17.775 [info] > git rev-parse --show-toplevel [16ms]
2024-02-11 10:39:17.775 [info] fatal: not a git repository (or any parent up to mount point /)
Stopping at filesystem boundary (GIT_DISCOVERY_ACROSS_FILESYSTEM not set).
2024-02-11 10:39:17.782 [info] > git rev-parse --show-toplevel [1ms]
2024-02-11 10:39:17.782 [info] fatal: not a git repository (or any parent up to mount point /)
Stopping at filesystem boundary (GIT_DISCOVERY_ACROSS_FILESYSTEM not set).
2024-02-11 10:39:17.789 [info] > git rev-parse --show-toplevel [1ms]
2024-02-11 10:39:17.789 [info] fatal: not a git repository (or any parent up to mount point /)
Stopping at filesystem boundary (GIT_DISCOVERY_ACROSS_FILESYSTEM not set).
2024-02-11 10:39:17.797 [info] > git rev-parse --show-toplevel [1ms]
2024-02-11 10:39:17.797 [info] fatal: not a git repository (or any parent up to mount point /)
Stopping at filesystem boundary (GIT_DISCOVERY_ACROSS_FILESYSTEM not set).
2024-02-11 10:39:17.805 [info] > git rev-parse --show-toplevel [1ms]
2024-02-11 10:39:17.805 [info] fatal: not a git repository (or any parent up to mount point /)
Stopping at filesystem boundary (GIT_DISCOVERY_ACROSS_FILESYSTEM not set).
2024-02-11 10:39:17.814 [info] > git rev-parse --show-toplevel [2ms]
2024-02-11 10:39:17.814 [info] fatal: not a git repository (or any parent up to mount point /)
Stopping at filesystem boundary (GIT_DISCOVERY_ACROSS_FILESYSTEM not set).
2024-02-11 10:39:17.821 [info] > git rev-parse --show-toplevel [1ms]
2024-02-11 10:39:17.821 [info] fatal: not a git repository (or any parent up to mount point /)
Stopping at filesystem boundary (GIT_DISCOVERY_ACROSS_FILESYSTEM not set).
2024-02-11 10:39:17.833 [info] > git rev-parse --show-toplevel [5ms]
2024-02-11 10:39:17.833 [info] fatal: not a git repository (or any parent up to mount point /)
Stopping at filesystem boundary (GIT_DISCOVERY_ACROSS_FILESYSTEM not set).
2024-02-11 10:39:17.840 [info] > git rev-parse --show-toplevel [2ms]
2024-02-11 10:39:17.840 [info] fatal: not a git repository (or any parent up to mount point /)
Stopping at filesystem boundary (GIT_DISCOVERY_ACROSS_FILESYSTEM not set).
2024-02-11 10:39:17.847 [info] > git rev-parse --show-toplevel [1ms]
2024-02-11 10:39:17.847 [info] fatal: not a git repository (or any parent up to mount point /)
Stopping at filesystem boundary (GIT_DISCOVERY_ACROSS_FILESYSTEM not set).
2024-02-11 10:39:17.853 [info] > git rev-parse --show-toplevel [1ms]
2024-02-11 10:39:17.853 [info] fatal: not a git repository (or any parent up to mount point /)
Stopping at filesystem boundary (GIT_DISCOVERY_ACROSS_FILESYSTEM not set).
2024-02-11 10:39:17.859 [info] > git rev-parse --show-toplevel [1ms]
2024-02-11 10:39:17.859 [info] fatal: not a git repository (or any parent up to mount point /)
Stopping at filesystem boundary (GIT_DISCOVERY_ACROSS_FILESYSTEM not set).
2024-02-11 10:39:17.867 [info] > git rev-parse --show-toplevel [1ms]
2024-02-11 10:39:17.867 [info] fatal: not a git repository (or any parent up to mount point /)
Stopping at filesystem boundary (GIT_DISCOVERY_ACROSS_FILESYSTEM not set).
2024-02-11 10:39:17.875 [info] > git rev-parse --show-toplevel [1ms]
2024-02-11 10:39:17.875 [info] fatal: not a git repository (or any parent up to mount point /)
Stopping at filesystem boundary (GIT_DISCOVERY_ACROSS_FILESYSTEM not set).
2024-02-11 10:39:17.883 [info] > git rev-parse --show-toplevel [1ms]
2024-02-11 10:39:17.883 [info] fatal: not a git repository (or any parent up to mount point /)
Stopping at filesystem boundary (GIT_DISCOVERY_ACROSS_FILESYSTEM not set).
2024-02-11 10:39:17.890 [info] > git rev-parse --show-toplevel [1ms]
2024-02-11 10:39:17.890 [info] fatal: not a git repository (or any parent up to mount point /)
Stopping at filesystem boundary (GIT_DISCOVERY_ACROSS_FILESYSTEM not set).
2024-02-11 10:39:17.897 [info] > git rev-parse --show-toplevel [1ms]
2024-02-11 10:39:17.897 [info] fatal: not a git repository (or any parent up to mount point /)
Stopping at filesystem boundary (GIT_DISCOVERY_ACROSS_FILESYSTEM not set).
2024-02-11 10:39:17.903 [info] > git rev-parse --show-toplevel [1ms]
2024-02-11 10:39:17.904 [info] fatal: not a git repository (or any parent up to mount point /)
Stopping at filesystem boundary (GIT_DISCOVERY_ACROSS_FILESYSTEM not set).
2024-02-11 10:39:17.910 [info] > git rev-parse --show-toplevel [1ms]
2024-02-11 10:39:17.910 [info] fatal: not a git repository (or any parent up to mount point /)
Stopping at filesystem boundary (GIT_DISCOVERY_ACROSS_FILESYSTEM not set).
2024-02-11 10:39:17.917 [info] > git rev-parse --show-toplevel [2ms]
2024-02-11 10:39:17.917 [info] fatal: not a git repository (or any parent up to mount point /)
Stopping at filesystem boundary (GIT_DISCOVERY_ACROSS_FILESYSTEM not set).
2024-02-11 10:39:17.923 [info] > git rev-parse --show-toplevel [1ms]
2024-02-11 10:39:17.923 [info] fatal: not a git repository (or any parent up to mount point /)
Stopping at filesystem boundary (GIT_DISCOVERY_ACROSS_FILESYSTEM not set).
2024-02-11 10:39:17.930 [info] > git rev-parse --show-toplevel [1ms]
2024-02-11 10:39:17.930 [info] fatal: not a git repository (or any parent up to mount point /)
Stopping at filesystem boundary (GIT_DISCOVERY_ACROSS_FILESYSTEM not set).
2024-02-11 10:39:17.937 [info] > git rev-parse --show-toplevel [2ms]
2024-02-11 10:39:17.937 [info] fatal: not a git repository (or any parent up to mount point /)
Stopping at filesystem boundary (GIT_DISCOVERY_ACROSS_FILESYSTEM not set).
2024-02-11 10:39:17.943 [info] > git rev-parse --show-toplevel [1ms]
2024-02-11 10:39:17.943 [info] fatal: not a git repository (or any parent up to mount point /)
Stopping at filesystem boundary (GIT_DISCOVERY_ACROSS_FILESYSTEM not set).
2024-02-11 10:39:17.950 [info] > git rev-parse --show-toplevel [1ms]
2024-02-11 10:39:17.950 [info] fatal: not a git repository (or any parent up to mount point /)
Stopping at filesystem boundary (GIT_DISCOVERY_ACROSS_FILESYSTEM not set).
2024-02-11 10:39:17.957 [info] > git rev-parse --show-toplevel [1ms]
2024-02-11 10:39:17.957 [info] fatal: not a git repository (or any parent up to mount point /)
Stopping at filesystem boundary (GIT_DISCOVERY_ACROSS_FILESYSTEM not set).
2024-02-11 10:39:17.965 [info] > git rev-parse --show-toplevel [3ms]
2024-02-11 10:39:17.973 [info] > git rev-parse --git-dir --git-common-dir [2ms]
2024-02-11 10:39:17.977 [info] Open repository: /home/hubert/.config/nvim
2024-02-11 10:39:17.993 [info] > git rev-parse --show-toplevel [4ms]
2024-02-11 10:39:17.993 [info] fatal: not a git repository (or any parent up to mount point /)
Stopping at filesystem boundary (GIT_DISCOVERY_ACROSS_FILESYSTEM not set).
2024-02-11 10:39:17.994 [info] > git config --get commit.template [10ms]
2024-02-11 10:39:18.009 [info] > git rev-parse --show-toplevel [10ms]
2024-02-11 10:39:18.009 [info] fatal: not a git repository (or any parent up to mount point /)
Stopping at filesystem boundary (GIT_DISCOVERY_ACROSS_FILESYSTEM not set).
2024-02-11 10:39:18.016 [info] > git rev-parse --show-toplevel [1ms]
2024-02-11 10:39:18.016 [info] fatal: not a git repository (or any parent up to mount point /)
Stopping at filesystem boundary (GIT_DISCOVERY_ACROSS_FILESYSTEM not set).
2024-02-11 10:39:18.023 [info] > git rev-parse --show-toplevel [2ms]
2024-02-11 10:39:18.023 [info] fatal: not a git repository (or any parent up to mount point /)
Stopping at filesystem boundary (GIT_DISCOVERY_ACROSS_FILESYSTEM not set).
2024-02-11 10:39:18.030 [info] > git rev-parse --show-toplevel [2ms]
2024-02-11 10:39:18.030 [info] fatal: not a git repository (or any parent up to mount point /)
Stopping at filesystem boundary (GIT_DISCOVERY_ACROSS_FILESYSTEM not set).
2024-02-11 10:39:18.038 [info] > git for-each-ref --format %(refname) %(objectname) %(*objectname) refs/tags [28ms]
2024-02-11 10:39:18.045 [info] > git rev-parse --show-toplevel [9ms]
2024-02-11 10:39:18.046 [info] fatal: not a git repository (or any parent up to mount point /)
Stopping at filesystem boundary (GIT_DISCOVERY_ACROSS_FILESYSTEM not set).
2024-02-11 10:39:18.053 [info] > git rev-parse --show-toplevel [1ms]
2024-02-11 10:39:18.053 [info] fatal: not a git repository (or any parent up to mount point /)
Stopping at filesystem boundary (GIT_DISCOVERY_ACROSS_FILESYSTEM not set).
2024-02-11 10:39:18.059 [info] > git status -z -uall [15ms]
2024-02-11 10:39:18.067 [info] > git rev-parse --show-toplevel [9ms]
2024-02-11 10:39:18.067 [info] fatal: not a git repository (or any parent up to mount point /)
Stopping at filesystem boundary (GIT_DISCOVERY_ACROSS_FILESYSTEM not set).
2024-02-11 10:39:18.075 [info] > git config --get commit.template [8ms]
2024-02-11 10:39:18.081 [info] > git rev-parse --show-toplevel [7ms]
2024-02-11 10:39:18.081 [info] fatal: not a git repository (or any parent up to mount point /)
Stopping at filesystem boundary (GIT_DISCOVERY_ACROSS_FILESYSTEM not set).
2024-02-11 10:39:18.104 [info] > git check-ignore -v -z --stdin [1ms]
2024-02-11 10:39:18.105 [info] > git rev-parse --show-toplevel [15ms]
2024-02-11 10:39:18.105 [info] fatal: not a git repository (or any parent up to mount point /)
Stopping at filesystem boundary (GIT_DISCOVERY_ACROSS_FILESYSTEM not set).
2024-02-11 10:39:18.106 [info] > git for-each-ref --format %(refname) %(objectname) %(*objectname) refs/tags [25ms]
2024-02-11 10:39:18.128 [info] > git status -z -uall [8ms]
2024-02-11 10:39:18.128 [info] > git rev-parse --show-toplevel [2ms]
2024-02-11 10:39:18.128 [info] fatal: not a git repository (or any parent up to mount point /)
Stopping at filesystem boundary (GIT_DISCOVERY_ACROSS_FILESYSTEM not set).
2024-02-11 10:39:18.138 [info] > git rev-parse --show-toplevel [1ms]
2024-02-11 10:39:18.138 [info] fatal: not a git repository (or any parent up to mount point /)
Stopping at filesystem boundary (GIT_DISCOVERY_ACROSS_FILESYSTEM not set).
2024-02-11 10:39:18.146 [info] > git rev-parse --show-toplevel [2ms]
2024-02-11 10:39:18.146 [info] fatal: not a git repository (or any parent up to mount point /)
Stopping at filesystem boundary (GIT_DISCOVERY_ACROSS_FILESYSTEM not set).
2024-02-11 10:39:18.157 [info] > git rev-parse --show-toplevel [4ms]
2024-02-11 10:39:18.157 [info] fatal: not a git repository (or any parent up to mount point /)
Stopping at filesystem boundary (GIT_DISCOVERY_ACROSS_FILESYSTEM not set).
2024-02-11 10:39:18.166 [info] > git rev-parse --show-toplevel [1ms]
2024-02-11 10:39:18.166 [info] fatal: not a git repository (or any parent up to mount point /)
Stopping at filesystem boundary (GIT_DISCOVERY_ACROSS_FILESYSTEM not set).
2024-02-11 10:39:18.173 [info] > git rev-parse --show-toplevel [2ms]
2024-02-11 10:39:18.173 [info] fatal: not a git repository (or any parent up to mount point /)
Stopping at filesystem boundary (GIT_DISCOVERY_ACROSS_FILESYSTEM not set).
2024-02-11 10:39:18.181 [info] > git rev-parse --show-toplevel [1ms]
2024-02-11 10:39:18.181 [info] fatal: not a git repository (or any parent up to mount point /)
Stopping at filesystem boundary (GIT_DISCOVERY_ACROSS_FILESYSTEM not set).
2024-02-11 10:39:18.188 [info] > git rev-parse --show-toplevel [1ms]
2024-02-11 10:39:18.188 [info] fatal: not a git repository (or any parent up to mount point /)
Stopping at filesystem boundary (GIT_DISCOVERY_ACROSS_FILESYSTEM not set).
2024-02-11 10:39:18.195 [info] > git rev-parse --show-toplevel [1ms]
2024-02-11 10:39:18.195 [info] fatal: not a git repository (or any parent up to mount point /)
Stopping at filesystem boundary (GIT_DISCOVERY_ACROSS_FILESYSTEM not set).
2024-02-11 10:39:18.202 [info] > git rev-parse --show-toplevel [1ms]
2024-02-11 10:39:18.202 [info] fatal: not a git repository (or any parent up to mount point /)
Stopping at filesystem boundary (GIT_DISCOVERY_ACROSS_FILESYSTEM not set).
2024-02-11 10:39:18.209 [info] > git rev-parse --show-toplevel [1ms]
2024-02-11 10:39:18.209 [info] fatal: not a git repository (or any parent up to mount point /)
Stopping at filesystem boundary (GIT_DISCOVERY_ACROSS_FILESYSTEM not set).
2024-02-11 10:39:18.217 [info] > git rev-parse --show-toplevel [1ms]
2024-02-11 10:39:18.217 [info] fatal: not a git repository (or any parent up to mount point /)
Stopping at filesystem boundary (GIT_DISCOVERY_ACROSS_FILESYSTEM not set).
2024-02-11 10:39:18.225 [info] > git rev-parse --show-toplevel [2ms]
2024-02-11 10:39:18.225 [info] fatal: not a git repository (or any parent up to mount point /)
Stopping at filesystem boundary (GIT_DISCOVERY_ACROSS_FILESYSTEM not set).
2024-02-11 10:39:18.231 [info] > git rev-parse --show-toplevel [1ms]
2024-02-11 10:39:18.231 [info] fatal: not a git repository (or any parent up to mount point /)
Stopping at filesystem boundary (GIT_DISCOVERY_ACROSS_FILESYSTEM not set).
2024-02-11 10:39:18.237 [info] > git rev-parse --show-toplevel [1ms]
2024-02-11 10:39:18.238 [info] fatal: not a git repository (or any parent up to mount point /)
Stopping at filesystem boundary (GIT_DISCOVERY_ACROSS_FILESYSTEM not set).
2024-02-11 10:39:18.245 [info] > git rev-parse --show-toplevel [2ms]
2024-02-11 10:39:18.252 [info] > git rev-parse --git-dir --git-common-dir [1ms]
2024-02-11 10:39:18.257 [info] Open repository: /home/hubert/Dokumenty/dwm
2024-02-11 10:39:18.285 [info] > git show --textconv :README.md [20ms]
2024-02-11 10:39:18.289 [info] > git rev-parse --show-toplevel [5ms]
2024-02-11 10:39:18.289 [info] fatal: not a git repository (or any parent up to mount point /)
Stopping at filesystem boundary (GIT_DISCOVERY_ACROSS_FILESYSTEM not set).
2024-02-11 10:39:18.289 [info] > git config --get commit.template [11ms]
2024-02-11 10:39:18.290 [info] > git ls-files --stage -- /home/hubert/Dokumenty/GitHub/dwm/README.md [18ms]
2024-02-11 10:39:18.308 [info] > git cat-file -s a75b1b51ac33ad6887abd330567329567109dc80 [13ms]
2024-02-11 10:39:18.309 [info] > git rev-parse --show-toplevel [7ms]
2024-02-11 10:39:18.309 [info] fatal: not a git repository (or any parent up to mount point /)
Stopping at filesystem boundary (GIT_DISCOVERY_ACROSS_FILESYSTEM not set).
2024-02-11 10:39:18.317 [info] > git for-each-ref --format=%(refname)%00%(upstream:short)%00%(objectname)%00%(upstream:track)%00%(upstream:remotename)%00%(upstream:remoteref) refs/heads/master refs/remotes/master [9ms]
2024-02-11 10:39:18.319 [info] > git rev-parse --show-toplevel [2ms]
2024-02-11 10:39:18.319 [info] fatal: not a git repository (or any parent up to mount point /)
Stopping at filesystem boundary (GIT_DISCOVERY_ACROSS_FILESYSTEM not set).
2024-02-11 10:39:18.330 [info] > git rev-parse --show-toplevel [6ms]
2024-02-11 10:39:18.330 [info] fatal: not a git repository (or any parent up to mount point /)
Stopping at filesystem boundary (GIT_DISCOVERY_ACROSS_FILESYSTEM not set).
2024-02-11 10:39:18.359 [info] > git status -z -uall [28ms]
2024-02-11 10:39:18.368 [info] > git config --get commit.template [1ms]
2024-02-11 10:39:18.377 [info] > git for-each-ref --format=%(refname)%00%(upstream:short)%00%(objectname)%00%(upstream:track)%00%(upstream:remotename)%00%(upstream:remoteref) refs/heads/master refs/remotes/master [2ms]
2024-02-11 10:39:18.388 [info] > git status -z -uall [6ms]
2024-02-11 10:39:18.799 [info] > git check-ignore -v -z --stdin [6ms]
2024-02-11 10:39:18.800 [info] > git check-ignore -v -z --stdin [2ms]
2024-02-11 10:39:53.368 [info] > git fetch [468ms]
2024-02-11 10:39:53.410 [info] > git config --get commit.template [21ms]
2024-02-11 10:39:53.430 [info] > git for-each-ref --format %(refname) %(objectname) %(*objectname) refs/tags [21ms]
2024-02-11 10:39:53.460 [info] > git status -z -uall [10ms]
2024-02-11 10:39:53.553 [info] > git fetch [663ms]
2024-02-11 10:39:53.608 [info] > git config --get commit.template [34ms]
2024-02-11 10:39:53.634 [info] > git for-each-ref --format=%(refname)%00%(upstream:short)%00%(objectname)%00%(upstream:track)%00%(upstream:remotename)%00%(upstream:remoteref) refs/heads/master refs/remotes/master [6ms]
2024-02-11 10:39:53.660 [info] > git status -z -uall [5ms]
2024-02-11 10:39:53.738 [info] > git fetch [829ms]
2024-02-11 10:39:53.738 [info] From https://github.com/trebuhw/dwm
   4853c73..71af2bd  master     -> origin/master
2024-02-11 10:39:53.754 [info] > git config --get commit.template [8ms]
2024-02-11 10:39:53.755 [info] > git for-each-ref --format=%(refname)%00%(upstream:short)%00%(objectname)%00%(upstream:track)%00%(upstream:remotename)%00%(upstream:remoteref) refs/heads/master refs/remotes/master [2ms]
2024-02-11 10:39:53.772 [info] > git status -z -uall [9ms]
2024-02-11 10:39:54.651 [info] > git config --get commit.template [21ms]
2024-02-11 10:39:54.667 [info] > git for-each-ref --format %(refname) %(objectname) %(*objectname) refs/tags [16ms]
2024-02-11 10:39:54.691 [info] > git status -z -uall [14ms]
2024-02-11 10:39:54.694 [info] > git config --get commit.template [4ms]
2024-02-11 10:39:54.704 [info] > git for-each-ref --format=%(refname)%00%(upstream:short)%00%(objectname)%00%(upstream:track)%00%(upstream:remotename)%00%(upstream:remoteref) refs/heads/master refs/remotes/master [2ms]
2024-02-11 10:39:54.714 [info] > git status -z -uall [3ms]
2024-02-11 10:39:54.960 [info] > git config --get commit.template [26ms]
2024-02-11 10:39:54.962 [info] > git for-each-ref --format=%(refname)%00%(upstream:short)%00%(objectname)%00%(upstream:track)%00%(upstream:remotename)%00%(upstream:remoteref) refs/heads/master refs/remotes/master [6ms]
2024-02-11 10:39:54.986 [info] > git status -z -uall [12ms]
2024-02-11 10:39:55.041 [info] > git ls-files --stage -- /home/hubert/Dokumenty/GitHub/dwm/README.md [5ms]
2024-02-11 10:39:55.063 [info] > git cat-file -s a75b1b51ac33ad6887abd330567329567109dc80 [5ms]
2024-02-11 10:39:55.084 [info] > git show --textconv :README.md [3ms]
