2024-01-20 12:56:14.047 [info] Added views:workbench.panel.markers.view in workbench.panel.markers
2024-01-20 12:56:14.048 [info] Added views:workbench.panel.output in workbench.panel.output
2024-01-20 12:56:14.048 [info] Added views:terminal in terminal
2024-01-20 12:56:14.048 [info] Added views:outline in workbench.view.explorer
2024-01-20 12:56:14.048 [info] Added views:workbench.scm in workbench.view.scm
2024-01-20 12:56:14.048 [info] Added views:workbench.view.search in workbench.view.search
2024-01-20 12:56:14.048 [info] Added views:timeline in workbench.view.explorer
2024-01-20 12:56:14.048 [info] Added views:workbench.explorer.fileView in workbench.view.explorer
2024-01-20 12:56:14.267 [info] Added views:workbench.debug.welcome in workbench.view.debug
2024-01-20 12:56:14.746 [info] Added views:workbench.panel.repl.view in workbench.panel.repl
2024-01-20 12:56:15.169 [info] Added views:~remote.forwardedPorts in ~remote.forwardedPortsContainer
2024-01-20 12:56:22.398 [info] Added views:workbench.views.extensions.installed,workbench.views.extensions.popular,extensions.recommendedList in workbench.view.extensions
2024-01-20 12:56:22.400 [info] Removed views:workbench.views.extensions.popular from workbench.view.extensions
2024-01-20 12:56:28.337 [info] Added views:workbench.panel.markers.view in workbench.panel.markers
2024-01-20 12:56:28.337 [info] Added views:workbench.panel.output in workbench.panel.output
2024-01-20 12:56:28.337 [info] Added views:terminal in terminal
2024-01-20 12:56:28.337 [info] Added views:outline in workbench.view.explorer
2024-01-20 12:56:28.337 [info] Added views:workbench.scm in workbench.view.scm
2024-01-20 12:56:28.337 [info] Added views:workbench.view.search in workbench.view.search
2024-01-20 12:56:28.337 [info] Added views:timeline in workbench.view.explorer
2024-01-20 12:56:28.337 [info] Added views:workbench.explorer.fileView in workbench.view.explorer
2024-01-20 12:56:28.467 [info] Added views:workbench.debug.welcome in workbench.view.debug
2024-01-20 12:56:28.917 [info] Added views:workbench.panel.repl.view in workbench.panel.repl
2024-01-20 12:56:29.035 [info] Added views:~remote.forwardedPorts in ~remote.forwardedPortsContainer
2024-01-20 12:56:29.237 [info] Added views:workbench.views.extensions.installed,extensions.recommendedList in workbench.view.extensions
2024-01-20 12:57:14.748 [info] Removed views:extensions.recommendedList,workbench.views.extensions.installed from workbench.view.extensions
2024-01-20 12:57:14.755 [info] Added views:workbench.views.extensions.marketplace in workbench.view.extensions
