2024-02-10 11:13:51.185 [info] Log level: Info
2024-02-10 11:13:51.185 [info] Validating found git in: "git"
2024-02-10 11:13:51.185 [info] Using git "2.43.0" from "git"
2024-02-10 11:13:51.185 [info] > git rev-parse --show-toplevel [7ms]
2024-02-10 11:13:51.185 [info] fatal: not a git repository (or any parent up to mount point /)
Stopping at filesystem boundary (GIT_DISCOVERY_ACROSS_FILESYSTEM not set).
2024-02-10 11:13:51.185 [info] > git rev-parse --show-toplevel [99ms]
2024-02-10 11:13:51.185 [info] fatal: not a git repository (or any parent up to mount point /)
Stopping at filesystem boundary (GIT_DISCOVERY_ACROSS_FILESYSTEM not set).
2024-02-10 11:13:51.185 [info] > git rev-parse --show-toplevel [4ms]
2024-02-10 11:13:51.193 [info] > git rev-parse --git-dir --git-common-dir [3ms]
2024-02-10 11:13:51.205 [info] Open repository: /home/hubert/Dokumenty/GitHub/dwm
2024-02-10 11:13:51.235 [info] > git rev-parse --show-toplevel [2ms]
2024-02-10 11:13:51.235 [info] fatal: not a git repository (or any parent up to mount point /)
Stopping at filesystem boundary (GIT_DISCOVERY_ACROSS_FILESYSTEM not set).
2024-02-10 11:13:51.236 [info] > git config --get commit.template [8ms]
2024-02-10 11:13:51.251 [info] > git rev-parse --show-toplevel [8ms]
2024-02-10 11:13:51.251 [info] fatal: not a git repository (or any parent up to mount point /)
Stopping at filesystem boundary (GIT_DISCOVERY_ACROSS_FILESYSTEM not set).
2024-02-10 11:13:51.259 [info] > git for-each-ref --format=%(refname)%00%(upstream:short)%00%(objectname)%00%(upstream:track)%00%(upstream:remotename)%00%(upstream:remoteref) refs/heads/master refs/remotes/master [9ms]
2024-02-10 11:13:51.261 [info] > git rev-parse --show-toplevel [2ms]
2024-02-10 11:13:51.261 [info] fatal: not a git repository (or any parent up to mount point /)
Stopping at filesystem boundary (GIT_DISCOVERY_ACROSS_FILESYSTEM not set).
2024-02-10 11:13:51.277 [info] > git rev-parse --show-toplevel [8ms]
2024-02-10 11:13:51.277 [info] fatal: not a git repository (or any parent up to mount point /)
Stopping at filesystem boundary (GIT_DISCOVERY_ACROSS_FILESYSTEM not set).
2024-02-10 11:13:51.284 [info] > git status -z -uall [7ms]
2024-02-10 11:13:51.300 [info] > git rev-parse --show-toplevel [17ms]
2024-02-10 11:13:51.300 [info] fatal: not a git repository (or any parent up to mount point /)
Stopping at filesystem boundary (GIT_DISCOVERY_ACROSS_FILESYSTEM not set).
2024-02-10 11:13:51.302 [info] > git config --get commit.template [3ms]
2024-02-10 11:13:51.316 [info] > git rev-parse --show-toplevel [8ms]
2024-02-10 11:13:51.316 [info] fatal: not a git repository (or any parent up to mount point /)
Stopping at filesystem boundary (GIT_DISCOVERY_ACROSS_FILESYSTEM not set).
2024-02-10 11:13:51.317 [info] > git for-each-ref --format=%(refname)%00%(upstream:short)%00%(objectname)%00%(upstream:track)%00%(upstream:remotename)%00%(upstream:remoteref) refs/heads/master refs/remotes/master [3ms]
2024-02-10 11:13:51.346 [info] > git rev-parse --show-toplevel [23ms]
2024-02-10 11:13:51.346 [info] fatal: not a git repository (or any parent up to mount point /)
Stopping at filesystem boundary (GIT_DISCOVERY_ACROSS_FILESYSTEM not set).
2024-02-10 11:13:51.361 [info] > git status -z -uall [9ms]
2024-02-10 11:13:51.361 [info] > git rev-parse --show-toplevel [3ms]
2024-02-10 11:13:51.361 [info] fatal: not a git repository (or any parent up to mount point /)
Stopping at filesystem boundary (GIT_DISCOVERY_ACROSS_FILESYSTEM not set).
2024-02-10 11:13:51.372 [info] > git rev-parse --show-toplevel [2ms]
2024-02-10 11:13:51.372 [info] fatal: not a git repository (or any parent up to mount point /)
Stopping at filesystem boundary (GIT_DISCOVERY_ACROSS_FILESYSTEM not set).
2024-02-10 11:13:51.381 [info] > git rev-parse --show-toplevel [2ms]
2024-02-10 11:13:51.381 [info] fatal: not a git repository (or any parent up to mount point /)
Stopping at filesystem boundary (GIT_DISCOVERY_ACROSS_FILESYSTEM not set).
2024-02-10 11:13:51.389 [info] > git rev-parse --show-toplevel [2ms]
2024-02-10 11:13:51.389 [info] fatal: not a git repository (or any parent up to mount point /)
Stopping at filesystem boundary (GIT_DISCOVERY_ACROSS_FILESYSTEM not set).
2024-02-10 11:13:51.396 [info] > git rev-parse --show-toplevel [1ms]
2024-02-10 11:13:51.396 [info] fatal: not a git repository (or any parent up to mount point /)
Stopping at filesystem boundary (GIT_DISCOVERY_ACROSS_FILESYSTEM not set).
2024-02-10 11:13:51.421 [info] > git rev-parse --show-toplevel [3ms]
2024-02-10 11:13:51.421 [info] fatal: not a git repository (or any parent up to mount point /)
Stopping at filesystem boundary (GIT_DISCOVERY_ACROSS_FILESYSTEM not set).
2024-02-10 11:13:51.429 [info] > git rev-parse --show-toplevel [2ms]
2024-02-10 11:13:51.429 [info] fatal: not a git repository (or any parent up to mount point /)
Stopping at filesystem boundary (GIT_DISCOVERY_ACROSS_FILESYSTEM not set).
2024-02-10 11:13:51.450 [info] > git rev-parse --show-toplevel [3ms]
2024-02-10 11:13:51.450 [info] fatal: not a git repository (or any parent up to mount point /)
Stopping at filesystem boundary (GIT_DISCOVERY_ACROSS_FILESYSTEM not set).
2024-02-10 11:13:51.583 [info] > git rev-parse --show-toplevel [6ms]
2024-02-10 11:13:51.583 [info] fatal: not a git repository (or any parent up to mount point /)
Stopping at filesystem boundary (GIT_DISCOVERY_ACROSS_FILESYSTEM not set).
2024-02-10 11:13:51.640 [info] > git rev-parse --show-toplevel [14ms]
2024-02-10 11:13:51.640 [info] fatal: not a git repository (or any parent up to mount point /)
Stopping at filesystem boundary (GIT_DISCOVERY_ACROSS_FILESYSTEM not set).
2024-02-10 11:13:51.680 [info] > git rev-parse --show-toplevel [2ms]
2024-02-10 11:13:51.680 [info] fatal: not a git repository (or any parent up to mount point /)
Stopping at filesystem boundary (GIT_DISCOVERY_ACROSS_FILESYSTEM not set).
2024-02-10 11:13:51.687 [info] > git rev-parse --show-toplevel [1ms]
2024-02-10 11:13:51.687 [info] fatal: not a git repository (or any parent up to mount point /)
Stopping at filesystem boundary (GIT_DISCOVERY_ACROSS_FILESYSTEM not set).
2024-02-10 11:13:51.694 [info] > git rev-parse --show-toplevel [1ms]
2024-02-10 11:13:51.694 [info] fatal: not a git repository (or any parent up to mount point /)
Stopping at filesystem boundary (GIT_DISCOVERY_ACROSS_FILESYSTEM not set).
2024-02-10 11:13:51.703 [info] > git rev-parse --show-toplevel [2ms]
2024-02-10 11:13:51.703 [info] fatal: not a git repository (or any parent up to mount point /)
Stopping at filesystem boundary (GIT_DISCOVERY_ACROSS_FILESYSTEM not set).
2024-02-10 11:13:51.709 [info] > git rev-parse --show-toplevel [1ms]
2024-02-10 11:13:51.709 [info] fatal: not a git repository (or any parent up to mount point /)
Stopping at filesystem boundary (GIT_DISCOVERY_ACROSS_FILESYSTEM not set).
2024-02-10 11:13:51.716 [info] > git rev-parse --show-toplevel [1ms]
2024-02-10 11:13:51.716 [info] fatal: not a git repository (or any parent up to mount point /)
Stopping at filesystem boundary (GIT_DISCOVERY_ACROSS_FILESYSTEM not set).
2024-02-10 11:13:51.723 [info] > git rev-parse --show-toplevel [2ms]
2024-02-10 11:13:51.723 [info] fatal: not a git repository (or any parent up to mount point /)
Stopping at filesystem boundary (GIT_DISCOVERY_ACROSS_FILESYSTEM not set).
2024-02-10 11:13:51.729 [info] > git rev-parse --show-toplevel [1ms]
2024-02-10 11:13:51.729 [info] fatal: not a git repository (or any parent up to mount point /)
Stopping at filesystem boundary (GIT_DISCOVERY_ACROSS_FILESYSTEM not set).
2024-02-10 11:13:51.739 [info] > git rev-parse --show-toplevel [1ms]
2024-02-10 11:13:51.739 [info] fatal: not a git repository (or any parent up to mount point /)
Stopping at filesystem boundary (GIT_DISCOVERY_ACROSS_FILESYSTEM not set).
2024-02-10 11:13:51.746 [info] > git rev-parse --show-toplevel [1ms]
2024-02-10 11:13:51.746 [info] fatal: not a git repository (or any parent up to mount point /)
Stopping at filesystem boundary (GIT_DISCOVERY_ACROSS_FILESYSTEM not set).
2024-02-10 11:13:51.753 [info] > git rev-parse --show-toplevel [1ms]
2024-02-10 11:13:51.753 [info] fatal: not a git repository (or any parent up to mount point /)
Stopping at filesystem boundary (GIT_DISCOVERY_ACROSS_FILESYSTEM not set).
2024-02-10 11:13:51.760 [info] > git rev-parse --show-toplevel [1ms]
2024-02-10 11:13:51.760 [info] fatal: not a git repository (or any parent up to mount point /)
Stopping at filesystem boundary (GIT_DISCOVERY_ACROSS_FILESYSTEM not set).
2024-02-10 11:13:51.792 [info] > git check-ignore -v -z --stdin [13ms]
2024-02-10 11:13:51.793 [info] > git rev-parse --show-toplevel [6ms]
2024-02-10 11:13:51.793 [info] fatal: not a git repository (or any parent up to mount point /)
Stopping at filesystem boundary (GIT_DISCOVERY_ACROSS_FILESYSTEM not set).
2024-02-10 11:13:51.800 [info] > git rev-parse --show-toplevel [1ms]
2024-02-10 11:13:51.801 [info] fatal: not a git repository (or any parent up to mount point /)
Stopping at filesystem boundary (GIT_DISCOVERY_ACROSS_FILESYSTEM not set).
2024-02-10 11:13:51.810 [info] > git rev-parse --show-toplevel [1ms]
2024-02-10 11:13:51.810 [info] fatal: not a git repository (or any parent up to mount point /)
Stopping at filesystem boundary (GIT_DISCOVERY_ACROSS_FILESYSTEM not set).
2024-02-10 11:13:51.817 [info] > git rev-parse --show-toplevel [1ms]
2024-02-10 11:13:51.817 [info] fatal: not a git repository (or any parent up to mount point /)
Stopping at filesystem boundary (GIT_DISCOVERY_ACROSS_FILESYSTEM not set).
2024-02-10 11:13:51.825 [info] > git rev-parse --show-toplevel [1ms]
2024-02-10 11:13:51.825 [info] fatal: not a git repository (or any parent up to mount point /)
Stopping at filesystem boundary (GIT_DISCOVERY_ACROSS_FILESYSTEM not set).
2024-02-10 11:13:51.832 [info] > git rev-parse --show-toplevel [1ms]
2024-02-10 11:13:51.832 [info] fatal: not a git repository (or any parent up to mount point /)
Stopping at filesystem boundary (GIT_DISCOVERY_ACROSS_FILESYSTEM not set).
2024-02-10 11:13:51.839 [info] > git rev-parse --show-toplevel [1ms]
2024-02-10 11:13:51.839 [info] fatal: not a git repository (or any parent up to mount point /)
Stopping at filesystem boundary (GIT_DISCOVERY_ACROSS_FILESYSTEM not set).
2024-02-10 11:13:51.846 [info] > git rev-parse --show-toplevel [1ms]
2024-02-10 11:13:51.846 [info] fatal: not a git repository (or any parent up to mount point /)
Stopping at filesystem boundary (GIT_DISCOVERY_ACROSS_FILESYSTEM not set).
2024-02-10 11:13:51.853 [info] > git rev-parse --show-toplevel [1ms]
2024-02-10 11:13:51.853 [info] fatal: not a git repository (or any parent up to mount point /)
Stopping at filesystem boundary (GIT_DISCOVERY_ACROSS_FILESYSTEM not set).
2024-02-10 11:13:51.859 [info] > git fetch [654ms]
2024-02-10 11:13:51.866 [info] > git rev-parse --show-toplevel [7ms]
2024-02-10 11:13:51.866 [info] fatal: not a git repository (or any parent up to mount point /)
Stopping at filesystem boundary (GIT_DISCOVERY_ACROSS_FILESYSTEM not set).
2024-02-10 11:13:51.874 [info] > git config --get commit.template [8ms]
2024-02-10 11:13:51.879 [info] > git rev-parse --show-toplevel [7ms]
2024-02-10 11:13:51.879 [info] fatal: not a git repository (or any parent up to mount point /)
Stopping at filesystem boundary (GIT_DISCOVERY_ACROSS_FILESYSTEM not set).
2024-02-10 11:13:51.885 [info] > git for-each-ref --format=%(refname)%00%(upstream:short)%00%(objectname)%00%(upstream:track)%00%(upstream:remotename)%00%(upstream:remoteref) refs/heads/master refs/remotes/master [6ms]
2024-02-10 11:13:51.886 [info] > git rev-parse --show-toplevel [1ms]
2024-02-10 11:13:51.886 [info] fatal: not a git repository (or any parent up to mount point /)
Stopping at filesystem boundary (GIT_DISCOVERY_ACROSS_FILESYSTEM not set).
2024-02-10 11:13:51.898 [info] > git status -z -uall [6ms]
2024-02-10 11:13:51.900 [info] > git rev-parse --show-toplevel [3ms]
2024-02-10 11:13:51.908 [info] > git rev-parse --git-dir --git-common-dir [1ms]
2024-02-10 11:13:51.913 [info] Open repository: /home/hubert/.config/nvim
2024-02-10 11:13:51.928 [info] > git rev-parse --show-toplevel [2ms]
2024-02-10 11:13:51.928 [info] fatal: not a git repository (or any parent up to mount point /)
Stopping at filesystem boundary (GIT_DISCOVERY_ACROSS_FILESYSTEM not set).
2024-02-10 11:13:51.929 [info] > git config --get commit.template [9ms]
2024-02-10 11:13:51.944 [info] > git rev-parse --show-toplevel [10ms]
2024-02-10 11:13:51.944 [info] fatal: not a git repository (or any parent up to mount point /)
Stopping at filesystem boundary (GIT_DISCOVERY_ACROSS_FILESYSTEM not set).
2024-02-10 11:13:51.953 [info] > git rev-parse --show-toplevel [1ms]
2024-02-10 11:13:51.953 [info] fatal: not a git repository (or any parent up to mount point /)
Stopping at filesystem boundary (GIT_DISCOVERY_ACROSS_FILESYSTEM not set).
2024-02-10 11:13:51.960 [info] > git rev-parse --show-toplevel [1ms]
2024-02-10 11:13:51.960 [info] fatal: not a git repository (or any parent up to mount point /)
Stopping at filesystem boundary (GIT_DISCOVERY_ACROSS_FILESYSTEM not set).
2024-02-10 11:13:51.968 [info] > git for-each-ref --format %(refname) %(objectname) %(*objectname) refs/tags [24ms]
2024-02-10 11:13:51.975 [info] > git rev-parse --show-toplevel [9ms]
2024-02-10 11:13:51.975 [info] fatal: not a git repository (or any parent up to mount point /)
Stopping at filesystem boundary (GIT_DISCOVERY_ACROSS_FILESYSTEM not set).
2024-02-10 11:13:51.982 [info] > git rev-parse --show-toplevel [1ms]
2024-02-10 11:13:51.982 [info] fatal: not a git repository (or any parent up to mount point /)
Stopping at filesystem boundary (GIT_DISCOVERY_ACROSS_FILESYSTEM not set).
2024-02-10 11:13:51.988 [info] > git status -z -uall [14ms]
2024-02-10 11:13:51.997 [info] > git rev-parse --show-toplevel [9ms]
2024-02-10 11:13:51.997 [info] fatal: not a git repository (or any parent up to mount point /)
Stopping at filesystem boundary (GIT_DISCOVERY_ACROSS_FILESYSTEM not set).
2024-02-10 11:13:52.004 [info] > git config --get commit.template [7ms]
2024-02-10 11:13:52.005 [info] > git rev-parse --show-toplevel [1ms]
2024-02-10 11:13:52.005 [info] fatal: not a git repository (or any parent up to mount point /)
Stopping at filesystem boundary (GIT_DISCOVERY_ACROSS_FILESYSTEM not set).
2024-02-10 11:13:52.018 [info] > git for-each-ref --format %(refname) %(objectname) %(*objectname) refs/tags [6ms]
2024-02-10 11:13:52.024 [info] > git rev-parse --show-toplevel [8ms]
2024-02-10 11:13:52.024 [info] fatal: not a git repository (or any parent up to mount point /)
Stopping at filesystem boundary (GIT_DISCOVERY_ACROSS_FILESYSTEM not set).
2024-02-10 11:13:52.030 [info] > git status -z -uall [7ms]
2024-02-10 11:13:52.032 [info] > git rev-parse --show-toplevel [3ms]
2024-02-10 11:13:52.032 [info] fatal: not a git repository (or any parent up to mount point /)
Stopping at filesystem boundary (GIT_DISCOVERY_ACROSS_FILESYSTEM not set).
2024-02-10 11:13:52.038 [info] > git rev-parse --show-toplevel [1ms]
2024-02-10 11:13:52.038 [info] fatal: not a git repository (or any parent up to mount point /)
Stopping at filesystem boundary (GIT_DISCOVERY_ACROSS_FILESYSTEM not set).
2024-02-10 11:13:52.046 [info] > git rev-parse --show-toplevel [1ms]
2024-02-10 11:13:52.046 [info] fatal: not a git repository (or any parent up to mount point /)
Stopping at filesystem boundary (GIT_DISCOVERY_ACROSS_FILESYSTEM not set).
2024-02-10 11:13:52.052 [info] > git rev-parse --show-toplevel [0ms]
2024-02-10 11:13:52.052 [info] fatal: not a git repository (or any parent up to mount point /)
Stopping at filesystem boundary (GIT_DISCOVERY_ACROSS_FILESYSTEM not set).
2024-02-10 11:13:52.058 [info] > git rev-parse --show-toplevel [1ms]
2024-02-10 11:13:52.058 [info] fatal: not a git repository (or any parent up to mount point /)
Stopping at filesystem boundary (GIT_DISCOVERY_ACROSS_FILESYSTEM not set).
2024-02-10 11:13:52.065 [info] > git rev-parse --show-toplevel [1ms]
2024-02-10 11:13:52.065 [info] fatal: not a git repository (or any parent up to mount point /)
Stopping at filesystem boundary (GIT_DISCOVERY_ACROSS_FILESYSTEM not set).
2024-02-10 11:13:52.072 [info] > git rev-parse --show-toplevel [1ms]
2024-02-10 11:13:52.072 [info] fatal: not a git repository (or any parent up to mount point /)
Stopping at filesystem boundary (GIT_DISCOVERY_ACROSS_FILESYSTEM not set).
2024-02-10 11:13:52.079 [info] > git rev-parse --show-toplevel [1ms]
2024-02-10 11:13:52.079 [info] fatal: not a git repository (or any parent up to mount point /)
Stopping at filesystem boundary (GIT_DISCOVERY_ACROSS_FILESYSTEM not set).
2024-02-10 11:13:52.085 [info] > git rev-parse --show-toplevel [1ms]
2024-02-10 11:13:52.085 [info] fatal: not a git repository (or any parent up to mount point /)
Stopping at filesystem boundary (GIT_DISCOVERY_ACROSS_FILESYSTEM not set).
2024-02-10 11:13:52.092 [info] > git rev-parse --show-toplevel [1ms]
2024-02-10 11:13:52.092 [info] fatal: not a git repository (or any parent up to mount point /)
Stopping at filesystem boundary (GIT_DISCOVERY_ACROSS_FILESYSTEM not set).
2024-02-10 11:13:52.098 [info] > git rev-parse --show-toplevel [1ms]
2024-02-10 11:13:52.098 [info] fatal: not a git repository (or any parent up to mount point /)
Stopping at filesystem boundary (GIT_DISCOVERY_ACROSS_FILESYSTEM not set).
2024-02-10 11:13:52.105 [info] > git rev-parse --show-toplevel [1ms]
2024-02-10 11:13:52.105 [info] fatal: not a git repository (or any parent up to mount point /)
Stopping at filesystem boundary (GIT_DISCOVERY_ACROSS_FILESYSTEM not set).
2024-02-10 11:13:52.111 [info] > git rev-parse --show-toplevel [1ms]
2024-02-10 11:13:52.111 [info] fatal: not a git repository (or any parent up to mount point /)
Stopping at filesystem boundary (GIT_DISCOVERY_ACROSS_FILESYSTEM not set).
2024-02-10 11:13:52.117 [info] > git rev-parse --show-toplevel [1ms]
2024-02-10 11:13:52.117 [info] fatal: not a git repository (or any parent up to mount point /)
Stopping at filesystem boundary (GIT_DISCOVERY_ACROSS_FILESYSTEM not set).
2024-02-10 11:13:52.123 [info] > git rev-parse --show-toplevel [1ms]
2024-02-10 11:13:52.123 [info] fatal: not a git repository (or any parent up to mount point /)
Stopping at filesystem boundary (GIT_DISCOVERY_ACROSS_FILESYSTEM not set).
2024-02-10 11:13:52.130 [info] > git rev-parse --show-toplevel [1ms]
2024-02-10 11:13:52.130 [info] fatal: not a git repository (or any parent up to mount point /)
Stopping at filesystem boundary (GIT_DISCOVERY_ACROSS_FILESYSTEM not set).
2024-02-10 11:13:52.137 [info] > git rev-parse --show-toplevel [2ms]
2024-02-10 11:13:52.143 [info] > git rev-parse --git-dir --git-common-dir [1ms]
2024-02-10 11:13:52.146 [info] Open repository: /home/hubert/Dokumenty/dwm
2024-02-10 11:13:52.169 [info] > git show --textconv :README.md [17ms]
2024-02-10 11:13:52.172 [info] > git rev-parse --show-toplevel [3ms]
2024-02-10 11:13:52.172 [info] fatal: not a git repository (or any parent up to mount point /)
Stopping at filesystem boundary (GIT_DISCOVERY_ACROSS_FILESYSTEM not set).
2024-02-10 11:13:52.172 [info] > git config --get commit.template [9ms]
2024-02-10 11:13:52.172 [info] > git ls-files --stage -- /home/hubert/Dokumenty/GitHub/dwm/README.md [14ms]
2024-02-10 11:13:52.184 [info] > git cat-file -s 55dfa1fef5e2f02882000519f0b2b6586684768c [7ms]
2024-02-10 11:13:52.191 [info] > git rev-parse --show-toplevel [7ms]
2024-02-10 11:13:52.191 [info] fatal: not a git repository (or any parent up to mount point /)
Stopping at filesystem boundary (GIT_DISCOVERY_ACROSS_FILESYSTEM not set).
2024-02-10 11:13:52.198 [info] > git rev-parse --show-toplevel [2ms]
2024-02-10 11:13:52.198 [info] fatal: not a git repository (or any parent up to mount point /)
Stopping at filesystem boundary (GIT_DISCOVERY_ACROSS_FILESYSTEM not set).
2024-02-10 11:13:52.198 [info] > git for-each-ref --format=%(refname)%00%(upstream:short)%00%(objectname)%00%(upstream:track)%00%(upstream:remotename)%00%(upstream:remoteref) refs/heads/master refs/remotes/master [8ms]
2024-02-10 11:13:52.210 [info] > git rev-parse --show-toplevel [7ms]
2024-02-10 11:13:52.210 [info] fatal: not a git repository (or any parent up to mount point /)
Stopping at filesystem boundary (GIT_DISCOVERY_ACROSS_FILESYSTEM not set).
2024-02-10 11:13:52.217 [info] > git rev-parse --show-toplevel [1ms]
2024-02-10 11:13:52.217 [info] fatal: not a git repository (or any parent up to mount point /)
Stopping at filesystem boundary (GIT_DISCOVERY_ACROSS_FILESYSTEM not set).
2024-02-10 11:13:52.223 [info] > git rev-parse --show-toplevel [1ms]
2024-02-10 11:13:52.223 [info] fatal: not a git repository (or any parent up to mount point /)
Stopping at filesystem boundary (GIT_DISCOVERY_ACROSS_FILESYSTEM not set).
2024-02-10 11:13:52.241 [info] > git status -z -uall [32ms]
2024-02-10 11:13:52.256 [info] > git config --get commit.template [7ms]
2024-02-10 11:13:52.257 [info] > git for-each-ref --format=%(refname)%00%(upstream:short)%00%(objectname)%00%(upstream:track)%00%(upstream:remotename)%00%(upstream:remoteref) refs/heads/master refs/remotes/master [2ms]
2024-02-10 11:13:52.269 [info] > git status -z -uall [6ms]
2024-02-10 11:13:52.689 [info] > git check-ignore -v -z --stdin [6ms]
2024-02-10 11:13:52.689 [info] > git check-ignore -v -z --stdin [1ms]
2024-02-10 11:13:54.937 [info] > git fetch [416ms]
2024-02-10 11:13:54.947 [info] > git config --get commit.template [5ms]
2024-02-10 11:13:54.952 [info] > git for-each-ref --format %(refname) %(objectname) %(*objectname) refs/tags [4ms]
2024-02-10 11:13:54.959 [info] > git status -z -uall [2ms]
2024-02-10 11:13:55.317 [info] > git fetch [788ms]
2024-02-10 11:13:55.317 [info] From https://github.com/trebuhw/dwm
   276ddf0..43a5fdc  master     -> origin/master
2024-02-10 11:13:55.328 [info] > git config --get commit.template [5ms]
2024-02-10 11:13:55.329 [info] > git for-each-ref --format=%(refname)%00%(upstream:short)%00%(objectname)%00%(upstream:track)%00%(upstream:remotename)%00%(upstream:remoteref) refs/heads/master refs/remotes/master [1ms]
2024-02-10 11:13:55.340 [info] > git status -z -uall [6ms]
2024-02-10 11:14:02.908 [info] > git config --get commit.template [6ms]
2024-02-10 11:14:02.912 [info] > git for-each-ref --format %(refname) %(objectname) %(*objectname) refs/tags [4ms]
2024-02-10 11:14:02.921 [info] > git status -z -uall [3ms]
2024-02-10 11:14:24.065 [info] > git config --get commit.template [22ms]
2024-02-10 11:14:24.067 [info] > git for-each-ref --format=%(refname)%00%(upstream:short)%00%(objectname)%00%(upstream:track)%00%(upstream:remotename)%00%(upstream:remoteref) refs/heads/master refs/remotes/master [6ms]
2024-02-10 11:14:24.087 [info] > git status -z -uall [5ms]
2024-02-10 11:14:29.138 [info] > git config --get commit.template [20ms]
2024-02-10 11:14:29.141 [info] > git for-each-ref --format=%(refname)%00%(upstream:short)%00%(objectname)%00%(upstream:track)%00%(upstream:remotename)%00%(upstream:remoteref) refs/heads/master refs/remotes/master [5ms]
2024-02-10 11:14:29.166 [info] > git status -z -uall [7ms]
2024-02-10 11:14:38.313 [info] > git config --get commit.template [5ms]
2024-02-10 11:14:38.313 [info] > git for-each-ref --format=%(refname)%00%(upstream:short)%00%(objectname)%00%(upstream:track)%00%(upstream:remotename)%00%(upstream:remoteref) refs/heads/master refs/remotes/master [1ms]
2024-02-10 11:14:38.320 [info] > git status -z -uall [2ms]
2024-02-10 11:14:43.353 [info] > git config --get commit.template [16ms]
2024-02-10 11:14:43.355 [info] > git for-each-ref --format=%(refname)%00%(upstream:short)%00%(objectname)%00%(upstream:track)%00%(upstream:remotename)%00%(upstream:remoteref) refs/heads/master refs/remotes/master [4ms]
2024-02-10 11:14:43.374 [info] > git status -z -uall [5ms]
2024-02-10 11:14:48.418 [info] > git config --get commit.template [20ms]
2024-02-10 11:14:48.421 [info] > git for-each-ref --format=%(refname)%00%(upstream:short)%00%(objectname)%00%(upstream:track)%00%(upstream:remotename)%00%(upstream:remoteref) refs/heads/master refs/remotes/master [5ms]
2024-02-10 11:14:48.447 [info] > git status -z -uall [7ms]
2024-02-10 11:14:53.463 [info] > git config --get commit.template [5ms]
2024-02-10 11:14:53.463 [info] > git for-each-ref --format=%(refname)%00%(upstream:short)%00%(objectname)%00%(upstream:track)%00%(upstream:remotename)%00%(upstream:remoteref) refs/heads/master refs/remotes/master [1ms]
2024-02-10 11:14:53.471 [info] > git status -z -uall [2ms]
2024-02-10 11:14:58.513 [info] > git config --get commit.template [19ms]
2024-02-10 11:14:58.516 [info] > git for-each-ref --format=%(refname)%00%(upstream:short)%00%(objectname)%00%(upstream:track)%00%(upstream:remotename)%00%(upstream:remoteref) refs/heads/master refs/remotes/master [6ms]
2024-02-10 11:14:58.541 [info] > git status -z -uall [7ms]
2024-02-10 11:15:03.564 [info] > git config --get commit.template [6ms]
2024-02-10 11:15:03.565 [info] > git for-each-ref --format=%(refname)%00%(upstream:short)%00%(objectname)%00%(upstream:track)%00%(upstream:remotename)%00%(upstream:remoteref) refs/heads/master refs/remotes/master [2ms]
2024-02-10 11:15:03.572 [info] > git status -z -uall [2ms]
2024-02-10 11:15:08.613 [info] > git config --get commit.template [20ms]
2024-02-10 11:15:08.617 [info] > git for-each-ref --format=%(refname)%00%(upstream:short)%00%(objectname)%00%(upstream:track)%00%(upstream:remotename)%00%(upstream:remoteref) refs/heads/master refs/remotes/master [5ms]
2024-02-10 11:15:08.643 [info] > git status -z -uall [7ms]
2024-02-10 11:15:13.690 [info] > git config --get commit.template [21ms]
2024-02-10 11:15:13.693 [info] > git for-each-ref --format=%(refname)%00%(upstream:short)%00%(objectname)%00%(upstream:track)%00%(upstream:remotename)%00%(upstream:remoteref) refs/heads/master refs/remotes/master [5ms]
2024-02-10 11:15:13.719 [info] > git status -z -uall [6ms]
2024-02-10 11:15:18.746 [info] > git config --get commit.template [5ms]
2024-02-10 11:15:18.747 [info] > git for-each-ref --format=%(refname)%00%(upstream:short)%00%(objectname)%00%(upstream:track)%00%(upstream:remotename)%00%(upstream:remoteref) refs/heads/master refs/remotes/master [1ms]
2024-02-10 11:15:18.754 [info] > git status -z -uall [2ms]
2024-02-10 11:15:23.797 [info] > git config --get commit.template [20ms]
2024-02-10 11:15:23.799 [info] > git for-each-ref --format=%(refname)%00%(upstream:short)%00%(objectname)%00%(upstream:track)%00%(upstream:remotename)%00%(upstream:remoteref) refs/heads/master refs/remotes/master [5ms]
2024-02-10 11:15:23.825 [info] > git status -z -uall [8ms]
2024-02-10 11:15:28.854 [info] > git config --get commit.template [5ms]
2024-02-10 11:15:28.855 [info] > git for-each-ref --format=%(refname)%00%(upstream:short)%00%(objectname)%00%(upstream:track)%00%(upstream:remotename)%00%(upstream:remoteref) refs/heads/master refs/remotes/master [1ms]
2024-02-10 11:15:28.862 [info] > git status -z -uall [2ms]
2024-02-10 11:15:33.907 [info] > git config --get commit.template [21ms]
2024-02-10 11:15:33.913 [info] > git for-each-ref --format=%(refname)%00%(upstream:short)%00%(objectname)%00%(upstream:track)%00%(upstream:remotename)%00%(upstream:remoteref) refs/heads/master refs/remotes/master [8ms]
2024-02-10 11:15:33.935 [info] > git status -z -uall [5ms]
2024-02-10 11:15:38.986 [info] > git config --get commit.template [23ms]
2024-02-10 11:15:38.990 [info] > git for-each-ref --format=%(refname)%00%(upstream:short)%00%(objectname)%00%(upstream:track)%00%(upstream:remotename)%00%(upstream:remoteref) refs/heads/master refs/remotes/master [5ms]
2024-02-10 11:15:39.008 [info] > git status -z -uall [5ms]
2024-02-10 11:15:44.352 [info] > git config --get commit.template [6ms]
2024-02-10 11:15:44.353 [info] > git for-each-ref --format=%(refname)%00%(upstream:short)%00%(objectname)%00%(upstream:track)%00%(upstream:remotename)%00%(upstream:remoteref) refs/heads/master refs/remotes/master [1ms]
2024-02-10 11:15:44.361 [info] > git status -z -uall [2ms]
2024-02-10 11:15:49.397 [info] > git config --get commit.template [15ms]
2024-02-10 11:15:49.399 [info] > git for-each-ref --format=%(refname)%00%(upstream:short)%00%(objectname)%00%(upstream:track)%00%(upstream:remotename)%00%(upstream:remoteref) refs/heads/master refs/remotes/master [2ms]
2024-02-10 11:15:49.409 [info] > git status -z -uall [2ms]
2024-02-10 11:15:55.533 [info] > git config --get commit.template [21ms]
2024-02-10 11:15:55.537 [info] > git for-each-ref --format=%(refname)%00%(upstream:short)%00%(objectname)%00%(upstream:track)%00%(upstream:remotename)%00%(upstream:remoteref) refs/heads/master refs/remotes/master [7ms]
2024-02-10 11:15:55.566 [info] > git status -z -uall [10ms]
2024-02-10 11:16:00.616 [info] > git config --get commit.template [21ms]
2024-02-10 11:16:00.618 [info] > git for-each-ref --format=%(refname)%00%(upstream:short)%00%(objectname)%00%(upstream:track)%00%(upstream:remotename)%00%(upstream:remoteref) refs/heads/master refs/remotes/master [5ms]
2024-02-10 11:16:00.644 [info] > git status -z -uall [7ms]
2024-02-10 11:16:10.912 [info] > git config --get commit.template [6ms]
2024-02-10 11:16:10.913 [info] > git for-each-ref --format=%(refname)%00%(upstream:short)%00%(objectname)%00%(upstream:track)%00%(upstream:remotename)%00%(upstream:remoteref) refs/heads/master refs/remotes/master [2ms]
2024-02-10 11:16:10.920 [info] > git status -z -uall [2ms]
2024-02-10 11:16:15.946 [info] > git config --get commit.template [5ms]
2024-02-10 11:16:15.947 [info] > git for-each-ref --format=%(refname)%00%(upstream:short)%00%(objectname)%00%(upstream:track)%00%(upstream:remotename)%00%(upstream:remoteref) refs/heads/master refs/remotes/master [1ms]
2024-02-10 11:16:15.954 [info] > git status -z -uall [1ms]
2024-02-10 11:16:21.002 [info] > git config --get commit.template [23ms]
2024-02-10 11:16:21.005 [info] > git for-each-ref --format=%(refname)%00%(upstream:short)%00%(objectname)%00%(upstream:track)%00%(upstream:remotename)%00%(upstream:remoteref) refs/heads/master refs/remotes/master [4ms]
2024-02-10 11:16:21.024 [info] > git status -z -uall [6ms]
2024-02-10 11:16:26.075 [info] > git config --get commit.template [21ms]
2024-02-10 11:16:26.078 [info] > git for-each-ref --format=%(refname)%00%(upstream:short)%00%(objectname)%00%(upstream:track)%00%(upstream:remotename)%00%(upstream:remoteref) refs/heads/master refs/remotes/master [5ms]
2024-02-10 11:16:26.104 [info] > git status -z -uall [8ms]
2024-02-10 11:16:32.015 [info] > git config --get commit.template [21ms]
2024-02-10 11:16:32.018 [info] > git for-each-ref --format=%(refname)%00%(upstream:short)%00%(objectname)%00%(upstream:track)%00%(upstream:remotename)%00%(upstream:remoteref) refs/heads/master refs/remotes/master [5ms]
2024-02-10 11:16:32.044 [info] > git status -z -uall [8ms]
2024-02-10 11:16:37.087 [info] > git config --get commit.template [21ms]
2024-02-10 11:16:37.090 [info] > git for-each-ref --format=%(refname)%00%(upstream:short)%00%(objectname)%00%(upstream:track)%00%(upstream:remotename)%00%(upstream:remoteref) refs/heads/master refs/remotes/master [5ms]
2024-02-10 11:16:37.115 [info] > git status -z -uall [7ms]
2024-02-10 11:16:42.163 [info] > git config --get commit.template [21ms]
2024-02-10 11:16:42.166 [info] > git for-each-ref --format=%(refname)%00%(upstream:short)%00%(objectname)%00%(upstream:track)%00%(upstream:remotename)%00%(upstream:remoteref) refs/heads/master refs/remotes/master [5ms]
2024-02-10 11:16:42.191 [info] > git status -z -uall [7ms]
2024-02-10 11:16:47.205 [info] > git config --get commit.template [2ms]
2024-02-10 11:16:47.216 [info] > git for-each-ref --format=%(refname)%00%(upstream:short)%00%(objectname)%00%(upstream:track)%00%(upstream:remotename)%00%(upstream:remoteref) refs/heads/master refs/remotes/master [2ms]
2024-02-10 11:16:47.224 [info] > git status -z -uall [2ms]
2024-02-10 11:16:52.620 [info] > git fetch [700ms]
2024-02-10 11:16:52.664 [info] > git config --get commit.template [23ms]
2024-02-10 11:16:52.666 [info] > git for-each-ref --format=%(refname)%00%(upstream:short)%00%(objectname)%00%(upstream:track)%00%(upstream:remotename)%00%(upstream:remoteref) refs/heads/master refs/remotes/master [5ms]
2024-02-10 11:16:52.685 [info] > git status -z -uall [6ms]
2024-02-10 11:16:52.706 [info] > git config --get commit.template [8ms]
2024-02-10 11:16:52.707 [info] > git for-each-ref --format=%(refname)%00%(upstream:short)%00%(objectname)%00%(upstream:track)%00%(upstream:remotename)%00%(upstream:remoteref) refs/heads/master refs/remotes/master [2ms]
2024-02-10 11:16:52.717 [info] > git status -z -uall [3ms]
2024-02-10 11:16:53.810 [info] > git ls-files --stage -- /home/hubert/Dokumenty/GitHub/dwm/README.md [4ms]
2024-02-10 11:16:53.832 [info] > git cat-file -s 55dfa1fef5e2f02882000519f0b2b6586684768c [5ms]
2024-02-10 11:16:53.851 [info] > git show --textconv :README.md [3ms]
2024-02-10 11:16:55.462 [info] > git fetch [480ms]
2024-02-10 11:16:55.480 [info] > git config --get commit.template [9ms]
2024-02-10 11:16:55.488 [info] > git for-each-ref --format %(refname) %(objectname) %(*objectname) refs/tags [8ms]
2024-02-10 11:16:55.500 [info] > git status -z -uall [4ms]
2024-02-10 11:16:55.968 [info] > git fetch [606ms]
2024-02-10 11:16:55.997 [info] > git config --get commit.template [8ms]
2024-02-10 11:16:55.999 [info] > git for-each-ref --format=%(refname)%00%(upstream:short)%00%(objectname)%00%(upstream:track)%00%(upstream:remotename)%00%(upstream:remoteref) refs/heads/master refs/remotes/master [2ms]
2024-02-10 11:16:56.010 [info] > git status -z -uall [5ms]
2024-02-10 11:16:56.653 [info] > git config --get commit.template [10ms]
2024-02-10 11:16:56.657 [info] > git for-each-ref --format %(refname) %(objectname) %(*objectname) refs/tags [5ms]
2024-02-10 11:16:56.664 [info] > git status -z -uall [2ms]
2024-02-10 11:16:57.184 [info] > git config --get commit.template [21ms]
2024-02-10 11:16:57.186 [info] > git for-each-ref --format=%(refname)%00%(upstream:short)%00%(objectname)%00%(upstream:track)%00%(upstream:remotename)%00%(upstream:remoteref) refs/heads/master refs/remotes/master [3ms]
2024-02-10 11:16:57.203 [info] > git status -z -uall [8ms]
2024-02-10 11:16:57.763 [info] > git config --get commit.template [21ms]
2024-02-10 11:16:57.768 [info] > git for-each-ref --format=%(refname)%00%(upstream:short)%00%(objectname)%00%(upstream:track)%00%(upstream:remotename)%00%(upstream:remoteref) refs/heads/master refs/remotes/master [7ms]
2024-02-10 11:16:57.783 [info] > git status -z -uall [3ms]
2024-02-10 11:17:02.830 [info] > git config --get commit.template [21ms]
2024-02-10 11:17:02.833 [info] > git for-each-ref --format=%(refname)%00%(upstream:short)%00%(objectname)%00%(upstream:track)%00%(upstream:remotename)%00%(upstream:remoteref) refs/heads/master refs/remotes/master [5ms]
2024-02-10 11:17:02.855 [info] > git status -z -uall [5ms]
2024-02-10 11:17:07.902 [info] > git config --get commit.template [22ms]
2024-02-10 11:17:07.905 [info] > git for-each-ref --format=%(refname)%00%(upstream:short)%00%(objectname)%00%(upstream:track)%00%(upstream:remotename)%00%(upstream:remoteref) refs/heads/master refs/remotes/master [5ms]
2024-02-10 11:17:07.927 [info] > git status -z -uall [5ms]
2024-02-10 11:17:12.975 [info] > git config --get commit.template [23ms]
2024-02-10 11:17:12.977 [info] > git for-each-ref --format=%(refname)%00%(upstream:short)%00%(objectname)%00%(upstream:track)%00%(upstream:remotename)%00%(upstream:remoteref) refs/heads/master refs/remotes/master [5ms]
2024-02-10 11:17:13.003 [info] > git status -z -uall [7ms]
2024-02-10 11:17:18.054 [info] > git config --get commit.template [22ms]
2024-02-10 11:17:18.057 [info] > git for-each-ref --format=%(refname)%00%(upstream:short)%00%(objectname)%00%(upstream:track)%00%(upstream:remotename)%00%(upstream:remoteref) refs/heads/master refs/remotes/master [5ms]
2024-02-10 11:17:18.084 [info] > git status -z -uall [8ms]
2024-02-10 11:17:23.691 [info] > git config --get commit.template [24ms]
2024-02-10 11:17:23.693 [info] > git for-each-ref --format=%(refname)%00%(upstream:short)%00%(objectname)%00%(upstream:track)%00%(upstream:remotename)%00%(upstream:remoteref) refs/heads/master refs/remotes/master [5ms]
2024-02-10 11:17:23.718 [info] > git status -z -uall [5ms]
2024-02-10 11:17:31.583 [info] > git config --get commit.template [23ms]
2024-02-10 11:17:31.587 [info] > git for-each-ref --format=%(refname)%00%(upstream:short)%00%(objectname)%00%(upstream:track)%00%(upstream:remotename)%00%(upstream:remoteref) refs/heads/master refs/remotes/master [7ms]
2024-02-10 11:17:31.609 [info] > git status -z -uall [6ms]
2024-02-10 11:17:48.592 [info] > git for-each-ref --format=%(refname)%00%(upstream:short)%00%(objectname)%00%(upstream:track)%00%(upstream:remotename)%00%(upstream:remoteref) refs/heads/master refs/remotes/master [8ms]
2024-02-10 11:17:48.593 [info] > git config --get commit.template [27ms]
2024-02-10 11:17:48.616 [info] > git status -z -uall [5ms]
2024-02-10 11:17:53.660 [info] > git config --get commit.template [21ms]
2024-02-10 11:17:53.663 [info] > git for-each-ref --format=%(refname)%00%(upstream:short)%00%(objectname)%00%(upstream:track)%00%(upstream:remotename)%00%(upstream:remoteref) refs/heads/master refs/remotes/master [5ms]
2024-02-10 11:17:53.690 [info] > git status -z -uall [7ms]
2024-02-10 11:17:58.715 [info] > git config --get commit.template [6ms]
2024-02-10 11:17:58.716 [info] > git for-each-ref --format=%(refname)%00%(upstream:short)%00%(objectname)%00%(upstream:track)%00%(upstream:remotename)%00%(upstream:remoteref) refs/heads/master refs/remotes/master [2ms]
2024-02-10 11:17:58.723 [info] > git status -z -uall [2ms]
2024-02-10 11:18:03.766 [info] > git config --get commit.template [20ms]
2024-02-10 11:18:03.769 [info] > git for-each-ref --format=%(refname)%00%(upstream:short)%00%(objectname)%00%(upstream:track)%00%(upstream:remotename)%00%(upstream:remoteref) refs/heads/master refs/remotes/master [6ms]
2024-02-10 11:18:03.796 [info] > git status -z -uall [7ms]
2024-02-10 11:18:08.824 [info] > git config --get commit.template [6ms]
2024-02-10 11:18:08.825 [info] > git for-each-ref --format=%(refname)%00%(upstream:short)%00%(objectname)%00%(upstream:track)%00%(upstream:remotename)%00%(upstream:remoteref) refs/heads/master refs/remotes/master [1ms]
2024-02-10 11:18:08.832 [info] > git status -z -uall [2ms]
2024-02-10 11:18:13.861 [info] > git config --get commit.template [5ms]
2024-02-10 11:18:13.885 [info] > git for-each-ref --format=%(refname)%00%(upstream:short)%00%(objectname)%00%(upstream:track)%00%(upstream:remotename)%00%(upstream:remoteref) refs/heads/master refs/remotes/master [5ms]
2024-02-10 11:18:13.911 [info] > git status -z -uall [6ms]
2024-02-10 11:18:18.960 [info] > git config --get commit.template [21ms]
2024-02-10 11:18:18.964 [info] > git for-each-ref --format=%(refname)%00%(upstream:short)%00%(objectname)%00%(upstream:track)%00%(upstream:remotename)%00%(upstream:remoteref) refs/heads/master refs/remotes/master [5ms]
2024-02-10 11:18:18.991 [info] > git status -z -uall [7ms]
2024-02-10 11:18:41.820 [info] > git check-ignore -v -z --stdin [1ms]
2024-02-10 11:18:50.724 [info] > git check-ignore -v -z --stdin [1ms]
2024-02-10 11:19:08.239 [info] > git check-ignore -v -z --stdin [2ms]
2024-02-10 11:19:19.462 [info] > git check-ignore -v -z --stdin [1ms]
2024-02-10 11:19:22.720 [info] > git show --textconv :dwm/usr/share/xssesions/dwm.desktop [8ms]
2024-02-10 11:19:22.724 [info] > git ls-files --stage -- /home/hubert/Dokumenty/GitHub/dwm/dwm/usr/share/xssesions/dwm.desktop [5ms]
2024-02-10 11:19:22.733 [info] > git cat-file -s b0c33541ba30a33f2a98ef27e7c732f6513a839c [0ms]
2024-02-10 11:19:22.975 [info] > git check-ignore -v -z --stdin [3ms]
2024-02-10 11:19:27.302 [info] > git check-ignore -v -z --stdin [1ms]
2024-02-10 11:19:29.197 [info] > git check-ignore -v -z --stdin [1ms]
2024-02-10 11:19:32.609 [info] > git check-ignore -v -z --stdin [1ms]
2024-02-10 11:19:36.459 [info] > git check-ignore -v -z --stdin [1ms]
2024-02-10 11:19:53.317 [info] > git fetch [612ms]
2024-02-10 11:19:53.333 [info] > git config --get commit.template [8ms]
2024-02-10 11:19:53.334 [info] > git for-each-ref --format=%(refname)%00%(upstream:short)%00%(objectname)%00%(upstream:track)%00%(upstream:remotename)%00%(upstream:remoteref) refs/heads/master refs/remotes/master [2ms]
2024-02-10 11:19:53.342 [info] > git status -z -uall [2ms]
2024-02-10 11:19:54.432 [info] > git config --get commit.template [21ms]
2024-02-10 11:19:54.435 [info] > git for-each-ref --format=%(refname)%00%(upstream:short)%00%(objectname)%00%(upstream:track)%00%(upstream:remotename)%00%(upstream:remoteref) refs/heads/master refs/remotes/master [4ms]
2024-02-10 11:19:54.453 [info] > git status -z -uall [5ms]
2024-02-10 11:19:54.546 [info] > git ls-files --stage -- /home/hubert/Dokumenty/GitHub/dwm/dwm/usr/share/xssesions/dwm.desktop [1ms]
2024-02-10 11:19:54.553 [info] > git cat-file -s b0c33541ba30a33f2a98ef27e7c732f6513a839c [1ms]
2024-02-10 11:19:54.559 [info] > git show --textconv :dwm/usr/share/xssesions/dwm.desktop [1ms]
2024-02-10 11:19:55.983 [info] > git fetch [461ms]
2024-02-10 11:19:56.036 [info] > git for-each-ref --format %(refname) %(objectname) %(*objectname) refs/tags [15ms]
2024-02-10 11:19:56.036 [info] > git config --get commit.template [35ms]
2024-02-10 11:19:56.047 [info] > git status -z -uall [3ms]
2024-02-10 11:19:56.675 [info] > git fetch [641ms]
2024-02-10 11:19:56.682 [info] > git config --get commit.template [2ms]
2024-02-10 11:19:56.690 [info] > git for-each-ref --format=%(refname)%00%(upstream:short)%00%(objectname)%00%(upstream:track)%00%(upstream:remotename)%00%(upstream:remoteref) refs/heads/master refs/remotes/master [1ms]
2024-02-10 11:19:56.702 [info] > git status -z -uall [7ms]
2024-02-10 11:19:57.125 [info] > git config --get commit.template [5ms]
2024-02-10 11:19:57.130 [info] > git for-each-ref --format %(refname) %(objectname) %(*objectname) refs/tags [4ms]
2024-02-10 11:19:57.138 [info] > git status -z -uall [3ms]
2024-02-10 11:19:57.766 [info] > git config --get commit.template [6ms]
2024-02-10 11:19:57.767 [info] > git for-each-ref --format=%(refname)%00%(upstream:short)%00%(objectname)%00%(upstream:track)%00%(upstream:remotename)%00%(upstream:remoteref) refs/heads/master refs/remotes/master [1ms]
2024-02-10 11:19:57.778 [info] > git status -z -uall [6ms]
2024-02-10 11:20:40.461 [info] > git show --textconv :README.md [6ms]
2024-02-10 11:20:40.462 [info] > git ls-files --stage -- /home/hubert/Dokumenty/GitHub/dwm/README.md [1ms]
2024-02-10 11:20:40.468 [info] > git cat-file -s 55dfa1fef5e2f02882000519f0b2b6586684768c [2ms]
2024-02-10 11:20:53.785 [info] > git for-each-ref --format=%(refname)%00%(upstream:short)%00%(objectname)%00%(upstream:track)%00%(upstream:remotename)%00%(upstream:remoteref) refs/heads/master refs/remotes/master [12ms]
2024-02-10 11:20:53.786 [info] > git config --get commit.template [33ms]
2024-02-10 11:20:53.805 [info] > git status -z -uall [4ms]
2024-02-10 11:20:58.851 [info] > git config --get commit.template [22ms]
2024-02-10 11:20:58.854 [info] > git for-each-ref --format=%(refname)%00%(upstream:short)%00%(objectname)%00%(upstream:track)%00%(upstream:remotename)%00%(upstream:remoteref) refs/heads/master refs/remotes/master [5ms]
2024-02-10 11:20:58.877 [info] > git status -z -uall [5ms]
2024-02-10 11:21:03.924 [info] > git config --get commit.template [20ms]
2024-02-10 11:21:03.928 [info] > git for-each-ref --format=%(refname)%00%(upstream:short)%00%(objectname)%00%(upstream:track)%00%(upstream:remotename)%00%(upstream:remoteref) refs/heads/master refs/remotes/master [5ms]
2024-02-10 11:21:03.949 [info] > git status -z -uall [5ms]
2024-02-10 11:21:08.997 [info] > git config --get commit.template [21ms]
2024-02-10 11:21:09.000 [info] > git for-each-ref --format=%(refname)%00%(upstream:short)%00%(objectname)%00%(upstream:track)%00%(upstream:remotename)%00%(upstream:remoteref) refs/heads/master refs/remotes/master [4ms]
2024-02-10 11:21:09.027 [info] > git status -z -uall [8ms]
2024-02-10 11:21:28.694 [info] > git config --get commit.template [6ms]
2024-02-10 11:21:28.695 [info] > git for-each-ref --format=%(refname)%00%(upstream:short)%00%(objectname)%00%(upstream:track)%00%(upstream:remotename)%00%(upstream:remoteref) refs/heads/master refs/remotes/master [2ms]
2024-02-10 11:21:28.703 [info] > git status -z -uall [3ms]
2024-02-10 11:21:33.738 [info] > git config --get commit.template [7ms]
2024-02-10 11:21:33.753 [info] > git for-each-ref --format=%(refname)%00%(upstream:short)%00%(objectname)%00%(upstream:track)%00%(upstream:remotename)%00%(upstream:remoteref) refs/heads/master refs/remotes/master [1ms]
2024-02-10 11:21:33.761 [info] > git status -z -uall [2ms]
2024-02-10 11:21:38.789 [info] > git config --get commit.template [6ms]
2024-02-10 11:21:38.789 [info] > git for-each-ref --format=%(refname)%00%(upstream:short)%00%(objectname)%00%(upstream:track)%00%(upstream:remotename)%00%(upstream:remoteref) refs/heads/master refs/remotes/master [1ms]
2024-02-10 11:21:38.797 [info] > git status -z -uall [1ms]
2024-02-10 11:21:44.495 [info] > git config --get commit.template [4ms]
2024-02-10 11:21:44.508 [info] > git for-each-ref --format=%(refname)%00%(upstream:short)%00%(objectname)%00%(upstream:track)%00%(upstream:remotename)%00%(upstream:remoteref) refs/heads/master refs/remotes/master [2ms]
2024-02-10 11:21:44.520 [info] > git status -z -uall [3ms]
2024-02-10 11:21:49.563 [info] > git config --get commit.template [20ms]
2024-02-10 11:21:49.566 [info] > git for-each-ref --format=%(refname)%00%(upstream:short)%00%(objectname)%00%(upstream:track)%00%(upstream:remotename)%00%(upstream:remoteref) refs/heads/master refs/remotes/master [5ms]
2024-02-10 11:21:49.589 [info] > git status -z -uall [5ms]
2024-02-10 11:22:12.710 [info] > git for-each-ref --format=%(refname)%00%(upstream:short)%00%(objectname)%00%(upstream:track)%00%(upstream:remotename)%00%(upstream:remoteref) refs/heads/master refs/remotes/master [8ms]
2024-02-10 11:22:12.710 [info] > git config --get commit.template [27ms]
2024-02-10 11:22:12.735 [info] > git status -z -uall [6ms]
2024-02-10 11:22:17.781 [info] > git config --get commit.template [21ms]
2024-02-10 11:22:17.784 [info] > git for-each-ref --format=%(refname)%00%(upstream:short)%00%(objectname)%00%(upstream:track)%00%(upstream:remotename)%00%(upstream:remoteref) refs/heads/master refs/remotes/master [5ms]
2024-02-10 11:22:17.810 [info] > git status -z -uall [7ms]
2024-02-10 11:22:39.658 [info] > git config --get commit.template [20ms]
2024-02-10 11:22:39.661 [info] > git for-each-ref --format=%(refname)%00%(upstream:short)%00%(objectname)%00%(upstream:track)%00%(upstream:remotename)%00%(upstream:remoteref) refs/heads/master refs/remotes/master [5ms]
2024-02-10 11:22:39.687 [info] > git status -z -uall [8ms]
2024-02-10 11:22:54.040 [info] > git fetch [675ms]
2024-02-10 11:22:54.083 [info] > git config --get commit.template [21ms]
2024-02-10 11:22:54.085 [info] > git for-each-ref --format=%(refname)%00%(upstream:short)%00%(objectname)%00%(upstream:track)%00%(upstream:remotename)%00%(upstream:remoteref) refs/heads/master refs/remotes/master [5ms]
2024-02-10 11:22:54.107 [info] > git status -z -uall [6ms]
2024-02-10 11:22:55.265 [info] > git ls-files --stage -- /home/hubert/Dokumenty/GitHub/dwm/README.md [1ms]
2024-02-10 11:22:55.271 [info] > git cat-file -s 55dfa1fef5e2f02882000519f0b2b6586684768c [1ms]
2024-02-10 11:22:55.279 [info] > git show --textconv :README.md [2ms]
2024-02-10 11:22:56.529 [info] > git fetch [462ms]
2024-02-10 11:22:56.541 [info] > git config --get commit.template [6ms]
2024-02-10 11:22:56.546 [info] > git for-each-ref --format %(refname) %(objectname) %(*objectname) refs/tags [6ms]
2024-02-10 11:22:56.555 [info] > git status -z -uall [2ms]
2024-02-10 11:22:57.345 [info] > git fetch [622ms]
2024-02-10 11:22:57.357 [info] > git config --get commit.template [7ms]
2024-02-10 11:22:57.358 [info] > git for-each-ref --format=%(refname)%00%(upstream:short)%00%(objectname)%00%(upstream:track)%00%(upstream:remotename)%00%(upstream:remoteref) refs/heads/master refs/remotes/master [2ms]
2024-02-10 11:22:57.373 [info] > git status -z -uall [8ms]
2024-02-10 11:22:57.708 [info] > git config --get commit.template [6ms]
2024-02-10 11:22:57.712 [info] > git for-each-ref --format %(refname) %(objectname) %(*objectname) refs/tags [4ms]
2024-02-10 11:22:57.719 [info] > git status -z -uall [2ms]
2024-02-10 11:22:58.434 [info] > git config --get commit.template [6ms]
2024-02-10 11:22:58.435 [info] > git for-each-ref --format=%(refname)%00%(upstream:short)%00%(objectname)%00%(upstream:track)%00%(upstream:remotename)%00%(upstream:remoteref) refs/heads/master refs/remotes/master [2ms]
2024-02-10 11:22:58.447 [info] > git status -z -uall [7ms]
2024-02-10 11:23:08.743 [info] > git config --get commit.template [6ms]
2024-02-10 11:23:08.744 [info] > git for-each-ref --format=%(refname)%00%(upstream:short)%00%(objectname)%00%(upstream:track)%00%(upstream:remotename)%00%(upstream:remoteref) refs/heads/master refs/remotes/master [2ms]
2024-02-10 11:23:08.751 [info] > git status -z -uall [2ms]
2024-02-10 11:23:13.769 [info] > git config --get commit.template [7ms]
2024-02-10 11:23:13.770 [info] > git for-each-ref --format=%(refname)%00%(upstream:short)%00%(objectname)%00%(upstream:track)%00%(upstream:remotename)%00%(upstream:remoteref) refs/heads/master refs/remotes/master [1ms]
2024-02-10 11:23:13.777 [info] > git status -z -uall [2ms]
2024-02-10 11:23:18.820 [info] > git config --get commit.template [21ms]
2024-02-10 11:23:18.823 [info] > git for-each-ref --format=%(refname)%00%(upstream:short)%00%(objectname)%00%(upstream:track)%00%(upstream:remotename)%00%(upstream:remoteref) refs/heads/master refs/remotes/master [5ms]
2024-02-10 11:23:18.850 [info] > git status -z -uall [7ms]
2024-02-10 11:23:23.899 [info] > git config --get commit.template [22ms]
2024-02-10 11:23:23.903 [info] > git for-each-ref --format=%(refname)%00%(upstream:short)%00%(objectname)%00%(upstream:track)%00%(upstream:remotename)%00%(upstream:remoteref) refs/heads/master refs/remotes/master [6ms]
2024-02-10 11:23:23.924 [info] > git status -z -uall [4ms]
2024-02-10 11:23:59.483 [info] > git config --get commit.template [9ms]
2024-02-10 11:23:59.484 [info] > git for-each-ref --format=%(refname)%00%(upstream:short)%00%(objectname)%00%(upstream:track)%00%(upstream:remotename)%00%(upstream:remoteref) refs/heads/master refs/remotes/master [2ms]
2024-02-10 11:23:59.493 [info] > git status -z -uall [2ms]
2024-02-10 11:24:04.526 [info] > git config --get commit.template [15ms]
2024-02-10 11:24:04.528 [info] > git for-each-ref --format=%(refname)%00%(upstream:short)%00%(objectname)%00%(upstream:track)%00%(upstream:remotename)%00%(upstream:remoteref) refs/heads/master refs/remotes/master [4ms]
2024-02-10 11:24:04.548 [info] > git status -z -uall [6ms]
2024-02-10 11:24:09.580 [info] > git config --get commit.template [8ms]
2024-02-10 11:24:09.596 [info] > git for-each-ref --format=%(refname)%00%(upstream:short)%00%(objectname)%00%(upstream:track)%00%(upstream:remotename)%00%(upstream:remoteref) refs/heads/master refs/remotes/master [3ms]
2024-02-10 11:24:09.611 [info] > git status -z -uall [3ms]
2024-02-10 11:24:14.625 [info] > git config --get commit.template [5ms]
2024-02-10 11:24:14.626 [info] > git for-each-ref --format=%(refname)%00%(upstream:short)%00%(objectname)%00%(upstream:track)%00%(upstream:remotename)%00%(upstream:remoteref) refs/heads/master refs/remotes/master [1ms]
2024-02-10 11:24:14.633 [info] > git status -z -uall [2ms]
2024-02-10 11:24:19.678 [info] > git config --get commit.template [21ms]
2024-02-10 11:24:19.681 [info] > git for-each-ref --format=%(refname)%00%(upstream:short)%00%(objectname)%00%(upstream:track)%00%(upstream:remotename)%00%(upstream:remoteref) refs/heads/master refs/remotes/master [6ms]
2024-02-10 11:24:19.708 [info] > git status -z -uall [7ms]
2024-02-10 11:24:26.985 [info] > git config --get commit.template [21ms]
2024-02-10 11:24:26.988 [info] > git for-each-ref --format=%(refname)%00%(upstream:short)%00%(objectname)%00%(upstream:track)%00%(upstream:remotename)%00%(upstream:remoteref) refs/heads/master refs/remotes/master [5ms]
2024-02-10 11:24:27.015 [info] > git status -z -uall [4ms]
2024-02-10 11:24:32.062 [info] > git config --get commit.template [22ms]
2024-02-10 11:24:32.065 [info] > git for-each-ref --format=%(refname)%00%(upstream:short)%00%(objectname)%00%(upstream:track)%00%(upstream:remotename)%00%(upstream:remoteref) refs/heads/master refs/remotes/master [5ms]
2024-02-10 11:24:32.087 [info] > git status -z -uall [6ms]
2024-02-10 11:24:37.109 [info] > git config --get commit.template [9ms]
2024-02-10 11:24:37.111 [info] > git for-each-ref --format=%(refname)%00%(upstream:short)%00%(objectname)%00%(upstream:track)%00%(upstream:remotename)%00%(upstream:remoteref) refs/heads/master refs/remotes/master [3ms]
2024-02-10 11:24:37.126 [info] > git status -z -uall [7ms]
2024-02-10 11:24:42.173 [info] > git config --get commit.template [21ms]
2024-02-10 11:24:42.176 [info] > git for-each-ref --format=%(refname)%00%(upstream:short)%00%(objectname)%00%(upstream:track)%00%(upstream:remotename)%00%(upstream:remoteref) refs/heads/master refs/remotes/master [5ms]
2024-02-10 11:24:42.195 [info] > git status -z -uall [6ms]
2024-02-10 11:24:54.297 [info] > git config --get commit.template [21ms]
2024-02-10 11:24:54.301 [info] > git for-each-ref --format=%(refname)%00%(upstream:short)%00%(objectname)%00%(upstream:track)%00%(upstream:remotename)%00%(upstream:remoteref) refs/heads/master refs/remotes/master [6ms]
2024-02-10 11:24:54.328 [info] > git status -z -uall [7ms]
2024-02-10 11:24:59.376 [info] > git config --get commit.template [21ms]
2024-02-10 11:24:59.379 [info] > git for-each-ref --format=%(refname)%00%(upstream:short)%00%(objectname)%00%(upstream:track)%00%(upstream:remotename)%00%(upstream:remoteref) refs/heads/master refs/remotes/master [5ms]
2024-02-10 11:24:59.407 [info] > git status -z -uall [7ms]
2024-02-10 11:25:04.456 [info] > git config --get commit.template [20ms]
2024-02-10 11:25:04.458 [info] > git for-each-ref --format=%(refname)%00%(upstream:short)%00%(objectname)%00%(upstream:track)%00%(upstream:remotename)%00%(upstream:remoteref) refs/heads/master refs/remotes/master [3ms]
2024-02-10 11:25:04.470 [info] > git status -z -uall [3ms]
2024-02-10 11:25:18.811 [info] > git config --get commit.template [22ms]
2024-02-10 11:25:18.814 [info] > git for-each-ref --format=%(refname)%00%(upstream:short)%00%(objectname)%00%(upstream:track)%00%(upstream:remotename)%00%(upstream:remoteref) refs/heads/master refs/remotes/master [6ms]
2024-02-10 11:25:18.832 [info] > git status -z -uall [4ms]
2024-02-10 11:25:23.877 [info] > git config --get commit.template [21ms]
2024-02-10 11:25:23.880 [info] > git for-each-ref --format=%(refname)%00%(upstream:short)%00%(objectname)%00%(upstream:track)%00%(upstream:remotename)%00%(upstream:remoteref) refs/heads/master refs/remotes/master [5ms]
2024-02-10 11:25:23.906 [info] > git status -z -uall [7ms]
2024-02-10 11:25:28.954 [info] > git config --get commit.template [22ms]
2024-02-10 11:25:28.957 [info] > git for-each-ref --format=%(refname)%00%(upstream:short)%00%(objectname)%00%(upstream:track)%00%(upstream:remotename)%00%(upstream:remoteref) refs/heads/master refs/remotes/master [5ms]
2024-02-10 11:25:28.991 [info] > git status -z -uall [15ms]
2024-02-10 11:25:36.216 [info] > git config --get commit.template [22ms]
2024-02-10 11:25:36.219 [info] > git for-each-ref --format=%(refname)%00%(upstream:short)%00%(objectname)%00%(upstream:track)%00%(upstream:remotename)%00%(upstream:remoteref) refs/heads/master refs/remotes/master [6ms]
2024-02-10 11:25:36.242 [info] > git status -z -uall [5ms]
2024-02-10 11:25:41.288 [info] > git config --get commit.template [21ms]
2024-02-10 11:25:41.292 [info] > git for-each-ref --format=%(refname)%00%(upstream:short)%00%(objectname)%00%(upstream:track)%00%(upstream:remotename)%00%(upstream:remoteref) refs/heads/master refs/remotes/master [5ms]
2024-02-10 11:25:41.317 [info] > git status -z -uall [6ms]
2024-02-10 11:25:48.536 [info] > git config --get commit.template [23ms]
2024-02-10 11:25:48.539 [info] > git for-each-ref --format=%(refname)%00%(upstream:short)%00%(objectname)%00%(upstream:track)%00%(upstream:remotename)%00%(upstream:remoteref) refs/heads/master refs/remotes/master [6ms]
2024-02-10 11:25:48.566 [info] > git status -z -uall [7ms]
2024-02-10 11:25:53.611 [info] > git config --get commit.template [20ms]
2024-02-10 11:25:53.614 [info] > git for-each-ref --format=%(refname)%00%(upstream:short)%00%(objectname)%00%(upstream:track)%00%(upstream:remotename)%00%(upstream:remoteref) refs/heads/master refs/remotes/master [5ms]
2024-02-10 11:25:53.640 [info] > git status -z -uall [5ms]
2024-02-10 11:25:54.783 [info] > git fetch [653ms]
2024-02-10 11:25:54.794 [info] > git config --get commit.template [5ms]
2024-02-10 11:25:54.795 [info] > git for-each-ref --format=%(refname)%00%(upstream:short)%00%(objectname)%00%(upstream:track)%00%(upstream:remotename)%00%(upstream:remoteref) refs/heads/master refs/remotes/master [1ms]
2024-02-10 11:25:54.803 [info] > git status -z -uall [2ms]
2024-02-10 11:25:56.018 [info] > git ls-files --stage -- /home/hubert/Dokumenty/GitHub/dwm/README.md [1ms]
2024-02-10 11:25:56.024 [info] > git cat-file -s 55dfa1fef5e2f02882000519f0b2b6586684768c [2ms]
2024-02-10 11:25:56.031 [info] > git show --textconv :README.md [1ms]
2024-02-10 11:25:57.058 [info] > git fetch [481ms]
2024-02-10 11:25:57.099 [info] > git config --get commit.template [21ms]
2024-02-10 11:25:57.112 [info] > git for-each-ref --format %(refname) %(objectname) %(*objectname) refs/tags [15ms]
2024-02-10 11:25:57.126 [info] > git status -z -uall [4ms]
2024-02-10 11:25:58.029 [info] > git fetch [633ms]
2024-02-10 11:25:58.070 [info] > git config --get commit.template [21ms]
2024-02-10 11:25:58.074 [info] > git for-each-ref --format=%(refname)%00%(upstream:short)%00%(objectname)%00%(upstream:track)%00%(upstream:remotename)%00%(upstream:remoteref) refs/heads/master refs/remotes/master [6ms]
2024-02-10 11:25:58.117 [info] > git status -z -uall [24ms]
2024-02-10 11:25:58.297 [info] > git config --get commit.template [21ms]
2024-02-10 11:25:58.310 [info] > git for-each-ref --format %(refname) %(objectname) %(*objectname) refs/tags [14ms]
2024-02-10 11:25:58.322 [info] > git status -z -uall [4ms]
2024-02-10 11:25:58.688 [info] > git config --get commit.template [23ms]
2024-02-10 11:25:58.695 [info] > git for-each-ref --format=%(refname)%00%(upstream:short)%00%(objectname)%00%(upstream:track)%00%(upstream:remotename)%00%(upstream:remoteref) refs/heads/master refs/remotes/master [6ms]
2024-02-10 11:25:58.718 [info] > git status -z -uall [5ms]
2024-02-10 11:27:40.017 [info] > git config --get commit.template [21ms]
2024-02-10 11:27:40.021 [info] > git for-each-ref --format=%(refname)%00%(upstream:short)%00%(objectname)%00%(upstream:track)%00%(upstream:remotename)%00%(upstream:remoteref) refs/heads/master refs/remotes/master [5ms]
2024-02-10 11:27:40.047 [info] > git status -z -uall [8ms]
2024-02-10 11:27:45.078 [info] > git config --get commit.template [11ms]
2024-02-10 11:27:45.079 [info] > git for-each-ref --format=%(refname)%00%(upstream:short)%00%(objectname)%00%(upstream:track)%00%(upstream:remotename)%00%(upstream:remoteref) refs/heads/master refs/remotes/master [2ms]
2024-02-10 11:27:45.087 [info] > git status -z -uall [2ms]
2024-02-10 11:27:50.136 [info] > git config --get commit.template [25ms]
2024-02-10 11:27:50.138 [info] > git for-each-ref --format=%(refname)%00%(upstream:short)%00%(objectname)%00%(upstream:track)%00%(upstream:remotename)%00%(upstream:remoteref) refs/heads/master refs/remotes/master [7ms]
2024-02-10 11:27:50.160 [info] > git status -z -uall [6ms]
2024-02-10 11:27:55.187 [info] > git config --get commit.template [9ms]
2024-02-10 11:27:55.189 [info] > git for-each-ref --format=%(refname)%00%(upstream:short)%00%(objectname)%00%(upstream:track)%00%(upstream:remotename)%00%(upstream:remoteref) refs/heads/master refs/remotes/master [3ms]
2024-02-10 11:27:55.198 [info] > git status -z -uall [2ms]
2024-02-10 11:28:00.244 [info] > git config --get commit.template [22ms]
2024-02-10 11:28:00.248 [info] > git for-each-ref --format=%(refname)%00%(upstream:short)%00%(objectname)%00%(upstream:track)%00%(upstream:remotename)%00%(upstream:remoteref) refs/heads/master refs/remotes/master [5ms]
2024-02-10 11:28:00.267 [info] > git status -z -uall [5ms]
2024-02-10 11:28:05.314 [info] > git config --get commit.template [21ms]
2024-02-10 11:28:05.317 [info] > git for-each-ref --format=%(refname)%00%(upstream:short)%00%(objectname)%00%(upstream:track)%00%(upstream:remotename)%00%(upstream:remoteref) refs/heads/master refs/remotes/master [5ms]
2024-02-10 11:28:05.335 [info] > git status -z -uall [4ms]
2024-02-10 11:28:10.382 [info] > git config --get commit.template [21ms]
2024-02-10 11:28:10.385 [info] > git for-each-ref --format=%(refname)%00%(upstream:short)%00%(objectname)%00%(upstream:track)%00%(upstream:remotename)%00%(upstream:remoteref) refs/heads/master refs/remotes/master [6ms]
2024-02-10 11:28:10.412 [info] > git status -z -uall [7ms]
2024-02-10 11:28:15.448 [info] > git config --get commit.template [8ms]
2024-02-10 11:28:15.473 [info] > git for-each-ref --format=%(refname)%00%(upstream:short)%00%(objectname)%00%(upstream:track)%00%(upstream:remotename)%00%(upstream:remoteref) refs/heads/master refs/remotes/master [7ms]
2024-02-10 11:28:15.500 [info] > git status -z -uall [7ms]
2024-02-10 11:28:20.546 [info] > git config --get commit.template [20ms]
2024-02-10 11:28:20.549 [info] > git for-each-ref --format=%(refname)%00%(upstream:short)%00%(objectname)%00%(upstream:track)%00%(upstream:remotename)%00%(upstream:remoteref) refs/heads/master refs/remotes/master [5ms]
2024-02-10 11:28:20.576 [info] > git status -z -uall [7ms]
2024-02-10 11:28:26.661 [info] > git config --get commit.template [14ms]
2024-02-10 11:28:26.663 [info] > git for-each-ref --format=%(refname)%00%(upstream:short)%00%(objectname)%00%(upstream:track)%00%(upstream:remotename)%00%(upstream:remoteref) refs/heads/master refs/remotes/master [3ms]
2024-02-10 11:28:26.677 [info] > git status -z -uall [4ms]
2024-02-10 11:28:31.725 [info] > git config --get commit.template [25ms]
2024-02-10 11:28:31.732 [info] > git for-each-ref --format=%(refname)%00%(upstream:short)%00%(objectname)%00%(upstream:track)%00%(upstream:remotename)%00%(upstream:remoteref) refs/heads/master refs/remotes/master [11ms]
2024-02-10 11:28:31.755 [info] > git status -z -uall [5ms]
2024-02-10 11:28:36.802 [info] > git config --get commit.template [20ms]
2024-02-10 11:28:36.805 [info] > git for-each-ref --format=%(refname)%00%(upstream:short)%00%(objectname)%00%(upstream:track)%00%(upstream:remotename)%00%(upstream:remoteref) refs/heads/master refs/remotes/master [5ms]
2024-02-10 11:28:36.826 [info] > git status -z -uall [6ms]
2024-02-10 11:28:41.867 [info] > git config --get commit.template [16ms]
2024-02-10 11:28:41.868 [info] > git for-each-ref --format=%(refname)%00%(upstream:short)%00%(objectname)%00%(upstream:track)%00%(upstream:remotename)%00%(upstream:remoteref) refs/heads/master refs/remotes/master [2ms]
2024-02-10 11:28:41.879 [info] > git status -z -uall [3ms]
2024-02-10 11:28:46.925 [info] > git config --get commit.template [21ms]
2024-02-10 11:28:46.929 [info] > git for-each-ref --format=%(refname)%00%(upstream:short)%00%(objectname)%00%(upstream:track)%00%(upstream:remotename)%00%(upstream:remoteref) refs/heads/master refs/remotes/master [5ms]
2024-02-10 11:28:46.954 [info] > git status -z -uall [6ms]
2024-02-10 11:28:52.000 [info] > git config --get commit.template [22ms]
2024-02-10 11:28:52.004 [info] > git for-each-ref --format=%(refname)%00%(upstream:short)%00%(objectname)%00%(upstream:track)%00%(upstream:remotename)%00%(upstream:remoteref) refs/heads/master refs/remotes/master [5ms]
2024-02-10 11:28:52.029 [info] > git status -z -uall [6ms]
2024-02-10 11:28:55.498 [info] > git fetch [672ms]
2024-02-10 11:28:55.539 [info] > git config --get commit.template [22ms]
2024-02-10 11:28:55.542 [info] > git for-each-ref --format=%(refname)%00%(upstream:short)%00%(objectname)%00%(upstream:track)%00%(upstream:remotename)%00%(upstream:remoteref) refs/heads/master refs/remotes/master [5ms]
2024-02-10 11:28:55.568 [info] > git status -z -uall [7ms]
2024-02-10 11:28:56.691 [info] > git ls-files --stage -- /home/hubert/Dokumenty/GitHub/dwm/README.md [4ms]
2024-02-10 11:28:56.713 [info] > git cat-file -s 55dfa1fef5e2f02882000519f0b2b6586684768c [4ms]
2024-02-10 11:28:56.739 [info] > git show --textconv :README.md [6ms]
2024-02-10 11:28:57.083 [info] > git config --get commit.template [27ms]
2024-02-10 11:28:57.087 [info] > git for-each-ref --format=%(refname)%00%(upstream:short)%00%(objectname)%00%(upstream:track)%00%(upstream:remotename)%00%(upstream:remoteref) refs/heads/master refs/remotes/master [6ms]
2024-02-10 11:28:57.107 [info] > git status -z -uall [5ms]
2024-02-10 11:28:57.603 [info] > git fetch [457ms]
2024-02-10 11:28:57.625 [info] > git config --get commit.template [12ms]
2024-02-10 11:28:57.635 [info] > git for-each-ref --format %(refname) %(objectname) %(*objectname) refs/tags [9ms]
2024-02-10 11:28:57.651 [info] > git status -z -uall [6ms]
2024-02-10 11:28:58.764 [info] > git fetch [636ms]
2024-02-10 11:28:58.807 [info] > git config --get commit.template [23ms]
2024-02-10 11:28:58.832 [info] > git config --get commit.template [26ms]
2024-02-10 11:28:58.832 [info] > git for-each-ref --format=%(refname)%00%(upstream:short)%00%(objectname)%00%(upstream:track)%00%(upstream:remotename)%00%(upstream:remoteref) refs/heads/master refs/remotes/master [11ms]
2024-02-10 11:28:58.841 [info] > git for-each-ref --format %(refname) %(objectname) %(*objectname) refs/tags [9ms]
2024-02-10 11:28:58.847 [info] > git status -z -uall [8ms]
2024-02-10 11:28:58.849 [info] > git status -z -uall [3ms]
2024-02-10 11:28:59.927 [info] > git config --get commit.template [20ms]
2024-02-10 11:28:59.931 [info] > git for-each-ref --format=%(refname)%00%(upstream:short)%00%(objectname)%00%(upstream:track)%00%(upstream:remotename)%00%(upstream:remoteref) refs/heads/master refs/remotes/master [6ms]
2024-02-10 11:28:59.971 [info] > git status -z -uall [21ms]
2024-02-10 11:29:02.154 [info] > git config --get commit.template [21ms]
2024-02-10 11:29:02.157 [info] > git for-each-ref --format=%(refname)%00%(upstream:short)%00%(objectname)%00%(upstream:track)%00%(upstream:remotename)%00%(upstream:remoteref) refs/heads/master refs/remotes/master [6ms]
2024-02-10 11:29:02.184 [info] > git status -z -uall [7ms]
2024-02-10 11:29:15.503 [info] > git config --get commit.template [6ms]
2024-02-10 11:29:15.504 [info] > git for-each-ref --format=%(refname)%00%(upstream:short)%00%(objectname)%00%(upstream:track)%00%(upstream:remotename)%00%(upstream:remoteref) refs/heads/master refs/remotes/master [2ms]
2024-02-10 11:29:15.511 [info] > git status -z -uall [2ms]
2024-02-10 11:29:20.555 [info] > git config --get commit.template [21ms]
2024-02-10 11:29:20.558 [info] > git for-each-ref --format=%(refname)%00%(upstream:short)%00%(objectname)%00%(upstream:track)%00%(upstream:remotename)%00%(upstream:remoteref) refs/heads/master refs/remotes/master [5ms]
2024-02-10 11:29:20.585 [info] > git status -z -uall [8ms]
2024-02-10 11:29:27.662 [info] > git config --get commit.template [15ms]
2024-02-10 11:29:27.664 [info] > git for-each-ref --format=%(refname)%00%(upstream:short)%00%(objectname)%00%(upstream:track)%00%(upstream:remotename)%00%(upstream:remoteref) refs/heads/master refs/remotes/master [4ms]
2024-02-10 11:29:27.682 [info] > git status -z -uall [5ms]
2024-02-10 11:29:32.720 [info] > git config --get commit.template [21ms]
2024-02-10 11:29:32.730 [info] > git for-each-ref --format=%(refname)%00%(upstream:short)%00%(objectname)%00%(upstream:track)%00%(upstream:remotename)%00%(upstream:remoteref) refs/heads/master refs/remotes/master [14ms]
2024-02-10 11:29:32.751 [info] > git status -z -uall [4ms]
2024-02-10 11:29:37.795 [info] > git config --get commit.template [20ms]
2024-02-10 11:29:37.798 [info] > git for-each-ref --format=%(refname)%00%(upstream:short)%00%(objectname)%00%(upstream:track)%00%(upstream:remotename)%00%(upstream:remoteref) refs/heads/master refs/remotes/master [6ms]
2024-02-10 11:29:37.824 [info] > git status -z -uall [7ms]
2024-02-10 11:29:42.871 [info] > git config --get commit.template [22ms]
2024-02-10 11:29:42.874 [info] > git for-each-ref --format=%(refname)%00%(upstream:short)%00%(objectname)%00%(upstream:track)%00%(upstream:remotename)%00%(upstream:remoteref) refs/heads/master refs/remotes/master [5ms]
2024-02-10 11:29:42.893 [info] > git status -z -uall [5ms]
2024-02-10 11:29:48.207 [info] > git config --get commit.template [23ms]
2024-02-10 11:29:48.211 [info] > git for-each-ref --format=%(refname)%00%(upstream:short)%00%(objectname)%00%(upstream:track)%00%(upstream:remotename)%00%(upstream:remoteref) refs/heads/master refs/remotes/master [5ms]
2024-02-10 11:29:48.235 [info] > git status -z -uall [6ms]
2024-02-10 11:30:00.171 [info] > git config --get commit.template [6ms]
2024-02-10 11:30:00.172 [info] > git for-each-ref --format=%(refname)%00%(upstream:short)%00%(objectname)%00%(upstream:track)%00%(upstream:remotename)%00%(upstream:remoteref) refs/heads/master refs/remotes/master [1ms]
2024-02-10 11:30:00.180 [info] > git status -z -uall [2ms]
2024-02-10 11:30:05.226 [info] > git config --get commit.template [22ms]
2024-02-10 11:30:05.229 [info] > git for-each-ref --format=%(refname)%00%(upstream:short)%00%(objectname)%00%(upstream:track)%00%(upstream:remotename)%00%(upstream:remoteref) refs/heads/master refs/remotes/master [5ms]
2024-02-10 11:30:05.250 [info] > git status -z -uall [5ms]
2024-02-10 11:30:22.729 [info] > git config --get commit.template [21ms]
2024-02-10 11:30:22.732 [info] > git for-each-ref --format=%(refname)%00%(upstream:short)%00%(objectname)%00%(upstream:track)%00%(upstream:remotename)%00%(upstream:remoteref) refs/heads/master refs/remotes/master [6ms]
2024-02-10 11:30:22.758 [info] > git status -z -uall [8ms]
2024-02-10 11:30:27.780 [info] > git config --get commit.template [6ms]
2024-02-10 11:30:27.781 [info] > git for-each-ref --format=%(refname)%00%(upstream:short)%00%(objectname)%00%(upstream:track)%00%(upstream:remotename)%00%(upstream:remoteref) refs/heads/master refs/remotes/master [1ms]
2024-02-10 11:30:27.788 [info] > git status -z -uall [2ms]
2024-02-10 11:31:01.017 [info] > git config --get commit.template [24ms]
2024-02-10 11:31:01.020 [info] > git for-each-ref --format=%(refname)%00%(upstream:short)%00%(objectname)%00%(upstream:track)%00%(upstream:remotename)%00%(upstream:remoteref) refs/heads/master refs/remotes/master [5ms]
2024-02-10 11:31:01.041 [info] > git status -z -uall [5ms]
2024-02-10 11:31:06.640 [info] > git config --get commit.template [22ms]
2024-02-10 11:31:06.645 [info] > git for-each-ref --format=%(refname)%00%(upstream:short)%00%(objectname)%00%(upstream:track)%00%(upstream:remotename)%00%(upstream:remoteref) refs/heads/master refs/remotes/master [6ms]
2024-02-10 11:31:06.672 [info] > git status -z -uall [7ms]
2024-02-10 11:31:15.999 [info] > git config --get commit.template [23ms]
2024-02-10 11:31:16.000 [info] > git for-each-ref --format=%(refname)%00%(upstream:short)%00%(objectname)%00%(upstream:track)%00%(upstream:remotename)%00%(upstream:remoteref) refs/heads/master refs/remotes/master [5ms]
2024-02-10 11:31:16.028 [info] > git status -z -uall [7ms]
2024-02-10 11:31:21.043 [info] > git config --get commit.template [1ms]
2024-02-10 11:31:21.050 [info] > git for-each-ref --format=%(refname)%00%(upstream:short)%00%(objectname)%00%(upstream:track)%00%(upstream:remotename)%00%(upstream:remoteref) refs/heads/master refs/remotes/master [2ms]
2024-02-10 11:31:21.058 [info] > git status -z -uall [2ms]
2024-02-10 11:31:56.236 [info] > git fetch [653ms]
2024-02-10 11:31:56.247 [info] > git config --get commit.template [6ms]
2024-02-10 11:31:56.248 [info] > git for-each-ref --format=%(refname)%00%(upstream:short)%00%(objectname)%00%(upstream:track)%00%(upstream:remotename)%00%(upstream:remoteref) refs/heads/master refs/remotes/master [2ms]
2024-02-10 11:31:56.257 [info] > git status -z -uall [3ms]
2024-02-10 11:31:57.323 [info] > git config --get commit.template [6ms]
2024-02-10 11:31:57.324 [info] > git for-each-ref --format=%(refname)%00%(upstream:short)%00%(objectname)%00%(upstream:track)%00%(upstream:remotename)%00%(upstream:remoteref) refs/heads/master refs/remotes/master [2ms]
2024-02-10 11:31:57.331 [info] > git status -z -uall [2ms]
2024-02-10 11:31:57.475 [info] > git ls-files --stage -- /home/hubert/Dokumenty/GitHub/dwm/README.md [1ms]
2024-02-10 11:31:57.481 [info] > git cat-file -s 55dfa1fef5e2f02882000519f0b2b6586684768c [1ms]
2024-02-10 11:31:57.488 [info] > git show --textconv :README.md [2ms]
2024-02-10 11:31:58.122 [info] > git fetch [452ms]
2024-02-10 11:31:58.134 [info] > git config --get commit.template [6ms]
2024-02-10 11:31:58.141 [info] > git for-each-ref --format %(refname) %(objectname) %(*objectname) refs/tags [5ms]
2024-02-10 11:31:58.150 [info] > git status -z -uall [3ms]
2024-02-10 11:31:59.318 [info] > git config --get commit.template [19ms]
2024-02-10 11:31:59.330 [info] > git for-each-ref --format %(refname) %(objectname) %(*objectname) refs/tags [14ms]
2024-02-10 11:31:59.344 [info] > git status -z -uall [4ms]
2024-02-10 11:31:59.472 [info] > git fetch [615ms]
2024-02-10 11:31:59.483 [info] > git config --get commit.template [5ms]
2024-02-10 11:31:59.485 [info] > git for-each-ref --format=%(refname)%00%(upstream:short)%00%(objectname)%00%(upstream:track)%00%(upstream:remotename)%00%(upstream:remoteref) refs/heads/master refs/remotes/master [2ms]
2024-02-10 11:31:59.499 [info] > git status -z -uall [8ms]
2024-02-10 11:32:00.643 [info] > git config --get commit.template [6ms]
2024-02-10 11:32:00.644 [info] > git for-each-ref --format=%(refname)%00%(upstream:short)%00%(objectname)%00%(upstream:track)%00%(upstream:remotename)%00%(upstream:remoteref) refs/heads/master refs/remotes/master [1ms]
2024-02-10 11:32:00.656 [info] > git status -z -uall [6ms]
2024-02-10 11:32:38.866 [info] > git config --get commit.template [22ms]
2024-02-10 11:32:38.869 [info] > git for-each-ref --format=%(refname)%00%(upstream:short)%00%(objectname)%00%(upstream:track)%00%(upstream:remotename)%00%(upstream:remoteref) refs/heads/master refs/remotes/master [5ms]
2024-02-10 11:32:38.898 [info] > git status -z -uall [11ms]
2024-02-10 11:32:43.946 [info] > git config --get commit.template [23ms]
2024-02-10 11:32:43.949 [info] > git for-each-ref --format=%(refname)%00%(upstream:short)%00%(objectname)%00%(upstream:track)%00%(upstream:remotename)%00%(upstream:remoteref) refs/heads/master refs/remotes/master [6ms]
2024-02-10 11:32:43.968 [info] > git status -z -uall [5ms]
2024-02-10 11:32:51.240 [info] > git config --get commit.template [21ms]
2024-02-10 11:32:51.244 [info] > git for-each-ref --format=%(refname)%00%(upstream:short)%00%(objectname)%00%(upstream:track)%00%(upstream:remotename)%00%(upstream:remoteref) refs/heads/master refs/remotes/master [7ms]
2024-02-10 11:32:51.258 [info] > git status -z -uall [4ms]
2024-02-10 11:32:56.301 [info] > git config --get commit.template [20ms]
2024-02-10 11:32:56.304 [info] > git for-each-ref --format=%(refname)%00%(upstream:short)%00%(objectname)%00%(upstream:track)%00%(upstream:remotename)%00%(upstream:remoteref) refs/heads/master refs/remotes/master [6ms]
2024-02-10 11:32:56.330 [info] > git status -z -uall [8ms]
2024-02-10 11:33:08.464 [info] > git config --get commit.template [20ms]
2024-02-10 11:33:08.468 [info] > git for-each-ref --format=%(refname)%00%(upstream:short)%00%(objectname)%00%(upstream:track)%00%(upstream:remotename)%00%(upstream:remoteref) refs/heads/master refs/remotes/master [6ms]
2024-02-10 11:33:08.494 [info] > git status -z -uall [7ms]
2024-02-10 11:33:13.540 [info] > git config --get commit.template [21ms]
2024-02-10 11:33:13.543 [info] > git for-each-ref --format=%(refname)%00%(upstream:short)%00%(objectname)%00%(upstream:track)%00%(upstream:remotename)%00%(upstream:remoteref) refs/heads/master refs/remotes/master [6ms]
2024-02-10 11:33:13.569 [info] > git status -z -uall [7ms]
2024-02-10 11:33:39.739 [info] > git config --get commit.template [10ms]
2024-02-10 11:33:39.741 [info] > git for-each-ref --format=%(refname)%00%(upstream:short)%00%(objectname)%00%(upstream:track)%00%(upstream:remotename)%00%(upstream:remoteref) refs/heads/master refs/remotes/master [2ms]
2024-02-10 11:33:39.751 [info] > git status -z -uall [3ms]
2024-02-10 11:33:44.792 [info] > git config --get commit.template [19ms]
2024-02-10 11:33:44.795 [info] > git for-each-ref --format=%(refname)%00%(upstream:short)%00%(objectname)%00%(upstream:track)%00%(upstream:remotename)%00%(upstream:remoteref) refs/heads/master refs/remotes/master [5ms]
2024-02-10 11:33:44.820 [info] > git status -z -uall [6ms]
2024-02-10 11:33:56.375 [info] > git config --get commit.template [20ms]
2024-02-10 11:33:56.379 [info] > git for-each-ref --format=%(refname)%00%(upstream:short)%00%(objectname)%00%(upstream:track)%00%(upstream:remotename)%00%(upstream:remoteref) refs/heads/master refs/remotes/master [6ms]
2024-02-10 11:33:56.397 [info] > git status -z -uall [5ms]
2024-02-10 11:34:24.354 [info] > git config --get commit.template [20ms]
2024-02-10 11:34:24.357 [info] > git for-each-ref --format=%(refname)%00%(upstream:short)%00%(objectname)%00%(upstream:track)%00%(upstream:remotename)%00%(upstream:remoteref) refs/heads/master refs/remotes/master [5ms]
2024-02-10 11:34:24.383 [info] > git status -z -uall [7ms]
2024-02-10 11:35:44.638 [info] > git fetch [484ms]
2024-02-10 11:35:44.676 [info] > git config --get commit.template [19ms]
2024-02-10 11:35:44.692 [info] > git for-each-ref --format %(refname) %(objectname) %(*objectname) refs/tags [16ms]
2024-02-10 11:35:44.710 [info] > git status -z -uall [5ms]
2024-02-10 11:35:44.731 [info] > git fetch [584ms]
2024-02-10 11:35:44.743 [info] > git fetch [581ms]
2024-02-10 11:35:44.754 [info] > git config --get commit.template [11ms]
2024-02-10 11:35:44.762 [info] > git config --get commit.template [9ms]
2024-02-10 11:35:44.769 [info] > git for-each-ref --format=%(refname)%00%(upstream:short)%00%(objectname)%00%(upstream:track)%00%(upstream:remotename)%00%(upstream:remoteref) refs/heads/master refs/remotes/master [7ms]
2024-02-10 11:35:44.775 [info] > git for-each-ref --format=%(refname)%00%(upstream:short)%00%(objectname)%00%(upstream:track)%00%(upstream:remotename)%00%(upstream:remoteref) refs/heads/master refs/remotes/master [8ms]
2024-02-10 11:35:44.782 [info] > git status -z -uall [7ms]
2024-02-10 11:35:44.790 [info] > git status -z -uall [9ms]
2024-02-10 11:35:45.840 [info] > git config --get commit.template [19ms]
2024-02-10 11:35:45.873 [info] > git config --get commit.template [35ms]
2024-02-10 11:35:45.874 [info] > git for-each-ref --format %(refname) %(objectname) %(*objectname) refs/tags [13ms]
2024-02-10 11:35:45.881 [info] > git for-each-ref --format=%(refname)%00%(upstream:short)%00%(objectname)%00%(upstream:track)%00%(upstream:remotename)%00%(upstream:remoteref) refs/heads/master refs/remotes/master [9ms]
2024-02-10 11:35:45.889 [info] > git status -z -uall [8ms]
2024-02-10 11:35:45.891 [info] > git status -z -uall [3ms]
2024-02-10 11:35:45.935 [info] > git config --get commit.template [8ms]
2024-02-10 11:35:45.936 [info] > git for-each-ref --format=%(refname)%00%(upstream:short)%00%(objectname)%00%(upstream:track)%00%(upstream:remotename)%00%(upstream:remoteref) refs/heads/master refs/remotes/master [3ms]
2024-02-10 11:35:45.952 [info] > git status -z -uall [8ms]
2024-02-10 11:35:46.027 [info] > git ls-files --stage -- /home/hubert/Dokumenty/GitHub/dwm/README.md [1ms]
2024-02-10 11:35:46.033 [info] > git cat-file -s 55dfa1fef5e2f02882000519f0b2b6586684768c [2ms]
2024-02-10 11:35:46.042 [info] > git show --textconv :README.md [1ms]
2024-02-10 11:36:24.701 [info] > git config --get commit.template [19ms]
2024-02-10 11:36:24.704 [info] > git for-each-ref --format=%(refname)%00%(upstream:short)%00%(objectname)%00%(upstream:track)%00%(upstream:remotename)%00%(upstream:remoteref) refs/heads/master refs/remotes/master [5ms]
2024-02-10 11:36:24.718 [info] > git status -z -uall [4ms]
2024-02-10 11:36:29.762 [info] > git config --get commit.template [23ms]
2024-02-10 11:36:29.766 [info] > git for-each-ref --format=%(refname)%00%(upstream:short)%00%(objectname)%00%(upstream:track)%00%(upstream:remotename)%00%(upstream:remoteref) refs/heads/master refs/remotes/master [6ms]
2024-02-10 11:36:29.793 [info] > git status -z -uall [7ms]
2024-02-10 11:36:34.837 [info] > git config --get commit.template [21ms]
2024-02-10 11:36:34.841 [info] > git for-each-ref --format=%(refname)%00%(upstream:short)%00%(objectname)%00%(upstream:track)%00%(upstream:remotename)%00%(upstream:remoteref) refs/heads/master refs/remotes/master [5ms]
2024-02-10 11:36:34.863 [info] > git status -z -uall [4ms]
2024-02-10 11:36:39.895 [info] > git config --get commit.template [10ms]
2024-02-10 11:36:39.896 [info] > git for-each-ref --format=%(refname)%00%(upstream:short)%00%(objectname)%00%(upstream:track)%00%(upstream:remotename)%00%(upstream:remoteref) refs/heads/master refs/remotes/master [2ms]
2024-02-10 11:36:39.905 [info] > git status -z -uall [2ms]
2024-02-10 11:36:44.928 [info] > git config --get commit.template [11ms]
2024-02-10 11:36:44.930 [info] > git for-each-ref --format=%(refname)%00%(upstream:short)%00%(objectname)%00%(upstream:track)%00%(upstream:remotename)%00%(upstream:remoteref) refs/heads/master refs/remotes/master [3ms]
2024-02-10 11:36:44.944 [info] > git status -z -uall [4ms]
2024-02-10 11:36:49.960 [info] > git config --get commit.template [6ms]
2024-02-10 11:36:49.961 [info] > git for-each-ref --format=%(refname)%00%(upstream:short)%00%(objectname)%00%(upstream:track)%00%(upstream:remotename)%00%(upstream:remoteref) refs/heads/master refs/remotes/master [2ms]
2024-02-10 11:36:49.971 [info] > git status -z -uall [3ms]
2024-02-10 11:36:55.012 [info] > git config --get commit.template [19ms]
2024-02-10 11:36:55.016 [info] > git for-each-ref --format=%(refname)%00%(upstream:short)%00%(objectname)%00%(upstream:track)%00%(upstream:remotename)%00%(upstream:remoteref) refs/heads/master refs/remotes/master [5ms]
2024-02-10 11:36:55.040 [info] > git status -z -uall [7ms]
2024-02-10 11:37:00.085 [info] > git config --get commit.template [20ms]
2024-02-10 11:37:00.089 [info] > git for-each-ref --format=%(refname)%00%(upstream:short)%00%(objectname)%00%(upstream:track)%00%(upstream:remotename)%00%(upstream:remoteref) refs/heads/master refs/remotes/master [5ms]
2024-02-10 11:37:00.114 [info] > git status -z -uall [7ms]
2024-02-10 11:37:05.139 [info] > git config --get commit.template [5ms]
2024-02-10 11:37:05.140 [info] > git for-each-ref --format=%(refname)%00%(upstream:short)%00%(objectname)%00%(upstream:track)%00%(upstream:remotename)%00%(upstream:remoteref) refs/heads/master refs/remotes/master [1ms]
2024-02-10 11:37:05.147 [info] > git status -z -uall [2ms]
2024-02-10 11:37:10.187 [info] > git config --get commit.template [21ms]
2024-02-10 11:37:10.190 [info] > git for-each-ref --format=%(refname)%00%(upstream:short)%00%(objectname)%00%(upstream:track)%00%(upstream:remotename)%00%(upstream:remoteref) refs/heads/master refs/remotes/master [6ms]
2024-02-10 11:37:10.215 [info] > git status -z -uall [7ms]
2024-02-10 11:37:15.263 [info] > git config --get commit.template [22ms]
2024-02-10 11:37:15.266 [info] > git for-each-ref --format=%(refname)%00%(upstream:short)%00%(objectname)%00%(upstream:track)%00%(upstream:remotename)%00%(upstream:remoteref) refs/heads/master refs/remotes/master [6ms]
2024-02-10 11:37:15.288 [info] > git status -z -uall [5ms]
2024-02-10 11:37:20.316 [info] > git config --get commit.template [3ms]
2024-02-10 11:37:20.324 [info] > git for-each-ref --format=%(refname)%00%(upstream:short)%00%(objectname)%00%(upstream:track)%00%(upstream:remotename)%00%(upstream:remoteref) refs/heads/master refs/remotes/master [2ms]
2024-02-10 11:37:20.332 [info] > git status -z -uall [2ms]
2024-02-10 11:37:25.372 [info] > git config --get commit.template [19ms]
2024-02-10 11:37:25.376 [info] > git for-each-ref --format=%(refname)%00%(upstream:short)%00%(objectname)%00%(upstream:track)%00%(upstream:remotename)%00%(upstream:remoteref) refs/heads/master refs/remotes/master [6ms]
2024-02-10 11:37:25.393 [info] > git status -z -uall [4ms]
2024-02-10 11:37:30.435 [info] > git config --get commit.template [20ms]
2024-02-10 11:37:30.438 [info] > git for-each-ref --format=%(refname)%00%(upstream:short)%00%(objectname)%00%(upstream:track)%00%(upstream:remotename)%00%(upstream:remoteref) refs/heads/master refs/remotes/master [5ms]
2024-02-10 11:37:30.463 [info] > git status -z -uall [7ms]
2024-02-10 11:37:35.510 [info] > git config --get commit.template [21ms]
2024-02-10 11:37:35.513 [info] > git for-each-ref --format=%(refname)%00%(upstream:short)%00%(objectname)%00%(upstream:track)%00%(upstream:remotename)%00%(upstream:remoteref) refs/heads/master refs/remotes/master [6ms]
2024-02-10 11:37:35.536 [info] > git status -z -uall [6ms]
2024-02-10 11:37:40.555 [info] > git config --get commit.template [5ms]
2024-02-10 11:37:40.556 [info] > git for-each-ref --format=%(refname)%00%(upstream:short)%00%(objectname)%00%(upstream:track)%00%(upstream:remotename)%00%(upstream:remoteref) refs/heads/master refs/remotes/master [2ms]
2024-02-10 11:37:40.563 [info] > git status -z -uall [2ms]
2024-02-10 11:37:45.607 [info] > git config --get commit.template [21ms]
2024-02-10 11:37:45.611 [info] > git for-each-ref --format=%(refname)%00%(upstream:short)%00%(objectname)%00%(upstream:track)%00%(upstream:remotename)%00%(upstream:remoteref) refs/heads/master refs/remotes/master [6ms]
2024-02-10 11:37:45.637 [info] > git status -z -uall [7ms]
2024-02-10 11:37:50.932 [info] > git config --get commit.template [5ms]
2024-02-10 11:37:50.932 [info] > git for-each-ref --format=%(refname)%00%(upstream:short)%00%(objectname)%00%(upstream:track)%00%(upstream:remotename)%00%(upstream:remoteref) refs/heads/master refs/remotes/master [1ms]
2024-02-10 11:37:50.940 [info] > git status -z -uall [2ms]
2024-02-10 11:38:06.811 [info] > git config --get commit.template [21ms]
2024-02-10 11:38:06.814 [info] > git for-each-ref --format=%(refname)%00%(upstream:short)%00%(objectname)%00%(upstream:track)%00%(upstream:remotename)%00%(upstream:remoteref) refs/heads/master refs/remotes/master [5ms]
2024-02-10 11:38:06.838 [info] > git status -z -uall [5ms]
