2024-02-10 10:16:19.719 [info] Log level: Info
2024-02-10 10:16:19.719 [info] Validating found git in: "git"
2024-02-10 10:16:19.719 [info] Using git "2.43.0" from "git"
2024-02-10 10:16:19.719 [info] > git rev-parse --show-toplevel [7ms]
2024-02-10 10:16:19.719 [info] fatal: not a git repository (or any parent up to mount point /)
Stopping at filesystem boundary (GIT_DISCOVERY_ACROSS_FILESYSTEM not set).
2024-02-10 10:16:19.719 [info] > git rev-parse --show-toplevel [136ms]
2024-02-10 10:16:19.719 [info] fatal: not a git repository (or any parent up to mount point /)
Stopping at filesystem boundary (GIT_DISCOVERY_ACROSS_FILESYSTEM not set).
2024-02-10 10:16:19.719 [info] > git rev-parse --show-toplevel [3ms]
2024-02-10 10:16:19.719 [info] fatal: not a git repository (or any parent up to mount point /)
Stopping at filesystem boundary (GIT_DISCOVERY_ACROSS_FILESYSTEM not set).
2024-02-10 10:16:19.726 [info] > git rev-parse --show-toplevel [1ms]
2024-02-10 10:16:19.726 [info] fatal: not a git repository (or any parent up to mount point /)
Stopping at filesystem boundary (GIT_DISCOVERY_ACROSS_FILESYSTEM not set).
2024-02-10 10:16:19.732 [info] > git rev-parse --show-toplevel [2ms]
2024-02-10 10:16:19.732 [info] fatal: not a git repository (or any parent up to mount point /)
Stopping at filesystem boundary (GIT_DISCOVERY_ACROSS_FILESYSTEM not set).
2024-02-10 10:16:19.738 [info] > git rev-parse --show-toplevel [1ms]
2024-02-10 10:16:19.738 [info] fatal: not a git repository (or any parent up to mount point /)
Stopping at filesystem boundary (GIT_DISCOVERY_ACROSS_FILESYSTEM not set).
2024-02-10 10:16:19.745 [info] > git rev-parse --show-toplevel [1ms]
2024-02-10 10:16:19.745 [info] fatal: not a git repository (or any parent up to mount point /)
Stopping at filesystem boundary (GIT_DISCOVERY_ACROSS_FILESYSTEM not set).
2024-02-10 10:16:19.751 [info] > git rev-parse --show-toplevel [1ms]
2024-02-10 10:16:19.751 [info] fatal: not a git repository (or any parent up to mount point /)
Stopping at filesystem boundary (GIT_DISCOVERY_ACROSS_FILESYSTEM not set).
2024-02-10 10:16:19.757 [info] > git rev-parse --show-toplevel [1ms]
2024-02-10 10:16:19.757 [info] fatal: not a git repository (or any parent up to mount point /)
Stopping at filesystem boundary (GIT_DISCOVERY_ACROSS_FILESYSTEM not set).
2024-02-10 10:16:19.763 [info] > git rev-parse --show-toplevel [2ms]
2024-02-10 10:16:19.763 [info] fatal: not a git repository (or any parent up to mount point /)
Stopping at filesystem boundary (GIT_DISCOVERY_ACROSS_FILESYSTEM not set).
2024-02-10 10:16:19.769 [info] > git rev-parse --show-toplevel [2ms]
2024-02-10 10:16:19.769 [info] fatal: not a git repository (or any parent up to mount point /)
Stopping at filesystem boundary (GIT_DISCOVERY_ACROSS_FILESYSTEM not set).
2024-02-10 10:16:19.775 [info] > git rev-parse --show-toplevel [1ms]
2024-02-10 10:16:19.775 [info] fatal: not a git repository (or any parent up to mount point /)
Stopping at filesystem boundary (GIT_DISCOVERY_ACROSS_FILESYSTEM not set).
2024-02-10 10:16:19.781 [info] > git rev-parse --show-toplevel [1ms]
2024-02-10 10:16:19.781 [info] fatal: not a git repository (or any parent up to mount point /)
Stopping at filesystem boundary (GIT_DISCOVERY_ACROSS_FILESYSTEM not set).
2024-02-10 10:16:19.787 [info] > git rev-parse --show-toplevel [2ms]
2024-02-10 10:16:19.787 [info] fatal: not a git repository (or any parent up to mount point /)
Stopping at filesystem boundary (GIT_DISCOVERY_ACROSS_FILESYSTEM not set).
2024-02-10 10:16:19.796 [info] > git rev-parse --show-toplevel [1ms]
2024-02-10 10:16:19.796 [info] fatal: not a git repository (or any parent up to mount point /)
Stopping at filesystem boundary (GIT_DISCOVERY_ACROSS_FILESYSTEM not set).
2024-02-10 10:16:19.801 [info] > git rev-parse --show-toplevel [1ms]
2024-02-10 10:16:19.801 [info] fatal: not a git repository (or any parent up to mount point /)
Stopping at filesystem boundary (GIT_DISCOVERY_ACROSS_FILESYSTEM not set).
2024-02-10 10:16:19.808 [info] > git rev-parse --show-toplevel [1ms]
2024-02-10 10:16:19.808 [info] fatal: not a git repository (or any parent up to mount point /)
Stopping at filesystem boundary (GIT_DISCOVERY_ACROSS_FILESYSTEM not set).
2024-02-10 10:16:19.813 [info] > git rev-parse --show-toplevel [1ms]
2024-02-10 10:16:19.813 [info] fatal: not a git repository (or any parent up to mount point /)
Stopping at filesystem boundary (GIT_DISCOVERY_ACROSS_FILESYSTEM not set).
2024-02-10 10:16:19.819 [info] > git rev-parse --show-toplevel [1ms]
2024-02-10 10:16:19.819 [info] fatal: not a git repository (or any parent up to mount point /)
Stopping at filesystem boundary (GIT_DISCOVERY_ACROSS_FILESYSTEM not set).
2024-02-10 10:16:19.825 [info] > git rev-parse --show-toplevel [1ms]
2024-02-10 10:16:19.825 [info] fatal: not a git repository (or any parent up to mount point /)
Stopping at filesystem boundary (GIT_DISCOVERY_ACROSS_FILESYSTEM not set).
2024-02-10 10:16:19.830 [info] > git rev-parse --show-toplevel [1ms]
2024-02-10 10:16:19.830 [info] fatal: not a git repository (or any parent up to mount point /)
Stopping at filesystem boundary (GIT_DISCOVERY_ACROSS_FILESYSTEM not set).
2024-02-10 10:16:19.836 [info] > git rev-parse --show-toplevel [1ms]
2024-02-10 10:16:19.836 [info] fatal: not a git repository (or any parent up to mount point /)
Stopping at filesystem boundary (GIT_DISCOVERY_ACROSS_FILESYSTEM not set).
2024-02-10 10:16:19.841 [info] > git rev-parse --show-toplevel [1ms]
2024-02-10 10:16:19.841 [info] fatal: not a git repository (or any parent up to mount point /)
Stopping at filesystem boundary (GIT_DISCOVERY_ACROSS_FILESYSTEM not set).
2024-02-10 10:16:19.846 [info] > git rev-parse --show-toplevel [0ms]
2024-02-10 10:16:19.846 [info] fatal: not a git repository (or any parent up to mount point /)
Stopping at filesystem boundary (GIT_DISCOVERY_ACROSS_FILESYSTEM not set).
2024-02-10 10:16:19.850 [info] > git rev-parse --show-toplevel [1ms]
2024-02-10 10:16:19.850 [info] fatal: not a git repository (or any parent up to mount point /)
Stopping at filesystem boundary (GIT_DISCOVERY_ACROSS_FILESYSTEM not set).
2024-02-10 10:16:19.856 [info] > git rev-parse --show-toplevel [1ms]
2024-02-10 10:16:19.856 [info] fatal: not a git repository (or any parent up to mount point /)
Stopping at filesystem boundary (GIT_DISCOVERY_ACROSS_FILESYSTEM not set).
2024-02-10 10:16:19.862 [info] > git rev-parse --show-toplevel [1ms]
2024-02-10 10:16:19.863 [info] fatal: not a git repository (or any parent up to mount point /)
Stopping at filesystem boundary (GIT_DISCOVERY_ACROSS_FILESYSTEM not set).
2024-02-10 10:16:19.868 [info] > git rev-parse --show-toplevel [1ms]
2024-02-10 10:16:19.868 [info] fatal: not a git repository (or any parent up to mount point /)
Stopping at filesystem boundary (GIT_DISCOVERY_ACROSS_FILESYSTEM not set).
2024-02-10 10:16:19.875 [info] > git rev-parse --show-toplevel [1ms]
2024-02-10 10:16:19.875 [info] fatal: not a git repository (or any parent up to mount point /)
Stopping at filesystem boundary (GIT_DISCOVERY_ACROSS_FILESYSTEM not set).
2024-02-10 10:16:19.881 [info] > git rev-parse --show-toplevel [1ms]
2024-02-10 10:16:19.881 [info] fatal: not a git repository (or any parent up to mount point /)
Stopping at filesystem boundary (GIT_DISCOVERY_ACROSS_FILESYSTEM not set).
2024-02-10 10:16:19.887 [info] > git rev-parse --show-toplevel [2ms]
2024-02-10 10:16:19.887 [info] fatal: not a git repository (or any parent up to mount point /)
Stopping at filesystem boundary (GIT_DISCOVERY_ACROSS_FILESYSTEM not set).
2024-02-10 10:16:19.893 [info] > git rev-parse --show-toplevel [1ms]
2024-02-10 10:16:19.893 [info] fatal: not a git repository (or any parent up to mount point /)
Stopping at filesystem boundary (GIT_DISCOVERY_ACROSS_FILESYSTEM not set).
2024-02-10 10:16:19.899 [info] > git rev-parse --show-toplevel [1ms]
2024-02-10 10:16:19.899 [info] fatal: not a git repository (or any parent up to mount point /)
Stopping at filesystem boundary (GIT_DISCOVERY_ACROSS_FILESYSTEM not set).
2024-02-10 10:16:19.905 [info] > git rev-parse --show-toplevel [1ms]
2024-02-10 10:16:19.905 [info] fatal: not a git repository (or any parent up to mount point /)
Stopping at filesystem boundary (GIT_DISCOVERY_ACROSS_FILESYSTEM not set).
2024-02-10 10:16:19.911 [info] > git rev-parse --show-toplevel [1ms]
2024-02-10 10:16:19.911 [info] fatal: not a git repository (or any parent up to mount point /)
Stopping at filesystem boundary (GIT_DISCOVERY_ACROSS_FILESYSTEM not set).
2024-02-10 10:16:19.917 [info] > git rev-parse --show-toplevel [1ms]
2024-02-10 10:16:19.917 [info] fatal: not a git repository (or any parent up to mount point /)
Stopping at filesystem boundary (GIT_DISCOVERY_ACROSS_FILESYSTEM not set).
2024-02-10 10:16:19.922 [info] > git rev-parse --show-toplevel [1ms]
2024-02-10 10:16:19.922 [info] fatal: not a git repository (or any parent up to mount point /)
Stopping at filesystem boundary (GIT_DISCOVERY_ACROSS_FILESYSTEM not set).
2024-02-10 10:16:19.927 [info] > git rev-parse --show-toplevel [1ms]
2024-02-10 10:16:19.927 [info] fatal: not a git repository (or any parent up to mount point /)
Stopping at filesystem boundary (GIT_DISCOVERY_ACROSS_FILESYSTEM not set).
2024-02-10 10:16:19.933 [info] > git rev-parse --show-toplevel [1ms]
2024-02-10 10:16:19.933 [info] fatal: not a git repository (or any parent up to mount point /)
Stopping at filesystem boundary (GIT_DISCOVERY_ACROSS_FILESYSTEM not set).
2024-02-10 10:16:19.939 [info] > git rev-parse --show-toplevel [1ms]
2024-02-10 10:16:19.939 [info] fatal: not a git repository (or any parent up to mount point /)
Stopping at filesystem boundary (GIT_DISCOVERY_ACROSS_FILESYSTEM not set).
2024-02-10 10:16:19.945 [info] > git rev-parse --show-toplevel [1ms]
2024-02-10 10:16:19.945 [info] fatal: not a git repository (or any parent up to mount point /)
Stopping at filesystem boundary (GIT_DISCOVERY_ACROSS_FILESYSTEM not set).
2024-02-10 10:16:19.951 [info] > git rev-parse --show-toplevel [1ms]
2024-02-10 10:16:19.951 [info] fatal: not a git repository (or any parent up to mount point /)
Stopping at filesystem boundary (GIT_DISCOVERY_ACROSS_FILESYSTEM not set).
2024-02-10 10:16:19.957 [info] > git rev-parse --show-toplevel [1ms]
2024-02-10 10:16:19.957 [info] fatal: not a git repository (or any parent up to mount point /)
Stopping at filesystem boundary (GIT_DISCOVERY_ACROSS_FILESYSTEM not set).
2024-02-10 10:16:19.964 [info] > git rev-parse --show-toplevel [1ms]
2024-02-10 10:16:19.970 [info] > git rev-parse --git-dir --git-common-dir [1ms]
2024-02-10 10:16:19.985 [info] Open repository: /home/hubert/.config/nvim
2024-02-10 10:16:19.997 [info] > git config --get commit.template [5ms]
2024-02-10 10:16:19.998 [info] > git rev-parse --show-toplevel [2ms]
2024-02-10 10:16:19.998 [info] fatal: not a git repository (or any parent up to mount point /)
Stopping at filesystem boundary (GIT_DISCOVERY_ACROSS_FILESYSTEM not set).
2024-02-10 10:16:20.010 [info] > git rev-parse --show-toplevel [1ms]
2024-02-10 10:16:20.010 [info] fatal: not a git repository (or any parent up to mount point /)
Stopping at filesystem boundary (GIT_DISCOVERY_ACROSS_FILESYSTEM not set).
2024-02-10 10:16:20.018 [info] > git rev-parse --show-toplevel [1ms]
2024-02-10 10:16:20.018 [info] fatal: not a git repository (or any parent up to mount point /)
Stopping at filesystem boundary (GIT_DISCOVERY_ACROSS_FILESYSTEM not set).
2024-02-10 10:16:20.026 [info] > git for-each-ref --format %(refname) %(objectname) %(*objectname) refs/tags [22ms]
2024-02-10 10:16:20.033 [info] > git rev-parse --show-toplevel [9ms]
2024-02-10 10:16:20.033 [info] fatal: not a git repository (or any parent up to mount point /)
Stopping at filesystem boundary (GIT_DISCOVERY_ACROSS_FILESYSTEM not set).
2024-02-10 10:16:20.041 [info] > git status -z -uall [9ms]
2024-02-10 10:16:20.041 [info] > git rev-parse --show-toplevel [2ms]
2024-02-10 10:16:20.041 [info] fatal: not a git repository (or any parent up to mount point /)
Stopping at filesystem boundary (GIT_DISCOVERY_ACROSS_FILESYSTEM not set).
2024-02-10 10:16:20.057 [info] > git rev-parse --show-toplevel [7ms]
2024-02-10 10:16:20.057 [info] fatal: not a git repository (or any parent up to mount point /)
Stopping at filesystem boundary (GIT_DISCOVERY_ACROSS_FILESYSTEM not set).
2024-02-10 10:16:20.065 [info] > git config --get commit.template [9ms]
2024-02-10 10:16:20.071 [info] > git rev-parse --show-toplevel [7ms]
2024-02-10 10:16:20.071 [info] fatal: not a git repository (or any parent up to mount point /)
Stopping at filesystem boundary (GIT_DISCOVERY_ACROSS_FILESYSTEM not set).
2024-02-10 10:16:20.079 [info] > git for-each-ref --format %(refname) %(objectname) %(*objectname) refs/tags [8ms]
2024-02-10 10:16:20.084 [info] > git rev-parse --show-toplevel [7ms]
2024-02-10 10:16:20.085 [info] fatal: not a git repository (or any parent up to mount point /)
Stopping at filesystem boundary (GIT_DISCOVERY_ACROSS_FILESYSTEM not set).
2024-02-10 10:16:20.090 [info] > git status -z -uall [6ms]
2024-02-10 10:16:20.147 [info] > git rev-parse --show-toplevel [57ms]
2024-02-10 10:16:20.147 [info] fatal: not a git repository (or any parent up to mount point /)
Stopping at filesystem boundary (GIT_DISCOVERY_ACROSS_FILESYSTEM not set).
2024-02-10 10:16:20.157 [info] > git rev-parse --show-toplevel [2ms]
2024-02-10 10:16:20.157 [info] fatal: not a git repository (or any parent up to mount point /)
Stopping at filesystem boundary (GIT_DISCOVERY_ACROSS_FILESYSTEM not set).
2024-02-10 10:16:20.164 [info] > git rev-parse --show-toplevel [2ms]
2024-02-10 10:16:20.164 [info] fatal: not a git repository (or any parent up to mount point /)
Stopping at filesystem boundary (GIT_DISCOVERY_ACROSS_FILESYSTEM not set).
2024-02-10 10:16:20.172 [info] > git rev-parse --show-toplevel [1ms]
2024-02-10 10:16:20.172 [info] fatal: not a git repository (or any parent up to mount point /)
Stopping at filesystem boundary (GIT_DISCOVERY_ACROSS_FILESYSTEM not set).
2024-02-10 10:16:20.178 [info] > git rev-parse --show-toplevel [1ms]
2024-02-10 10:16:20.178 [info] fatal: not a git repository (or any parent up to mount point /)
Stopping at filesystem boundary (GIT_DISCOVERY_ACROSS_FILESYSTEM not set).
2024-02-10 10:16:20.185 [info] > git rev-parse --show-toplevel [2ms]
2024-02-10 10:16:20.185 [info] fatal: not a git repository (or any parent up to mount point /)
Stopping at filesystem boundary (GIT_DISCOVERY_ACROSS_FILESYSTEM not set).
2024-02-10 10:16:20.192 [info] > git rev-parse --show-toplevel [2ms]
2024-02-10 10:16:20.192 [info] fatal: not a git repository (or any parent up to mount point /)
Stopping at filesystem boundary (GIT_DISCOVERY_ACROSS_FILESYSTEM not set).
2024-02-10 10:16:20.198 [info] > git rev-parse --show-toplevel [1ms]
2024-02-10 10:16:20.198 [info] fatal: not a git repository (or any parent up to mount point /)
Stopping at filesystem boundary (GIT_DISCOVERY_ACROSS_FILESYSTEM not set).
2024-02-10 10:16:20.205 [info] > git rev-parse --show-toplevel [1ms]
2024-02-10 10:16:20.205 [info] fatal: not a git repository (or any parent up to mount point /)
Stopping at filesystem boundary (GIT_DISCOVERY_ACROSS_FILESYSTEM not set).
2024-02-10 10:16:20.210 [info] > git rev-parse --show-toplevel [1ms]
2024-02-10 10:16:20.210 [info] fatal: not a git repository (or any parent up to mount point /)
Stopping at filesystem boundary (GIT_DISCOVERY_ACROSS_FILESYSTEM not set).
2024-02-10 10:16:20.216 [info] > git rev-parse --show-toplevel [1ms]
2024-02-10 10:16:20.216 [info] fatal: not a git repository (or any parent up to mount point /)
Stopping at filesystem boundary (GIT_DISCOVERY_ACROSS_FILESYSTEM not set).
2024-02-10 10:16:20.223 [info] > git rev-parse --show-toplevel [2ms]
2024-02-10 10:16:20.223 [info] fatal: not a git repository (or any parent up to mount point /)
Stopping at filesystem boundary (GIT_DISCOVERY_ACROSS_FILESYSTEM not set).
2024-02-10 10:16:20.229 [info] > git rev-parse --show-toplevel [1ms]
2024-02-10 10:16:20.229 [info] fatal: not a git repository (or any parent up to mount point /)
Stopping at filesystem boundary (GIT_DISCOVERY_ACROSS_FILESYSTEM not set).
2024-02-10 10:16:20.235 [info] > git rev-parse --show-toplevel [1ms]
2024-02-10 10:16:20.235 [info] fatal: not a git repository (or any parent up to mount point /)
Stopping at filesystem boundary (GIT_DISCOVERY_ACROSS_FILESYSTEM not set).
2024-02-10 10:16:20.242 [info] > git rev-parse --show-toplevel [1ms]
2024-02-10 10:16:20.242 [info] fatal: not a git repository (or any parent up to mount point /)
Stopping at filesystem boundary (GIT_DISCOVERY_ACROSS_FILESYSTEM not set).
2024-02-10 10:16:20.248 [info] > git rev-parse --show-toplevel [1ms]
2024-02-10 10:16:20.248 [info] fatal: not a git repository (or any parent up to mount point /)
Stopping at filesystem boundary (GIT_DISCOVERY_ACROSS_FILESYSTEM not set).
2024-02-10 10:16:20.257 [info] > git rev-parse --show-toplevel [1ms]
2024-02-10 10:16:20.257 [info] fatal: not a git repository (or any parent up to mount point /)
Stopping at filesystem boundary (GIT_DISCOVERY_ACROSS_FILESYSTEM not set).
2024-02-10 10:16:20.263 [info] > git rev-parse --show-toplevel [1ms]
2024-02-10 10:16:20.268 [info] > git rev-parse --git-dir --git-common-dir [1ms]
2024-02-10 10:16:20.277 [info] Open repository: /home/hubert/Dokumenty/dwm
2024-02-10 10:16:20.286 [info] > git config --get commit.template [3ms]
2024-02-10 10:16:20.294 [info] > git for-each-ref --format=%(refname)%00%(upstream:short)%00%(objectname)%00%(upstream:track)%00%(upstream:remotename)%00%(upstream:remoteref) refs/heads/master refs/remotes/master [1ms]
2024-02-10 10:16:20.327 [info] > git status -z -uall [27ms]
2024-02-10 10:16:20.337 [info] > git config --get commit.template [2ms]
2024-02-10 10:16:20.344 [info] > git for-each-ref --format=%(refname)%00%(upstream:short)%00%(objectname)%00%(upstream:track)%00%(upstream:remotename)%00%(upstream:remoteref) refs/heads/master refs/remotes/master [1ms]
2024-02-10 10:16:20.356 [info] > git status -z -uall [7ms]
2024-02-10 10:16:20.626 [info] > git fetch [641ms]
2024-02-10 10:16:20.626 [info] From https://github.com/AstroNvim/AstroNvim
   0a760e6..49d4817  main       -> origin/main
 * [new tag]         v3.43.3    -> v3.43.3
 * [new tag]         v3.42.4    -> v3.42.4
 * [new tag]         v3.43.0    -> v3.43.0
 * [new tag]         v3.43.1    -> v3.43.1
 * [new tag]         v3.43.2    -> v3.43.2
2024-02-10 10:16:20.637 [info] > git config --get commit.template [5ms]
2024-02-10 10:16:20.642 [info] > git for-each-ref --format %(refname) %(objectname) %(*objectname) refs/tags [5ms]
2024-02-10 10:16:20.649 [info] > git status -z -uall [3ms]
2024-02-10 10:16:21.105 [info] > git fetch [828ms]
2024-02-10 10:16:21.105 [info] From https://github.com/trebuhw/dwm
   ac81e5a..df8e4f0  master     -> origin/master
2024-02-10 10:16:21.114 [info] > git config --get commit.template [5ms]
2024-02-10 10:16:21.115 [info] > git for-each-ref --format=%(refname)%00%(upstream:short)%00%(objectname)%00%(upstream:track)%00%(upstream:remotename)%00%(upstream:remoteref) refs/heads/master refs/remotes/master [1ms]
2024-02-10 10:16:21.126 [info] > git status -z -uall [6ms]
2024-02-10 10:16:22.492 [info] > git check-ignore -v -z --stdin [3ms]
2024-02-10 10:16:24.152 [info] > git check-ignore -v -z --stdin [1ms]
2024-02-10 10:16:26.412 [info] > git show --textconv :README.md [10ms]
2024-02-10 10:16:26.430 [info] > git ls-files --stage -- /home/hubert/Dokumenty/dwm/README.md [20ms]
2024-02-10 10:16:26.448 [info] > git cat-file -s e5ddda798d168b176a5a1d3bf6f8e2e0db7a689b [11ms]
2024-02-10 10:16:29.825 [info] > git rev-parse --show-toplevel [7ms]
2024-02-10 10:16:29.825 [info] fatal: not a git repository (or any parent up to mount point /)
Stopping at filesystem boundary (GIT_DISCOVERY_ACROSS_FILESYSTEM not set).
2024-02-10 10:16:29.836 [info] > git rev-parse --show-toplevel [4ms]
2024-02-10 10:16:29.836 [info] fatal: not a git repository (or any parent up to mount point /)
Stopping at filesystem boundary (GIT_DISCOVERY_ACROSS_FILESYSTEM not set).
2024-02-10 10:16:29.881 [info] > git rev-parse --show-toplevel [2ms]
2024-02-10 10:16:29.881 [info] fatal: not a git repository (or any parent up to mount point /)
Stopping at filesystem boundary (GIT_DISCOVERY_ACROSS_FILESYSTEM not set).
2024-02-10 10:16:29.888 [info] > git rev-parse --show-toplevel [1ms]
2024-02-10 10:16:29.888 [info] fatal: not a git repository (or any parent up to mount point /)
Stopping at filesystem boundary (GIT_DISCOVERY_ACROSS_FILESYSTEM not set).
2024-02-10 10:17:00.472 [info] > git rev-parse --show-toplevel [3ms]
2024-02-10 10:17:00.482 [info] > git rev-parse --git-dir --git-common-dir [2ms]
2024-02-10 10:17:00.499 [info] Open repository: /home/hubert/Dokumenty/GitHub/dwm
2024-02-10 10:17:00.514 [info] > git config --get commit.template [8ms]
2024-02-10 10:17:00.521 [info] > git for-each-ref --format=%(refname)%00%(upstream:short)%00%(objectname)%00%(upstream:track)%00%(upstream:remotename)%00%(upstream:remoteref) refs/heads/master refs/remotes/master [1ms]
2024-02-10 10:17:00.533 [info] > git status -z -uall [1ms]
2024-02-10 10:17:00.558 [info] > git config --get commit.template [7ms]
2024-02-10 10:17:00.559 [info] > git for-each-ref --format=%(refname)%00%(upstream:short)%00%(objectname)%00%(upstream:track)%00%(upstream:remotename)%00%(upstream:remoteref) refs/heads/master refs/remotes/master [1ms]
2024-02-10 10:17:00.568 [info] > git status -z -uall [3ms]
2024-02-10 10:17:00.917 [info] > git show --textconv :README.md [14ms]
2024-02-10 10:17:00.920 [info] > git ls-files --stage -- /home/hubert/Dokumenty/GitHub/dwm/README.md [3ms]
2024-02-10 10:17:00.934 [info] > git cat-file -s e5ddda798d168b176a5a1d3bf6f8e2e0db7a689b [3ms]
2024-02-10 10:17:01.088 [info] > git fetch [590ms]
2024-02-10 10:17:01.128 [info] > git config --get commit.template [20ms]
2024-02-10 10:17:01.131 [info] > git for-each-ref --format=%(refname)%00%(upstream:short)%00%(objectname)%00%(upstream:track)%00%(upstream:remotename)%00%(upstream:remoteref) refs/heads/master refs/remotes/master [5ms]
2024-02-10 10:17:01.156 [info] > git status -z -uall [8ms]
2024-02-10 10:17:01.208 [info] > git check-ignore -v -z --stdin [24ms]
2024-02-10 10:17:01.209 [info] > git check-ignore -v -z --stdin [14ms]
2024-02-10 10:17:02.303 [info] > git config --get commit.template [6ms]
2024-02-10 10:17:02.304 [info] > git for-each-ref --format=%(refname)%00%(upstream:short)%00%(objectname)%00%(upstream:track)%00%(upstream:remotename)%00%(upstream:remoteref) refs/heads/master refs/remotes/master [2ms]
2024-02-10 10:17:02.312 [info] > git status -z -uall [3ms]
2024-02-10 10:17:02.395 [info] > git ls-files --stage -- /home/hubert/Dokumenty/GitHub/dwm/README.md [1ms]
2024-02-10 10:17:02.400 [info] > git cat-file -s e5ddda798d168b176a5a1d3bf6f8e2e0db7a689b [1ms]
2024-02-10 10:17:02.407 [info] > git show --textconv :README.md [2ms]
2024-02-10 10:17:45.800 [info] > git for-each-ref --format=%(refname)%00%(upstream:short)%00%(objectname)%00%(upstream:track)%00%(upstream:remotename)%00%(upstream:remoteref) refs/heads/master refs/remotes/master [9ms]
2024-02-10 10:17:45.801 [info] > git config --get commit.template [26ms]
2024-02-10 10:17:45.824 [info] > git status -z -uall [7ms]
2024-02-10 10:17:50.853 [info] > git config --get commit.template [5ms]
2024-02-10 10:17:50.854 [info] > git for-each-ref --format=%(refname)%00%(upstream:short)%00%(objectname)%00%(upstream:track)%00%(upstream:remotename)%00%(upstream:remoteref) refs/heads/master refs/remotes/master [1ms]
2024-02-10 10:17:50.862 [info] > git status -z -uall [3ms]
2024-02-10 10:17:55.907 [info] > git config --get commit.template [21ms]
2024-02-10 10:17:55.910 [info] > git for-each-ref --format=%(refname)%00%(upstream:short)%00%(objectname)%00%(upstream:track)%00%(upstream:remotename)%00%(upstream:remoteref) refs/heads/master refs/remotes/master [6ms]
2024-02-10 10:17:55.938 [info] > git status -z -uall [10ms]
2024-02-10 10:18:14.173 [info] > git config --get commit.template [6ms]
2024-02-10 10:18:14.174 [info] > git for-each-ref --format=%(refname)%00%(upstream:short)%00%(objectname)%00%(upstream:track)%00%(upstream:remotename)%00%(upstream:remoteref) refs/heads/master refs/remotes/master [1ms]
2024-02-10 10:18:14.183 [info] > git status -z -uall [3ms]
2024-02-10 10:18:19.228 [info] > git config --get commit.template [23ms]
2024-02-10 10:18:19.230 [info] > git for-each-ref --format=%(refname)%00%(upstream:short)%00%(objectname)%00%(upstream:track)%00%(upstream:remotename)%00%(upstream:remoteref) refs/heads/master refs/remotes/master [6ms]
2024-02-10 10:18:19.258 [info] > git status -z -uall [10ms]
2024-02-10 10:18:24.306 [info] > git config --get commit.template [20ms]
2024-02-10 10:18:24.309 [info] > git for-each-ref --format=%(refname)%00%(upstream:short)%00%(objectname)%00%(upstream:track)%00%(upstream:remotename)%00%(upstream:remoteref) refs/heads/master refs/remotes/master [5ms]
2024-02-10 10:18:24.340 [info] > git status -z -uall [11ms]
2024-02-10 10:18:29.359 [info] > git config --get commit.template [7ms]
2024-02-10 10:18:29.360 [info] > git for-each-ref --format=%(refname)%00%(upstream:short)%00%(objectname)%00%(upstream:track)%00%(upstream:remotename)%00%(upstream:remoteref) refs/heads/master refs/remotes/master [2ms]
2024-02-10 10:18:29.370 [info] > git status -z -uall [4ms]
2024-02-10 10:18:34.416 [info] > git config --get commit.template [23ms]
2024-02-10 10:18:34.419 [info] > git for-each-ref --format=%(refname)%00%(upstream:short)%00%(objectname)%00%(upstream:track)%00%(upstream:remotename)%00%(upstream:remoteref) refs/heads/master refs/remotes/master [7ms]
2024-02-10 10:18:34.437 [info] > git status -z -uall [6ms]
2024-02-10 10:18:39.481 [info] > git config --get commit.template [20ms]
2024-02-10 10:18:39.484 [info] > git for-each-ref --format=%(refname)%00%(upstream:short)%00%(objectname)%00%(upstream:track)%00%(upstream:remotename)%00%(upstream:remoteref) refs/heads/master refs/remotes/master [5ms]
2024-02-10 10:18:39.513 [info] > git status -z -uall [9ms]
2024-02-10 10:18:44.561 [info] > git config --get commit.template [21ms]
2024-02-10 10:18:44.563 [info] > git for-each-ref --format=%(refname)%00%(upstream:short)%00%(objectname)%00%(upstream:track)%00%(upstream:remotename)%00%(upstream:remoteref) refs/heads/master refs/remotes/master [5ms]
2024-02-10 10:18:44.586 [info] > git status -z -uall [8ms]
2024-02-10 10:18:57.043 [info] > git config --get commit.template [22ms]
2024-02-10 10:18:57.046 [info] > git for-each-ref --format=%(refname)%00%(upstream:short)%00%(objectname)%00%(upstream:track)%00%(upstream:remotename)%00%(upstream:remoteref) refs/heads/master refs/remotes/master [5ms]
2024-02-10 10:18:57.075 [info] > git status -z -uall [10ms]
2024-02-10 10:19:21.193 [info] > git fetch [522ms]
2024-02-10 10:19:21.213 [info] > git config --get commit.template [10ms]
2024-02-10 10:19:21.222 [info] > git for-each-ref --format %(refname) %(objectname) %(*objectname) refs/tags [8ms]
2024-02-10 10:19:21.236 [info] > git status -z -uall [4ms]
2024-02-10 10:19:21.778 [info] > git fetch [629ms]
2024-02-10 10:19:21.816 [info] > git config --get commit.template [20ms]
2024-02-10 10:19:21.820 [info] > git for-each-ref --format=%(refname)%00%(upstream:short)%00%(objectname)%00%(upstream:track)%00%(upstream:remotename)%00%(upstream:remoteref) refs/heads/master refs/remotes/master [6ms]
2024-02-10 10:19:21.841 [info] > git status -z -uall [10ms]
2024-02-10 10:19:22.194 [info] > git config --get commit.template [20ms]
2024-02-10 10:19:22.197 [info] > git for-each-ref --format=%(refname)%00%(upstream:short)%00%(objectname)%00%(upstream:track)%00%(upstream:remotename)%00%(upstream:remoteref) refs/heads/master refs/remotes/master [6ms]
2024-02-10 10:19:22.225 [info] > git status -z -uall [10ms]
2024-02-10 10:19:22.407 [info] > git config --get commit.template [21ms]
2024-02-10 10:19:22.425 [info] > git for-each-ref --format %(refname) %(objectname) %(*objectname) refs/tags [17ms]
2024-02-10 10:19:22.444 [info] > git status -z -uall [6ms]
2024-02-10 10:19:23.014 [info] > git config --get commit.template [22ms]
2024-02-10 10:19:23.018 [info] > git for-each-ref --format=%(refname)%00%(upstream:short)%00%(objectname)%00%(upstream:track)%00%(upstream:remotename)%00%(upstream:remoteref) refs/heads/master refs/remotes/master [6ms]
2024-02-10 10:19:23.058 [info] > git status -z -uall [21ms]
2024-02-10 10:19:33.965 [info] > git config --get commit.template [22ms]
2024-02-10 10:19:33.968 [info] > git for-each-ref --format=%(refname)%00%(upstream:short)%00%(objectname)%00%(upstream:track)%00%(upstream:remotename)%00%(upstream:remoteref) refs/heads/master refs/remotes/master [5ms]
2024-02-10 10:19:33.998 [info] > git status -z -uall [11ms]
2024-02-10 10:19:54.473 [info] > git config --get commit.template [23ms]
2024-02-10 10:19:54.475 [info] > git for-each-ref --format=%(refname)%00%(upstream:short)%00%(objectname)%00%(upstream:track)%00%(upstream:remotename)%00%(upstream:remoteref) refs/heads/master refs/remotes/master [6ms]
2024-02-10 10:19:54.499 [info] > git status -z -uall [8ms]
2024-02-10 10:19:59.518 [info] > git config --get commit.template [5ms]
2024-02-10 10:19:59.519 [info] > git for-each-ref --format=%(refname)%00%(upstream:short)%00%(objectname)%00%(upstream:track)%00%(upstream:remotename)%00%(upstream:remoteref) refs/heads/master refs/remotes/master [1ms]
2024-02-10 10:19:59.527 [info] > git status -z -uall [3ms]
2024-02-10 10:20:01.874 [info] > git fetch [693ms]
2024-02-10 10:20:01.914 [info] > git config --get commit.template [22ms]
2024-02-10 10:20:01.916 [info] > git for-each-ref --format=%(refname)%00%(upstream:short)%00%(objectname)%00%(upstream:track)%00%(upstream:remotename)%00%(upstream:remoteref) refs/heads/master refs/remotes/master [5ms]
2024-02-10 10:20:01.942 [info] > git status -z -uall [8ms]
2024-02-10 10:20:03.072 [info] > git ls-files --stage -- /home/hubert/Dokumenty/GitHub/dwm/README.md [1ms]
2024-02-10 10:20:03.078 [info] > git cat-file -s e5ddda798d168b176a5a1d3bf6f8e2e0db7a689b [2ms]
2024-02-10 10:20:03.086 [info] > git show --textconv :README.md [2ms]
2024-02-10 10:20:06.953 [info] > git config --get commit.template [5ms]
2024-02-10 10:20:06.954 [info] > git for-each-ref --format=%(refname)%00%(upstream:short)%00%(objectname)%00%(upstream:track)%00%(upstream:remotename)%00%(upstream:remoteref) refs/heads/master refs/remotes/master [1ms]
2024-02-10 10:20:06.962 [info] > git status -z -uall [2ms]
2024-02-10 10:20:15.241 [info] > git config --get commit.template [22ms]
2024-02-10 10:20:15.244 [info] > git for-each-ref --format=%(refname)%00%(upstream:short)%00%(objectname)%00%(upstream:track)%00%(upstream:remotename)%00%(upstream:remoteref) refs/heads/master refs/remotes/master [5ms]
2024-02-10 10:20:15.271 [info] > git status -z -uall [9ms]
2024-02-10 10:20:20.321 [info] > git config --get commit.template [22ms]
2024-02-10 10:20:20.324 [info] > git for-each-ref --format=%(refname)%00%(upstream:short)%00%(objectname)%00%(upstream:track)%00%(upstream:remotename)%00%(upstream:remoteref) refs/heads/master refs/remotes/master [6ms]
2024-02-10 10:20:20.352 [info] > git status -z -uall [9ms]
2024-02-10 10:20:28.837 [info] > git config --get commit.template [20ms]
2024-02-10 10:20:28.841 [info] > git for-each-ref --format=%(refname)%00%(upstream:short)%00%(objectname)%00%(upstream:track)%00%(upstream:remotename)%00%(upstream:remoteref) refs/heads/master refs/remotes/master [5ms]
2024-02-10 10:20:28.870 [info] > git status -z -uall [10ms]
2024-02-10 10:20:36.610 [info] > git config --get commit.template [20ms]
2024-02-10 10:20:36.612 [info] > git for-each-ref --format=%(refname)%00%(upstream:short)%00%(objectname)%00%(upstream:track)%00%(upstream:remotename)%00%(upstream:remoteref) refs/heads/master refs/remotes/master [5ms]
2024-02-10 10:20:36.639 [info] > git status -z -uall [8ms]
2024-02-10 10:20:44.421 [info] > git config --get commit.template [8ms]
2024-02-10 10:20:44.422 [info] > git for-each-ref --format=%(refname)%00%(upstream:short)%00%(objectname)%00%(upstream:track)%00%(upstream:remotename)%00%(upstream:remoteref) refs/heads/master refs/remotes/master [2ms]
2024-02-10 10:20:44.429 [info] > git status -z -uall [2ms]
2024-02-10 10:20:49.477 [info] > git config --get commit.template [22ms]
2024-02-10 10:20:49.479 [info] > git for-each-ref --format=%(refname)%00%(upstream:short)%00%(objectname)%00%(upstream:track)%00%(upstream:remotename)%00%(upstream:remoteref) refs/heads/master refs/remotes/master [6ms]
2024-02-10 10:20:49.494 [info] > git status -z -uall [4ms]
2024-02-10 10:20:54.538 [info] > git config --get commit.template [20ms]
2024-02-10 10:20:54.541 [info] > git for-each-ref --format=%(refname)%00%(upstream:short)%00%(objectname)%00%(upstream:track)%00%(upstream:remotename)%00%(upstream:remoteref) refs/heads/master refs/remotes/master [5ms]
2024-02-10 10:20:54.570 [info] > git status -z -uall [11ms]
2024-02-10 10:20:59.635 [info] > git for-each-ref --format=%(refname)%00%(upstream:short)%00%(objectname)%00%(upstream:track)%00%(upstream:remotename)%00%(upstream:remoteref) refs/heads/master refs/remotes/master [22ms]
2024-02-10 10:20:59.635 [info] > git config --get commit.template [40ms]
2024-02-10 10:20:59.649 [info] > git status -z -uall [4ms]
2024-02-10 10:21:04.693 [info] > git config --get commit.template [23ms]
2024-02-10 10:21:04.695 [info] > git for-each-ref --format=%(refname)%00%(upstream:short)%00%(objectname)%00%(upstream:track)%00%(upstream:remotename)%00%(upstream:remoteref) refs/heads/master refs/remotes/master [6ms]
2024-02-10 10:21:04.724 [info] > git status -z -uall [11ms]
2024-02-10 10:21:09.769 [info] > git config --get commit.template [21ms]
2024-02-10 10:21:09.772 [info] > git for-each-ref --format=%(refname)%00%(upstream:short)%00%(objectname)%00%(upstream:track)%00%(upstream:remotename)%00%(upstream:remoteref) refs/heads/master refs/remotes/master [5ms]
2024-02-10 10:21:09.801 [info] > git status -z -uall [10ms]
2024-02-10 10:21:14.820 [info] > git config --get commit.template [6ms]
2024-02-10 10:21:14.821 [info] > git for-each-ref --format=%(refname)%00%(upstream:short)%00%(objectname)%00%(upstream:track)%00%(upstream:remotename)%00%(upstream:remoteref) refs/heads/master refs/remotes/master [1ms]
2024-02-10 10:21:14.829 [info] > git status -z -uall [3ms]
2024-02-10 10:21:47.417 [info] > git config --get commit.template [12ms]
2024-02-10 10:21:47.419 [info] > git for-each-ref --format=%(refname)%00%(upstream:short)%00%(objectname)%00%(upstream:track)%00%(upstream:remotename)%00%(upstream:remoteref) refs/heads/master refs/remotes/master [4ms]
2024-02-10 10:21:47.440 [info] > git status -z -uall [7ms]
2024-02-10 10:21:52.485 [info] > git config --get commit.template [23ms]
2024-02-10 10:21:52.488 [info] > git for-each-ref --format=%(refname)%00%(upstream:short)%00%(objectname)%00%(upstream:track)%00%(upstream:remotename)%00%(upstream:remoteref) refs/heads/master refs/remotes/master [5ms]
2024-02-10 10:21:52.517 [info] > git status -z -uall [11ms]
2024-02-10 10:22:01.354 [info] > git config --get commit.template [19ms]
2024-02-10 10:22:01.357 [info] > git for-each-ref --format=%(refname)%00%(upstream:short)%00%(objectname)%00%(upstream:track)%00%(upstream:remotename)%00%(upstream:remoteref) refs/heads/master refs/remotes/master [6ms]
2024-02-10 10:22:01.385 [info] > git status -z -uall [9ms]
2024-02-10 10:22:06.421 [info] > git config --get commit.template [13ms]
2024-02-10 10:22:06.422 [info] > git for-each-ref --format=%(refname)%00%(upstream:short)%00%(objectname)%00%(upstream:track)%00%(upstream:remotename)%00%(upstream:remoteref) refs/heads/master refs/remotes/master [3ms]
2024-02-10 10:22:06.435 [info] > git status -z -uall [4ms]
2024-02-10 10:22:11.480 [info] > git config --get commit.template [21ms]
2024-02-10 10:22:11.483 [info] > git for-each-ref --format=%(refname)%00%(upstream:short)%00%(objectname)%00%(upstream:track)%00%(upstream:remotename)%00%(upstream:remoteref) refs/heads/master refs/remotes/master [5ms]
2024-02-10 10:22:11.507 [info] > git status -z -uall [7ms]
2024-02-10 10:22:21.731 [info] > git fetch [484ms]
2024-02-10 10:22:21.747 [info] > git config --get commit.template [9ms]
2024-02-10 10:22:21.753 [info] > git for-each-ref --format %(refname) %(objectname) %(*objectname) refs/tags [8ms]
2024-02-10 10:22:21.766 [info] > git status -z -uall [5ms]
2024-02-10 10:22:22.511 [info] > git fetch [646ms]
2024-02-10 10:22:22.551 [info] > git config --get commit.template [21ms]
2024-02-10 10:22:22.555 [info] > git for-each-ref --format=%(refname)%00%(upstream:short)%00%(objectname)%00%(upstream:track)%00%(upstream:remotename)%00%(upstream:remoteref) refs/heads/master refs/remotes/master [6ms]
2024-02-10 10:22:22.590 [info] > git status -z -uall [17ms]
2024-02-10 10:22:22.890 [info] > git config --get commit.template [5ms]
2024-02-10 10:22:22.895 [info] > git for-each-ref --format %(refname) %(objectname) %(*objectname) refs/tags [4ms]
2024-02-10 10:22:22.903 [info] > git status -z -uall [2ms]
2024-02-10 10:22:29.538 [info] > git config --get commit.template [21ms]
2024-02-10 10:22:29.541 [info] > git for-each-ref --format=%(refname)%00%(upstream:short)%00%(objectname)%00%(upstream:track)%00%(upstream:remotename)%00%(upstream:remoteref) refs/heads/master refs/remotes/master [5ms]
2024-02-10 10:22:29.568 [info] > git status -z -uall [9ms]
2024-02-10 10:22:36.342 [info] > git config --get commit.template [6ms]
2024-02-10 10:22:36.371 [info] > git for-each-ref --format=%(refname)%00%(upstream:short)%00%(objectname)%00%(upstream:track)%00%(upstream:remotename)%00%(upstream:remoteref) refs/heads/master refs/remotes/master [10ms]
2024-02-10 10:22:36.394 [info] > git status -z -uall [5ms]
2024-02-10 10:22:41.435 [info] > git config --get commit.template [20ms]
2024-02-10 10:22:41.438 [info] > git for-each-ref --format=%(refname)%00%(upstream:short)%00%(objectname)%00%(upstream:track)%00%(upstream:remotename)%00%(upstream:remoteref) refs/heads/master refs/remotes/master [5ms]
2024-02-10 10:22:41.468 [info] > git status -z -uall [11ms]
2024-02-10 10:22:46.668 [info] > git config --get commit.template [7ms]
2024-02-10 10:22:46.669 [info] > git for-each-ref --format=%(refname)%00%(upstream:short)%00%(objectname)%00%(upstream:track)%00%(upstream:remotename)%00%(upstream:remoteref) refs/heads/master refs/remotes/master [2ms]
2024-02-10 10:22:46.679 [info] > git status -z -uall [4ms]
2024-02-10 10:22:51.723 [info] > git config --get commit.template [21ms]
2024-02-10 10:22:51.726 [info] > git for-each-ref --format=%(refname)%00%(upstream:short)%00%(objectname)%00%(upstream:track)%00%(upstream:remotename)%00%(upstream:remoteref) refs/heads/master refs/remotes/master [5ms]
2024-02-10 10:22:51.743 [info] > git status -z -uall [6ms]
2024-02-10 10:22:56.790 [info] > git config --get commit.template [22ms]
2024-02-10 10:22:56.794 [info] > git for-each-ref --format=%(refname)%00%(upstream:short)%00%(objectname)%00%(upstream:track)%00%(upstream:remotename)%00%(upstream:remoteref) refs/heads/master refs/remotes/master [7ms]
2024-02-10 10:22:56.813 [info] > git status -z -uall [5ms]
2024-02-10 10:23:01.839 [info] > git config --get commit.template [5ms]
2024-02-10 10:23:01.862 [info] > git for-each-ref --format=%(refname)%00%(upstream:short)%00%(objectname)%00%(upstream:track)%00%(upstream:remotename)%00%(upstream:remoteref) refs/heads/master refs/remotes/master [6ms]
2024-02-10 10:23:01.890 [info] > git status -z -uall [9ms]
2024-02-10 10:23:02.581 [info] > git fetch [628ms]
2024-02-10 10:23:02.622 [info] > git config --get commit.template [20ms]
2024-02-10 10:23:02.625 [info] > git for-each-ref --format=%(refname)%00%(upstream:short)%00%(objectname)%00%(upstream:track)%00%(upstream:remotename)%00%(upstream:remoteref) refs/heads/master refs/remotes/master [6ms]
2024-02-10 10:23:02.648 [info] > git status -z -uall [5ms]
2024-02-10 10:23:03.771 [info] > git ls-files --stage -- /home/hubert/Dokumenty/GitHub/dwm/README.md [4ms]
2024-02-10 10:23:03.792 [info] > git cat-file -s e5ddda798d168b176a5a1d3bf6f8e2e0db7a689b [5ms]
2024-02-10 10:23:03.822 [info] > git show --textconv :README.md [7ms]
2024-02-10 10:23:06.937 [info] > git config --get commit.template [21ms]
2024-02-10 10:23:06.940 [info] > git for-each-ref --format=%(refname)%00%(upstream:short)%00%(objectname)%00%(upstream:track)%00%(upstream:remotename)%00%(upstream:remoteref) refs/heads/master refs/remotes/master [6ms]
2024-02-10 10:23:06.969 [info] > git status -z -uall [10ms]
2024-02-10 10:23:12.015 [info] > git config --get commit.template [19ms]
2024-02-10 10:23:12.017 [info] > git for-each-ref --format=%(refname)%00%(upstream:short)%00%(objectname)%00%(upstream:track)%00%(upstream:remotename)%00%(upstream:remoteref) refs/heads/master refs/remotes/master [3ms]
2024-02-10 10:23:12.033 [info] > git status -z -uall [6ms]
2024-02-10 10:23:17.080 [info] > git config --get commit.template [19ms]
2024-02-10 10:23:17.083 [info] > git for-each-ref --format=%(refname)%00%(upstream:short)%00%(objectname)%00%(upstream:track)%00%(upstream:remotename)%00%(upstream:remoteref) refs/heads/master refs/remotes/master [5ms]
2024-02-10 10:23:17.112 [info] > git status -z -uall [10ms]
2024-02-10 10:23:22.160 [info] > git config --get commit.template [23ms]
2024-02-10 10:23:22.163 [info] > git for-each-ref --format=%(refname)%00%(upstream:short)%00%(objectname)%00%(upstream:track)%00%(upstream:remotename)%00%(upstream:remoteref) refs/heads/master refs/remotes/master [5ms]
2024-02-10 10:23:22.180 [info] > git status -z -uall [5ms]
2024-02-10 10:23:27.221 [info] > git config --get commit.template [20ms]
2024-02-10 10:23:27.224 [info] > git for-each-ref --format=%(refname)%00%(upstream:short)%00%(objectname)%00%(upstream:track)%00%(upstream:remotename)%00%(upstream:remoteref) refs/heads/master refs/remotes/master [5ms]
2024-02-10 10:23:27.253 [info] > git status -z -uall [11ms]
2024-02-10 10:23:32.272 [info] > git config --get commit.template [5ms]
2024-02-10 10:23:32.273 [info] > git for-each-ref --format=%(refname)%00%(upstream:short)%00%(objectname)%00%(upstream:track)%00%(upstream:remotename)%00%(upstream:remoteref) refs/heads/master refs/remotes/master [1ms]
2024-02-10 10:23:32.282 [info] > git status -z -uall [3ms]
2024-02-10 10:23:42.350 [info] > git config --get commit.template [5ms]
2024-02-10 10:23:42.351 [info] > git for-each-ref --format=%(refname)%00%(upstream:short)%00%(objectname)%00%(upstream:track)%00%(upstream:remotename)%00%(upstream:remoteref) refs/heads/master refs/remotes/master [1ms]
2024-02-10 10:23:42.360 [info] > git status -z -uall [3ms]
2024-02-10 10:23:50.443 [info] > git config --get commit.template [20ms]
2024-02-10 10:23:50.445 [info] > git for-each-ref --format=%(refname)%00%(upstream:short)%00%(objectname)%00%(upstream:track)%00%(upstream:remotename)%00%(upstream:remoteref) refs/heads/master refs/remotes/master [5ms]
2024-02-10 10:23:50.474 [info] > git status -z -uall [10ms]
2024-02-10 10:23:55.517 [info] > git config --get commit.template [7ms]
2024-02-10 10:23:55.536 [info] > git for-each-ref --format=%(refname)%00%(upstream:short)%00%(objectname)%00%(upstream:track)%00%(upstream:remotename)%00%(upstream:remoteref) refs/heads/master refs/remotes/master [2ms]
2024-02-10 10:23:55.545 [info] > git status -z -uall [2ms]
2024-02-10 10:24:02.625 [info] > git config --get commit.template [6ms]
2024-02-10 10:24:02.625 [info] > git for-each-ref --format=%(refname)%00%(upstream:short)%00%(objectname)%00%(upstream:track)%00%(upstream:remotename)%00%(upstream:remoteref) refs/heads/master refs/remotes/master [1ms]
2024-02-10 10:24:02.634 [info] > git status -z -uall [3ms]
2024-02-10 10:24:07.675 [info] > git config --get commit.template [17ms]
2024-02-10 10:24:07.676 [info] > git for-each-ref --format=%(refname)%00%(upstream:short)%00%(objectname)%00%(upstream:track)%00%(upstream:remotename)%00%(upstream:remoteref) refs/heads/master refs/remotes/master [3ms]
2024-02-10 10:24:07.689 [info] > git status -z -uall [4ms]
2024-02-10 10:24:12.736 [info] > git config --get commit.template [22ms]
2024-02-10 10:24:12.739 [info] > git for-each-ref --format=%(refname)%00%(upstream:short)%00%(objectname)%00%(upstream:track)%00%(upstream:remotename)%00%(upstream:remoteref) refs/heads/master refs/remotes/master [5ms]
2024-02-10 10:24:12.764 [info] > git status -z -uall [8ms]
2024-02-10 10:24:17.795 [info] > git config --get commit.template [6ms]
2024-02-10 10:24:17.808 [info] > git for-each-ref --format=%(refname)%00%(upstream:short)%00%(objectname)%00%(upstream:track)%00%(upstream:remotename)%00%(upstream:remoteref) refs/heads/master refs/remotes/master [2ms]
2024-02-10 10:24:17.820 [info] > git status -z -uall [3ms]
2024-02-10 10:24:22.863 [info] > git config --get commit.template [20ms]
2024-02-10 10:24:22.865 [info] > git for-each-ref --format=%(refname)%00%(upstream:short)%00%(objectname)%00%(upstream:track)%00%(upstream:remotename)%00%(upstream:remoteref) refs/heads/master refs/remotes/master [5ms]
2024-02-10 10:24:22.894 [info] > git status -z -uall [10ms]
2024-02-10 10:24:27.943 [info] > git config --get commit.template [22ms]
2024-02-10 10:24:27.947 [info] > git for-each-ref --format=%(refname)%00%(upstream:short)%00%(objectname)%00%(upstream:track)%00%(upstream:remotename)%00%(upstream:remoteref) refs/heads/master refs/remotes/master [5ms]
2024-02-10 10:24:27.977 [info] > git status -z -uall [11ms]
2024-02-10 10:24:33.024 [info] > git config --get commit.template [20ms]
2024-02-10 10:24:33.028 [info] > git for-each-ref --format=%(refname)%00%(upstream:short)%00%(objectname)%00%(upstream:track)%00%(upstream:remotename)%00%(upstream:remoteref) refs/heads/master refs/remotes/master [6ms]
2024-02-10 10:24:33.056 [info] > git status -z -uall [10ms]
2024-02-10 10:24:50.459 [info] > git config --get commit.template [22ms]
2024-02-10 10:24:50.462 [info] > git for-each-ref --format=%(refname)%00%(upstream:short)%00%(objectname)%00%(upstream:track)%00%(upstream:remotename)%00%(upstream:remoteref) refs/heads/master refs/remotes/master [5ms]
2024-02-10 10:24:50.492 [info] > git status -z -uall [11ms]
2024-02-10 10:24:56.168 [info] > git config --get commit.template [22ms]
2024-02-10 10:24:56.171 [info] > git for-each-ref --format=%(refname)%00%(upstream:short)%00%(objectname)%00%(upstream:track)%00%(upstream:remotename)%00%(upstream:remoteref) refs/heads/master refs/remotes/master [5ms]
2024-02-10 10:24:56.200 [info] > git status -z -uall [10ms]
2024-02-10 10:25:01.228 [info] > git config --get commit.template [6ms]
2024-02-10 10:25:01.229 [info] > git for-each-ref --format=%(refname)%00%(upstream:short)%00%(objectname)%00%(upstream:track)%00%(upstream:remotename)%00%(upstream:remoteref) refs/heads/master refs/remotes/master [2ms]
2024-02-10 10:25:01.237 [info] > git status -z -uall [3ms]
2024-02-10 10:25:06.280 [info] > git config --get commit.template [20ms]
2024-02-10 10:25:06.284 [info] > git for-each-ref --format=%(refname)%00%(upstream:short)%00%(objectname)%00%(upstream:track)%00%(upstream:remotename)%00%(upstream:remoteref) refs/heads/master refs/remotes/master [5ms]
2024-02-10 10:25:06.311 [info] > git status -z -uall [9ms]
2024-02-10 10:25:11.485 [info] > git config --get commit.template [21ms]
2024-02-10 10:25:11.493 [info] > git for-each-ref --format=%(refname)%00%(upstream:short)%00%(objectname)%00%(upstream:track)%00%(upstream:remotename)%00%(upstream:remoteref) refs/heads/master refs/remotes/master [11ms]
2024-02-10 10:25:11.514 [info] > git status -z -uall [6ms]
2024-02-10 10:25:16.552 [info] > git config --get commit.template [13ms]
2024-02-10 10:25:16.553 [info] > git for-each-ref --format=%(refname)%00%(upstream:short)%00%(objectname)%00%(upstream:track)%00%(upstream:remotename)%00%(upstream:remoteref) refs/heads/master refs/remotes/master [2ms]
2024-02-10 10:25:16.566 [info] > git status -z -uall [4ms]
2024-02-10 10:25:21.610 [info] > git config --get commit.template [21ms]
2024-02-10 10:25:21.614 [info] > git for-each-ref --format=%(refname)%00%(upstream:short)%00%(objectname)%00%(upstream:track)%00%(upstream:remotename)%00%(upstream:remoteref) refs/heads/master refs/remotes/master [6ms]
2024-02-10 10:25:21.636 [info] > git status -z -uall [7ms]
2024-02-10 10:25:22.262 [info] > git fetch [487ms]
2024-02-10 10:25:22.304 [info] > git config --get commit.template [22ms]
2024-02-10 10:25:22.312 [info] > git for-each-ref --format %(refname) %(objectname) %(*objectname) refs/tags [11ms]
2024-02-10 10:25:22.323 [info] > git status -z -uall [3ms]
2024-02-10 10:25:23.252 [info] > git fetch [640ms]
2024-02-10 10:25:23.294 [info] > git config --get commit.template [20ms]
2024-02-10 10:25:23.297 [info] > git for-each-ref --format=%(refname)%00%(upstream:short)%00%(objectname)%00%(upstream:track)%00%(upstream:remotename)%00%(upstream:remoteref) refs/heads/master refs/remotes/master [4ms]
2024-02-10 10:25:23.315 [info] > git status -z -uall [9ms]
2024-02-10 10:25:23.493 [info] > git config --get commit.template [20ms]
2024-02-10 10:25:23.504 [info] > git for-each-ref --format %(refname) %(objectname) %(*objectname) refs/tags [13ms]
2024-02-10 10:25:23.516 [info] > git status -z -uall [4ms]
2024-02-10 10:25:32.267 [info] > git config --get commit.template [17ms]
2024-02-10 10:25:32.270 [info] > git for-each-ref --format=%(refname)%00%(upstream:short)%00%(objectname)%00%(upstream:track)%00%(upstream:remotename)%00%(upstream:remoteref) refs/heads/master refs/remotes/master [4ms]
2024-02-10 10:25:32.293 [info] > git status -z -uall [7ms]
2024-02-10 10:26:01.684 [info] > git config --get commit.template [20ms]
2024-02-10 10:26:01.689 [info] > git for-each-ref --format=%(refname)%00%(upstream:short)%00%(objectname)%00%(upstream:track)%00%(upstream:remotename)%00%(upstream:remoteref) refs/heads/master refs/remotes/master [6ms]
2024-02-10 10:26:01.722 [info] > git status -z -uall [5ms]
2024-02-10 10:26:03.307 [info] > git fetch [636ms]
2024-02-10 10:26:03.348 [info] > git config --get commit.template [21ms]
2024-02-10 10:26:03.352 [info] > git for-each-ref --format=%(refname)%00%(upstream:short)%00%(objectname)%00%(upstream:track)%00%(upstream:remotename)%00%(upstream:remoteref) refs/heads/master refs/remotes/master [5ms]
2024-02-10 10:26:03.380 [info] > git status -z -uall [9ms]
2024-02-10 10:26:04.638 [info] > git ls-files --stage -- /home/hubert/Dokumenty/GitHub/dwm/README.md [5ms]
2024-02-10 10:26:04.660 [info] > git cat-file -s e5ddda798d168b176a5a1d3bf6f8e2e0db7a689b [4ms]
2024-02-10 10:26:04.687 [info] > git show --textconv :README.md [6ms]
2024-02-10 10:26:06.766 [info] > git config --get commit.template [20ms]
2024-02-10 10:26:06.769 [info] > git for-each-ref --format=%(refname)%00%(upstream:short)%00%(objectname)%00%(upstream:track)%00%(upstream:remotename)%00%(upstream:remoteref) refs/heads/master refs/remotes/master [5ms]
2024-02-10 10:26:06.799 [info] > git status -z -uall [10ms]
2024-02-10 10:26:11.857 [info] > git for-each-ref --format=%(refname)%00%(upstream:short)%00%(objectname)%00%(upstream:track)%00%(upstream:remotename)%00%(upstream:remoteref) refs/heads/master refs/remotes/master [12ms]
2024-02-10 10:26:11.858 [info] > git config --get commit.template [33ms]
2024-02-10 10:26:11.876 [info] > git status -z -uall [5ms]
2024-02-10 10:26:16.925 [info] > git config --get commit.template [24ms]
2024-02-10 10:26:16.929 [info] > git for-each-ref --format=%(refname)%00%(upstream:short)%00%(objectname)%00%(upstream:track)%00%(upstream:remotename)%00%(upstream:remoteref) refs/heads/master refs/remotes/master [5ms]
2024-02-10 10:26:16.958 [info] > git status -z -uall [9ms]
2024-02-10 10:26:21.990 [info] > git config --get commit.template [5ms]
2024-02-10 10:26:22.013 [info] > git for-each-ref --format=%(refname)%00%(upstream:short)%00%(objectname)%00%(upstream:track)%00%(upstream:remotename)%00%(upstream:remoteref) refs/heads/master refs/remotes/master [5ms]
2024-02-10 10:26:22.041 [info] > git status -z -uall [8ms]
2024-02-10 10:26:27.068 [info] > git config --get commit.template [6ms]
2024-02-10 10:26:27.069 [info] > git for-each-ref --format=%(refname)%00%(upstream:short)%00%(objectname)%00%(upstream:track)%00%(upstream:remotename)%00%(upstream:remoteref) refs/heads/master refs/remotes/master [2ms]
2024-02-10 10:26:27.076 [info] > git status -z -uall [2ms]
2024-02-10 10:26:32.094 [info] > git config --get commit.template [6ms]
2024-02-10 10:26:32.095 [info] > git for-each-ref --format=%(refname)%00%(upstream:short)%00%(objectname)%00%(upstream:track)%00%(upstream:remotename)%00%(upstream:remoteref) refs/heads/master refs/remotes/master [1ms]
2024-02-10 10:26:32.104 [info] > git status -z -uall [3ms]
2024-02-10 10:26:37.143 [info] > git config --get commit.template [9ms]
2024-02-10 10:26:37.157 [info] > git for-each-ref --format=%(refname)%00%(upstream:short)%00%(objectname)%00%(upstream:track)%00%(upstream:remotename)%00%(upstream:remoteref) refs/heads/master refs/remotes/master [2ms]
2024-02-10 10:26:37.168 [info] > git status -z -uall [4ms]
2024-02-10 10:26:42.211 [info] > git config --get commit.template [21ms]
2024-02-10 10:26:42.215 [info] > git for-each-ref --format=%(refname)%00%(upstream:short)%00%(objectname)%00%(upstream:track)%00%(upstream:remotename)%00%(upstream:remoteref) refs/heads/master refs/remotes/master [5ms]
2024-02-10 10:26:42.244 [info] > git status -z -uall [9ms]
2024-02-10 10:27:07.225 [info] > git config --get commit.template [22ms]
2024-02-10 10:27:07.228 [info] > git for-each-ref --format=%(refname)%00%(upstream:short)%00%(objectname)%00%(upstream:track)%00%(upstream:remotename)%00%(upstream:remoteref) refs/heads/master refs/remotes/master [5ms]
2024-02-10 10:27:07.257 [info] > git status -z -uall [10ms]
2024-02-10 10:27:15.074 [info] > git config --get commit.template [2ms]
2024-02-10 10:27:15.080 [info] > git for-each-ref --format=%(refname)%00%(upstream:short)%00%(objectname)%00%(upstream:track)%00%(upstream:remotename)%00%(upstream:remoteref) refs/heads/master refs/remotes/master [2ms]
2024-02-10 10:27:15.087 [info] > git status -z -uall [2ms]
2024-02-10 10:27:20.133 [info] > git config --get commit.template [22ms]
2024-02-10 10:27:20.136 [info] > git for-each-ref --format=%(refname)%00%(upstream:short)%00%(objectname)%00%(upstream:track)%00%(upstream:remotename)%00%(upstream:remoteref) refs/heads/master refs/remotes/master [5ms]
2024-02-10 10:27:20.166 [info] > git status -z -uall [10ms]
2024-02-10 10:27:35.259 [info] > git config --get commit.template [8ms]
2024-02-10 10:27:35.278 [info] > git for-each-ref --format=%(refname)%00%(upstream:short)%00%(objectname)%00%(upstream:track)%00%(upstream:remotename)%00%(upstream:remoteref) refs/heads/master refs/remotes/master [3ms]
2024-02-10 10:27:35.293 [info] > git status -z -uall [5ms]
2024-02-10 10:27:40.337 [info] > git config --get commit.template [20ms]
2024-02-10 10:27:40.340 [info] > git for-each-ref --format=%(refname)%00%(upstream:short)%00%(objectname)%00%(upstream:track)%00%(upstream:remotename)%00%(upstream:remoteref) refs/heads/master refs/remotes/master [6ms]
2024-02-10 10:27:40.369 [info] > git status -z -uall [10ms]
2024-02-10 10:27:45.415 [info] > git config --get commit.template [20ms]
2024-02-10 10:27:45.418 [info] > git for-each-ref --format=%(refname)%00%(upstream:short)%00%(objectname)%00%(upstream:track)%00%(upstream:remotename)%00%(upstream:remoteref) refs/heads/master refs/remotes/master [5ms]
2024-02-10 10:27:45.448 [info] > git status -z -uall [10ms]
2024-02-10 10:27:53.043 [info] > git config --get commit.template [6ms]
2024-02-10 10:27:53.044 [info] > git for-each-ref --format=%(refname)%00%(upstream:short)%00%(objectname)%00%(upstream:track)%00%(upstream:remotename)%00%(upstream:remoteref) refs/heads/master refs/remotes/master [1ms]
2024-02-10 10:27:53.051 [info] > git status -z -uall [3ms]
2024-02-10 10:27:58.095 [info] > git config --get commit.template [20ms]
2024-02-10 10:27:58.098 [info] > git for-each-ref --format=%(refname)%00%(upstream:short)%00%(objectname)%00%(upstream:track)%00%(upstream:remotename)%00%(upstream:remoteref) refs/heads/master refs/remotes/master [5ms]
2024-02-10 10:27:58.123 [info] > git status -z -uall [9ms]
2024-02-10 10:28:03.179 [info] > git config --get commit.template [30ms]
2024-02-10 10:28:03.180 [info] > git for-each-ref --format=%(refname)%00%(upstream:short)%00%(objectname)%00%(upstream:track)%00%(upstream:remotename)%00%(upstream:remoteref) refs/heads/master refs/remotes/master [6ms]
2024-02-10 10:28:03.194 [info] > git status -z -uall [4ms]
2024-02-10 10:28:08.241 [info] > git config --get commit.template [20ms]
2024-02-10 10:28:08.246 [info] > git for-each-ref --format=%(refname)%00%(upstream:short)%00%(objectname)%00%(upstream:track)%00%(upstream:remotename)%00%(upstream:remoteref) refs/heads/master refs/remotes/master [8ms]
2024-02-10 10:28:08.272 [info] > git status -z -uall [7ms]
2024-02-10 10:28:13.317 [info] > git config --get commit.template [22ms]
2024-02-10 10:28:13.319 [info] > git for-each-ref --format=%(refname)%00%(upstream:short)%00%(objectname)%00%(upstream:track)%00%(upstream:remotename)%00%(upstream:remoteref) refs/heads/master refs/remotes/master [5ms]
2024-02-10 10:28:13.348 [info] > git status -z -uall [10ms]
2024-02-10 10:28:18.372 [info] > git config --get commit.template [9ms]
2024-02-10 10:28:18.373 [info] > git for-each-ref --format=%(refname)%00%(upstream:short)%00%(objectname)%00%(upstream:track)%00%(upstream:remotename)%00%(upstream:remoteref) refs/heads/master refs/remotes/master [2ms]
2024-02-10 10:28:18.382 [info] > git status -z -uall [3ms]
2024-02-10 10:28:22.825 [info] > git fetch [480ms]
2024-02-10 10:28:22.838 [info] > git config --get commit.template [8ms]
2024-02-10 10:28:22.843 [info] > git for-each-ref --format %(refname) %(objectname) %(*objectname) refs/tags [5ms]
2024-02-10 10:28:22.852 [info] > git status -z -uall [2ms]
2024-02-10 10:28:23.420 [info] > git config --get commit.template [12ms]
2024-02-10 10:28:23.421 [info] > git for-each-ref --format=%(refname)%00%(upstream:short)%00%(objectname)%00%(upstream:track)%00%(upstream:remotename)%00%(upstream:remoteref) refs/heads/master refs/remotes/master [2ms]
2024-02-10 10:28:23.432 [info] > git status -z -uall [4ms]
2024-02-10 10:28:23.943 [info] > git fetch [618ms]
2024-02-10 10:28:23.956 [info] > git config --get commit.template [14ms]
2024-02-10 10:28:23.968 [info] > git config --get commit.template [13ms]
2024-02-10 10:28:23.982 [info] > git for-each-ref --format %(refname) %(objectname) %(*objectname) refs/tags [14ms]
2024-02-10 10:28:23.992 [info] > git for-each-ref --format=%(refname)%00%(upstream:short)%00%(objectname)%00%(upstream:track)%00%(upstream:remotename)%00%(upstream:remoteref) refs/heads/master refs/remotes/master [14ms]
2024-02-10 10:28:24.002 [info] > git status -z -uall [11ms]
2024-02-10 10:28:24.011 [info] > git status -z -uall [9ms]
2024-02-10 10:28:25.186 [info] > git config --get commit.template [22ms]
2024-02-10 10:28:25.189 [info] > git for-each-ref --format=%(refname)%00%(upstream:short)%00%(objectname)%00%(upstream:track)%00%(upstream:remotename)%00%(upstream:remoteref) refs/heads/master refs/remotes/master [6ms]
2024-02-10 10:28:25.224 [info] > git status -z -uall [15ms]
2024-02-10 10:28:28.476 [info] > git config --get commit.template [20ms]
2024-02-10 10:28:28.479 [info] > git for-each-ref --format=%(refname)%00%(upstream:short)%00%(objectname)%00%(upstream:track)%00%(upstream:remotename)%00%(upstream:remoteref) refs/heads/master refs/remotes/master [6ms]
2024-02-10 10:28:28.510 [info] > git status -z -uall [11ms]
2024-02-10 10:28:33.538 [info] > git config --get commit.template [6ms]
2024-02-10 10:28:33.539 [info] > git for-each-ref --format=%(refname)%00%(upstream:short)%00%(objectname)%00%(upstream:track)%00%(upstream:remotename)%00%(upstream:remoteref) refs/heads/master refs/remotes/master [2ms]
2024-02-10 10:28:33.547 [info] > git status -z -uall [3ms]
2024-02-10 10:29:12.335 [info] > git fetch [590ms]
2024-02-10 10:29:12.378 [info] > git config --get commit.template [19ms]
2024-02-10 10:29:12.381 [info] > git for-each-ref --format=%(refname)%00%(upstream:short)%00%(objectname)%00%(upstream:track)%00%(upstream:remotename)%00%(upstream:remoteref) refs/heads/master refs/remotes/master [5ms]
2024-02-10 10:29:12.405 [info] > git status -z -uall [9ms]
2024-02-10 10:29:13.512 [info] > git ls-files --stage -- /home/hubert/Dokumenty/GitHub/dwm/README.md [2ms]
2024-02-10 10:29:13.519 [info] > git cat-file -s e5ddda798d168b176a5a1d3bf6f8e2e0db7a689b [2ms]
2024-02-10 10:29:13.526 [info] > git show --textconv :README.md [1ms]
2024-02-10 10:29:39.455 [info] > git rev-parse --show-toplevel [2ms]
2024-02-10 10:29:39.455 [info] fatal: not a git repository (or any parent up to mount point /)
Stopping at filesystem boundary (GIT_DISCOVERY_ACROSS_FILESYSTEM not set).
2024-02-10 10:29:49.528 [info] > git show --textconv :README.md [16ms]
2024-02-10 10:29:49.530 [info] > git ls-files --stage -- /home/hubert/Dokumenty/GitHub/dwm/README.md [3ms]
2024-02-10 10:29:49.541 [info] > git cat-file -s e5ddda798d168b176a5a1d3bf6f8e2e0db7a689b [2ms]
2024-02-10 10:29:53.855 [info] > git config --get commit.template [25ms]
2024-02-10 10:29:53.857 [info] > git for-each-ref --format=%(refname)%00%(upstream:short)%00%(objectname)%00%(upstream:track)%00%(upstream:remotename)%00%(upstream:remoteref) refs/heads/master refs/remotes/master [6ms]
2024-02-10 10:29:53.887 [info] > git status -z -uall [10ms]
2024-02-10 10:29:58.937 [info] > git config --get commit.template [20ms]
2024-02-10 10:29:58.940 [info] > git for-each-ref --format=%(refname)%00%(upstream:short)%00%(objectname)%00%(upstream:track)%00%(upstream:remotename)%00%(upstream:remoteref) refs/heads/master refs/remotes/master [3ms]
2024-02-10 10:29:58.953 [info] > git status -z -uall [1ms]
2024-02-10 10:30:03.997 [info] > git config --get commit.template [22ms]
2024-02-10 10:30:04.000 [info] > git for-each-ref --format=%(refname)%00%(upstream:short)%00%(objectname)%00%(upstream:track)%00%(upstream:remotename)%00%(upstream:remoteref) refs/heads/master refs/remotes/master [6ms]
2024-02-10 10:30:04.021 [info] > git status -z -uall [7ms]
2024-02-10 10:30:14.666 [info] > git rev-parse --show-toplevel [2ms]
2024-02-10 10:30:14.666 [info] fatal: not a git repository (or any parent up to mount point /)
Stopping at filesystem boundary (GIT_DISCOVERY_ACROSS_FILESYSTEM not set).
2024-02-10 10:30:30.951 [info] > git show --textconv :README.md [21ms]
2024-02-10 10:30:30.955 [info] > git ls-files --stage -- /home/hubert/Dokumenty/GitHub/dwm/README.md [5ms]
2024-02-10 10:30:30.972 [info] > git cat-file -s e5ddda798d168b176a5a1d3bf6f8e2e0db7a689b [3ms]
2024-02-10 10:30:46.770 [info] > git config --get commit.template [6ms]
2024-02-10 10:30:46.771 [info] > git for-each-ref --format=%(refname)%00%(upstream:short)%00%(objectname)%00%(upstream:track)%00%(upstream:remotename)%00%(upstream:remoteref) refs/heads/master refs/remotes/master [2ms]
2024-02-10 10:30:46.779 [info] > git status -z -uall [3ms]
2024-02-10 10:31:23.309 [info] > git fetch [446ms]
2024-02-10 10:31:23.322 [info] > git config --get commit.template [7ms]
2024-02-10 10:31:23.328 [info] > git for-each-ref --format %(refname) %(objectname) %(*objectname) refs/tags [6ms]
2024-02-10 10:31:23.337 [info] > git status -z -uall [3ms]
2024-02-10 10:31:24.515 [info] > git config --get commit.template [24ms]
2024-02-10 10:31:24.527 [info] > git for-each-ref --format %(refname) %(objectname) %(*objectname) refs/tags [11ms]
2024-02-10 10:31:24.539 [info] > git status -z -uall [4ms]
2024-02-10 10:31:24.660 [info] > git fetch [628ms]
2024-02-10 10:31:24.703 [info] > git config --get commit.template [21ms]
2024-02-10 10:31:24.706 [info] > git for-each-ref --format=%(refname)%00%(upstream:short)%00%(objectname)%00%(upstream:track)%00%(upstream:remotename)%00%(upstream:remoteref) refs/heads/master refs/remotes/master [6ms]
2024-02-10 10:31:24.741 [info] > git status -z -uall [15ms]
2024-02-10 10:31:25.114 [info] > git config --get commit.template [5ms]
2024-02-10 10:31:25.115 [info] > git for-each-ref --format=%(refname)%00%(upstream:short)%00%(objectname)%00%(upstream:track)%00%(upstream:remotename)%00%(upstream:remoteref) refs/heads/master refs/remotes/master [1ms]
2024-02-10 10:31:25.123 [info] > git status -z -uall [3ms]
2024-02-10 10:31:25.914 [info] > git config --get commit.template [19ms]
2024-02-10 10:31:25.918 [info] > git for-each-ref --format=%(refname)%00%(upstream:short)%00%(objectname)%00%(upstream:track)%00%(upstream:remotename)%00%(upstream:remoteref) refs/heads/master refs/remotes/master [4ms]
2024-02-10 10:31:25.945 [info] > git status -z -uall [12ms]
