2024-02-10 14:29:41.757 [info] Log level: Info
2024-02-10 14:29:41.757 [info] Validating found git in: "git"
2024-02-10 14:29:41.757 [info] Using git "2.43.0" from "git"
2024-02-10 14:29:41.757 [info] > git rev-parse --show-toplevel [52ms]
2024-02-10 14:29:41.757 [info] fatal: not a git repository (or any parent up to mount point /)
Stopping at filesystem boundary (GIT_DISCOVERY_ACROSS_FILESYSTEM not set).
2024-02-10 14:29:41.757 [info] > git rev-parse --show-toplevel [40ms]
2024-02-10 14:29:41.757 [info] fatal: not a git repository (or any parent up to mount point /)
Stopping at filesystem boundary (GIT_DISCOVERY_ACROSS_FILESYSTEM not set).
2024-02-10 14:29:41.757 [info] > git rev-parse --show-toplevel [5ms]
2024-02-10 14:29:41.765 [info] > git rev-parse --git-dir --git-common-dir [2ms]
2024-02-10 14:29:41.780 [info] Open repository: /home/hubert/Dokumenty/GitHub/dwm
2024-02-10 14:29:41.798 [info] > git config --get commit.template [9ms]
2024-02-10 14:29:41.807 [info] > git rev-parse --show-toplevel [11ms]
2024-02-10 14:29:41.807 [info] fatal: not a git repository (or any parent up to mount point /)
Stopping at filesystem boundary (GIT_DISCOVERY_ACROSS_FILESYSTEM not set).
2024-02-10 14:29:41.815 [info] > git for-each-ref --format=%(refname)%00%(upstream:short)%00%(objectname)%00%(upstream:track)%00%(upstream:remotename)%00%(upstream:remoteref) refs/heads/master refs/remotes/master [10ms]
2024-02-10 14:29:41.818 [info] > git rev-parse --show-toplevel [4ms]
2024-02-10 14:29:41.818 [info] fatal: not a git repository (or any parent up to mount point /)
Stopping at filesystem boundary (GIT_DISCOVERY_ACROSS_FILESYSTEM not set).
2024-02-10 14:29:41.834 [info] > git status -z -uall [7ms]
2024-02-10 14:29:41.847 [info] > git rev-parse --show-toplevel [15ms]
2024-02-10 14:29:41.847 [info] fatal: not a git repository (or any parent up to mount point /)
Stopping at filesystem boundary (GIT_DISCOVERY_ACROSS_FILESYSTEM not set).
2024-02-10 14:29:41.849 [info] > git config --get commit.template [3ms]
2024-02-10 14:29:41.864 [info] > git rev-parse --show-toplevel [8ms]
2024-02-10 14:29:41.864 [info] fatal: not a git repository (or any parent up to mount point /)
Stopping at filesystem boundary (GIT_DISCOVERY_ACROSS_FILESYSTEM not set).
2024-02-10 14:29:41.888 [info] > git for-each-ref --format=%(refname)%00%(upstream:short)%00%(objectname)%00%(upstream:track)%00%(upstream:remotename)%00%(upstream:remoteref) refs/heads/master refs/remotes/master [25ms]
2024-02-10 14:29:41.889 [info] > git rev-parse --show-toplevel [3ms]
2024-02-10 14:29:41.889 [info] fatal: not a git repository (or any parent up to mount point /)
Stopping at filesystem boundary (GIT_DISCOVERY_ACROSS_FILESYSTEM not set).
2024-02-10 14:29:41.945 [info] > git rev-parse --show-toplevel [10ms]
2024-02-10 14:29:41.945 [info] fatal: not a git repository (or any parent up to mount point /)
Stopping at filesystem boundary (GIT_DISCOVERY_ACROSS_FILESYSTEM not set).
2024-02-10 14:29:41.946 [info] > git status -z -uall [2ms]
2024-02-10 14:29:41.958 [info] > git rev-parse --show-toplevel [2ms]
2024-02-10 14:29:41.958 [info] fatal: not a git repository (or any parent up to mount point /)
Stopping at filesystem boundary (GIT_DISCOVERY_ACROSS_FILESYSTEM not set).
2024-02-10 14:29:41.967 [info] > git rev-parse --show-toplevel [1ms]
2024-02-10 14:29:41.967 [info] fatal: not a git repository (or any parent up to mount point /)
Stopping at filesystem boundary (GIT_DISCOVERY_ACROSS_FILESYSTEM not set).
2024-02-10 14:29:41.975 [info] > git rev-parse --show-toplevel [1ms]
2024-02-10 14:29:41.975 [info] fatal: not a git repository (or any parent up to mount point /)
Stopping at filesystem boundary (GIT_DISCOVERY_ACROSS_FILESYSTEM not set).
2024-02-10 14:29:41.984 [info] > git rev-parse --show-toplevel [1ms]
2024-02-10 14:29:41.985 [info] fatal: not a git repository (or any parent up to mount point /)
Stopping at filesystem boundary (GIT_DISCOVERY_ACROSS_FILESYSTEM not set).
2024-02-10 14:29:41.991 [info] > git rev-parse --show-toplevel [2ms]
2024-02-10 14:29:41.991 [info] fatal: not a git repository (or any parent up to mount point /)
Stopping at filesystem boundary (GIT_DISCOVERY_ACROSS_FILESYSTEM not set).
2024-02-10 14:29:41.998 [info] > git rev-parse --show-toplevel [1ms]
2024-02-10 14:29:41.998 [info] fatal: not a git repository (or any parent up to mount point /)
Stopping at filesystem boundary (GIT_DISCOVERY_ACROSS_FILESYSTEM not set).
2024-02-10 14:29:42.006 [info] > git rev-parse --show-toplevel [2ms]
2024-02-10 14:29:42.006 [info] fatal: not a git repository (or any parent up to mount point /)
Stopping at filesystem boundary (GIT_DISCOVERY_ACROSS_FILESYSTEM not set).
2024-02-10 14:29:42.013 [info] > git rev-parse --show-toplevel [1ms]
2024-02-10 14:29:42.013 [info] fatal: not a git repository (or any parent up to mount point /)
Stopping at filesystem boundary (GIT_DISCOVERY_ACROSS_FILESYSTEM not set).
2024-02-10 14:29:42.027 [info] > git rev-parse --show-toplevel [1ms]
2024-02-10 14:29:42.027 [info] fatal: not a git repository (or any parent up to mount point /)
Stopping at filesystem boundary (GIT_DISCOVERY_ACROSS_FILESYSTEM not set).
2024-02-10 14:29:42.034 [info] > git rev-parse --show-toplevel [1ms]
2024-02-10 14:29:42.034 [info] fatal: not a git repository (or any parent up to mount point /)
Stopping at filesystem boundary (GIT_DISCOVERY_ACROSS_FILESYSTEM not set).
2024-02-10 14:29:42.041 [info] > git rev-parse --show-toplevel [1ms]
2024-02-10 14:29:42.041 [info] fatal: not a git repository (or any parent up to mount point /)
Stopping at filesystem boundary (GIT_DISCOVERY_ACROSS_FILESYSTEM not set).
2024-02-10 14:29:42.048 [info] > git rev-parse --show-toplevel [1ms]
2024-02-10 14:29:42.048 [info] fatal: not a git repository (or any parent up to mount point /)
Stopping at filesystem boundary (GIT_DISCOVERY_ACROSS_FILESYSTEM not set).
2024-02-10 14:29:42.054 [info] > git rev-parse --show-toplevel [1ms]
2024-02-10 14:29:42.054 [info] fatal: not a git repository (or any parent up to mount point /)
Stopping at filesystem boundary (GIT_DISCOVERY_ACROSS_FILESYSTEM not set).
2024-02-10 14:29:42.061 [info] > git rev-parse --show-toplevel [1ms]
2024-02-10 14:29:42.061 [info] fatal: not a git repository (or any parent up to mount point /)
Stopping at filesystem boundary (GIT_DISCOVERY_ACROSS_FILESYSTEM not set).
2024-02-10 14:29:42.068 [info] > git rev-parse --show-toplevel [1ms]
2024-02-10 14:29:42.068 [info] fatal: not a git repository (or any parent up to mount point /)
Stopping at filesystem boundary (GIT_DISCOVERY_ACROSS_FILESYSTEM not set).
2024-02-10 14:29:42.087 [info] > git rev-parse --show-toplevel [13ms]
2024-02-10 14:29:42.087 [info] fatal: not a git repository (or any parent up to mount point /)
Stopping at filesystem boundary (GIT_DISCOVERY_ACROSS_FILESYSTEM not set).
2024-02-10 14:29:42.094 [info] > git rev-parse --show-toplevel [1ms]
2024-02-10 14:29:42.094 [info] fatal: not a git repository (or any parent up to mount point /)
Stopping at filesystem boundary (GIT_DISCOVERY_ACROSS_FILESYSTEM not set).
2024-02-10 14:29:42.106 [info] > git rev-parse --show-toplevel [1ms]
2024-02-10 14:29:42.106 [info] fatal: not a git repository (or any parent up to mount point /)
Stopping at filesystem boundary (GIT_DISCOVERY_ACROSS_FILESYSTEM not set).
2024-02-10 14:29:42.114 [info] > git rev-parse --show-toplevel [1ms]
2024-02-10 14:29:42.114 [info] fatal: not a git repository (or any parent up to mount point /)
Stopping at filesystem boundary (GIT_DISCOVERY_ACROSS_FILESYSTEM not set).
2024-02-10 14:29:42.121 [info] > git rev-parse --show-toplevel [1ms]
2024-02-10 14:29:42.121 [info] fatal: not a git repository (or any parent up to mount point /)
Stopping at filesystem boundary (GIT_DISCOVERY_ACROSS_FILESYSTEM not set).
2024-02-10 14:29:42.129 [info] > git rev-parse --show-toplevel [1ms]
2024-02-10 14:29:42.129 [info] fatal: not a git repository (or any parent up to mount point /)
Stopping at filesystem boundary (GIT_DISCOVERY_ACROSS_FILESYSTEM not set).
2024-02-10 14:29:42.138 [info] > git rev-parse --show-toplevel [1ms]
2024-02-10 14:29:42.138 [info] fatal: not a git repository (or any parent up to mount point /)
Stopping at filesystem boundary (GIT_DISCOVERY_ACROSS_FILESYSTEM not set).
2024-02-10 14:29:42.145 [info] > git rev-parse --show-toplevel [1ms]
2024-02-10 14:29:42.145 [info] fatal: not a git repository (or any parent up to mount point /)
Stopping at filesystem boundary (GIT_DISCOVERY_ACROSS_FILESYSTEM not set).
2024-02-10 14:29:42.152 [info] > git rev-parse --show-toplevel [1ms]
2024-02-10 14:29:42.152 [info] fatal: not a git repository (or any parent up to mount point /)
Stopping at filesystem boundary (GIT_DISCOVERY_ACROSS_FILESYSTEM not set).
2024-02-10 14:29:42.158 [info] > git rev-parse --show-toplevel [2ms]
2024-02-10 14:29:42.158 [info] fatal: not a git repository (or any parent up to mount point /)
Stopping at filesystem boundary (GIT_DISCOVERY_ACROSS_FILESYSTEM not set).
2024-02-10 14:29:42.165 [info] > git rev-parse --show-toplevel [1ms]
2024-02-10 14:29:42.165 [info] fatal: not a git repository (or any parent up to mount point /)
Stopping at filesystem boundary (GIT_DISCOVERY_ACROSS_FILESYSTEM not set).
2024-02-10 14:29:42.171 [info] > git rev-parse --show-toplevel [1ms]
2024-02-10 14:29:42.171 [info] fatal: not a git repository (or any parent up to mount point /)
Stopping at filesystem boundary (GIT_DISCOVERY_ACROSS_FILESYSTEM not set).
2024-02-10 14:29:42.178 [info] > git rev-parse --show-toplevel [1ms]
2024-02-10 14:29:42.178 [info] fatal: not a git repository (or any parent up to mount point /)
Stopping at filesystem boundary (GIT_DISCOVERY_ACROSS_FILESYSTEM not set).
2024-02-10 14:29:42.186 [info] > git rev-parse --show-toplevel [2ms]
2024-02-10 14:29:42.186 [info] fatal: not a git repository (or any parent up to mount point /)
Stopping at filesystem boundary (GIT_DISCOVERY_ACROSS_FILESYSTEM not set).
2024-02-10 14:29:42.193 [info] > git rev-parse --show-toplevel [1ms]
2024-02-10 14:29:42.193 [info] fatal: not a git repository (or any parent up to mount point /)
Stopping at filesystem boundary (GIT_DISCOVERY_ACROSS_FILESYSTEM not set).
2024-02-10 14:29:42.201 [info] > git rev-parse --show-toplevel [1ms]
2024-02-10 14:29:42.201 [info] fatal: not a git repository (or any parent up to mount point /)
Stopping at filesystem boundary (GIT_DISCOVERY_ACROSS_FILESYSTEM not set).
2024-02-10 14:29:42.208 [info] > git rev-parse --show-toplevel [2ms]
2024-02-10 14:29:42.208 [info] fatal: not a git repository (or any parent up to mount point /)
Stopping at filesystem boundary (GIT_DISCOVERY_ACROSS_FILESYSTEM not set).
2024-02-10 14:29:42.215 [info] > git rev-parse --show-toplevel [1ms]
2024-02-10 14:29:42.215 [info] fatal: not a git repository (or any parent up to mount point /)
Stopping at filesystem boundary (GIT_DISCOVERY_ACROSS_FILESYSTEM not set).
2024-02-10 14:29:42.222 [info] > git rev-parse --show-toplevel [1ms]
2024-02-10 14:29:42.222 [info] fatal: not a git repository (or any parent up to mount point /)
Stopping at filesystem boundary (GIT_DISCOVERY_ACROSS_FILESYSTEM not set).
2024-02-10 14:29:42.229 [info] > git rev-parse --show-toplevel [1ms]
2024-02-10 14:29:42.229 [info] fatal: not a git repository (or any parent up to mount point /)
Stopping at filesystem boundary (GIT_DISCOVERY_ACROSS_FILESYSTEM not set).
2024-02-10 14:29:42.238 [info] > git rev-parse --show-toplevel [3ms]
2024-02-10 14:29:42.245 [info] > git rev-parse --git-dir --git-common-dir [1ms]
2024-02-10 14:29:42.257 [info] Open repository: /home/hubert/.config/nvim
2024-02-10 14:29:42.272 [info] > git rev-parse --show-toplevel [2ms]
2024-02-10 14:29:42.272 [info] fatal: not a git repository (or any parent up to mount point /)
Stopping at filesystem boundary (GIT_DISCOVERY_ACROSS_FILESYSTEM not set).
2024-02-10 14:29:42.273 [info] > git config --get commit.template [9ms]
2024-02-10 14:29:42.286 [info] > git rev-parse --show-toplevel [6ms]
2024-02-10 14:29:42.286 [info] fatal: not a git repository (or any parent up to mount point /)
Stopping at filesystem boundary (GIT_DISCOVERY_ACROSS_FILESYSTEM not set).
2024-02-10 14:29:42.294 [info] > git rev-parse --show-toplevel [1ms]
2024-02-10 14:29:42.294 [info] fatal: not a git repository (or any parent up to mount point /)
Stopping at filesystem boundary (GIT_DISCOVERY_ACROSS_FILESYSTEM not set).
2024-02-10 14:29:42.301 [info] > git rev-parse --show-toplevel [1ms]
2024-02-10 14:29:42.301 [info] fatal: not a git repository (or any parent up to mount point /)
Stopping at filesystem boundary (GIT_DISCOVERY_ACROSS_FILESYSTEM not set).
2024-02-10 14:29:42.308 [info] > git for-each-ref --format %(refname) %(objectname) %(*objectname) refs/tags [21ms]
2024-02-10 14:29:42.316 [info] > git rev-parse --show-toplevel [10ms]
2024-02-10 14:29:42.316 [info] fatal: not a git repository (or any parent up to mount point /)
Stopping at filesystem boundary (GIT_DISCOVERY_ACROSS_FILESYSTEM not set).
2024-02-10 14:29:42.339 [info] > git status -z -uall [24ms]
2024-02-10 14:29:42.340 [info] > git check-ignore -v -z --stdin [17ms]
2024-02-10 14:29:42.341 [info] > git rev-parse --show-toplevel [5ms]
2024-02-10 14:29:42.341 [info] fatal: not a git repository (or any parent up to mount point /)
Stopping at filesystem boundary (GIT_DISCOVERY_ACROSS_FILESYSTEM not set).
2024-02-10 14:29:42.382 [info] > git rev-parse --show-toplevel [10ms]
2024-02-10 14:29:42.382 [info] fatal: not a git repository (or any parent up to mount point /)
Stopping at filesystem boundary (GIT_DISCOVERY_ACROSS_FILESYSTEM not set).
2024-02-10 14:29:42.384 [info] > git config --get commit.template [4ms]
2024-02-10 14:29:42.397 [info] > git rev-parse --show-toplevel [7ms]
2024-02-10 14:29:42.397 [info] fatal: not a git repository (or any parent up to mount point /)
Stopping at filesystem boundary (GIT_DISCOVERY_ACROSS_FILESYSTEM not set).
2024-02-10 14:29:42.397 [info] > git fetch [617ms]
2024-02-10 14:29:42.410 [info] > git rev-parse --show-toplevel [7ms]
2024-02-10 14:29:42.410 [info] fatal: not a git repository (or any parent up to mount point /)
Stopping at filesystem boundary (GIT_DISCOVERY_ACROSS_FILESYSTEM not set).
2024-02-10 14:29:42.411 [info] > git for-each-ref --format %(refname) %(objectname) %(*objectname) refs/tags [15ms]
2024-02-10 14:29:42.425 [info] > git status -z -uall [8ms]
2024-02-10 14:29:42.425 [info] > git config --get commit.template [16ms]
2024-02-10 14:29:42.432 [info] > git rev-parse --show-toplevel [8ms]
2024-02-10 14:29:42.432 [info] fatal: not a git repository (or any parent up to mount point /)
Stopping at filesystem boundary (GIT_DISCOVERY_ACROSS_FILESYSTEM not set).
2024-02-10 14:29:42.441 [info] > git for-each-ref --format=%(refname)%00%(upstream:short)%00%(objectname)%00%(upstream:track)%00%(upstream:remotename)%00%(upstream:remoteref) refs/heads/master refs/remotes/master [10ms]
2024-02-10 14:29:42.442 [info] > git rev-parse --show-toplevel [1ms]
2024-02-10 14:29:42.442 [info] fatal: not a git repository (or any parent up to mount point /)
Stopping at filesystem boundary (GIT_DISCOVERY_ACROSS_FILESYSTEM not set).
2024-02-10 14:29:42.455 [info] > git rev-parse --show-toplevel [7ms]
2024-02-10 14:29:42.455 [info] fatal: not a git repository (or any parent up to mount point /)
Stopping at filesystem boundary (GIT_DISCOVERY_ACROSS_FILESYSTEM not set).
2024-02-10 14:29:42.462 [info] > git status -z -uall [8ms]
2024-02-10 14:29:42.464 [info] > git rev-parse --show-toplevel [3ms]
2024-02-10 14:29:42.464 [info] fatal: not a git repository (or any parent up to mount point /)
Stopping at filesystem boundary (GIT_DISCOVERY_ACROSS_FILESYSTEM not set).
2024-02-10 14:29:42.471 [info] > git rev-parse --show-toplevel [1ms]
2024-02-10 14:29:42.471 [info] fatal: not a git repository (or any parent up to mount point /)
Stopping at filesystem boundary (GIT_DISCOVERY_ACROSS_FILESYSTEM not set).
2024-02-10 14:29:42.479 [info] > git rev-parse --show-toplevel [2ms]
2024-02-10 14:29:42.479 [info] fatal: not a git repository (or any parent up to mount point /)
Stopping at filesystem boundary (GIT_DISCOVERY_ACROSS_FILESYSTEM not set).
2024-02-10 14:29:42.487 [info] > git rev-parse --show-toplevel [2ms]
2024-02-10 14:29:42.487 [info] fatal: not a git repository (or any parent up to mount point /)
Stopping at filesystem boundary (GIT_DISCOVERY_ACROSS_FILESYSTEM not set).
2024-02-10 14:29:42.494 [info] > git rev-parse --show-toplevel [1ms]
2024-02-10 14:29:42.494 [info] fatal: not a git repository (or any parent up to mount point /)
Stopping at filesystem boundary (GIT_DISCOVERY_ACROSS_FILESYSTEM not set).
2024-02-10 14:29:42.502 [info] > git rev-parse --show-toplevel [1ms]
2024-02-10 14:29:42.502 [info] fatal: not a git repository (or any parent up to mount point /)
Stopping at filesystem boundary (GIT_DISCOVERY_ACROSS_FILESYSTEM not set).
2024-02-10 14:29:42.509 [info] > git rev-parse --show-toplevel [2ms]
2024-02-10 14:29:42.509 [info] fatal: not a git repository (or any parent up to mount point /)
Stopping at filesystem boundary (GIT_DISCOVERY_ACROSS_FILESYSTEM not set).
2024-02-10 14:29:42.516 [info] > git rev-parse --show-toplevel [1ms]
2024-02-10 14:29:42.516 [info] fatal: not a git repository (or any parent up to mount point /)
Stopping at filesystem boundary (GIT_DISCOVERY_ACROSS_FILESYSTEM not set).
2024-02-10 14:29:42.525 [info] > git rev-parse --show-toplevel [1ms]
2024-02-10 14:29:42.525 [info] fatal: not a git repository (or any parent up to mount point /)
Stopping at filesystem boundary (GIT_DISCOVERY_ACROSS_FILESYSTEM not set).
2024-02-10 14:29:42.533 [info] > git rev-parse --show-toplevel [1ms]
2024-02-10 14:29:42.533 [info] fatal: not a git repository (or any parent up to mount point /)
Stopping at filesystem boundary (GIT_DISCOVERY_ACROSS_FILESYSTEM not set).
2024-02-10 14:29:42.541 [info] > git rev-parse --show-toplevel [1ms]
2024-02-10 14:29:42.541 [info] fatal: not a git repository (or any parent up to mount point /)
Stopping at filesystem boundary (GIT_DISCOVERY_ACROSS_FILESYSTEM not set).
2024-02-10 14:29:42.548 [info] > git rev-parse --show-toplevel [1ms]
2024-02-10 14:29:42.548 [info] fatal: not a git repository (or any parent up to mount point /)
Stopping at filesystem boundary (GIT_DISCOVERY_ACROSS_FILESYSTEM not set).
2024-02-10 14:29:42.555 [info] > git rev-parse --show-toplevel [1ms]
2024-02-10 14:29:42.555 [info] fatal: not a git repository (or any parent up to mount point /)
Stopping at filesystem boundary (GIT_DISCOVERY_ACROSS_FILESYSTEM not set).
2024-02-10 14:29:42.564 [info] > git rev-parse --show-toplevel [3ms]
2024-02-10 14:29:42.571 [info] > git rev-parse --git-dir --git-common-dir [1ms]
2024-02-10 14:29:42.581 [info] Open repository: /home/hubert/Dokumenty/dwm
2024-02-10 14:29:42.609 [info] > git show --textconv :README.md [20ms]
2024-02-10 14:29:42.612 [info] > git rev-parse --show-toplevel [3ms]
2024-02-10 14:29:42.612 [info] fatal: not a git repository (or any parent up to mount point /)
Stopping at filesystem boundary (GIT_DISCOVERY_ACROSS_FILESYSTEM not set).
2024-02-10 14:29:42.612 [info] > git config --get commit.template [9ms]
2024-02-10 14:29:42.612 [info] > git ls-files --stage -- /home/hubert/Dokumenty/GitHub/dwm/README.md [16ms]
2024-02-10 14:29:42.627 [info] > git cat-file -s 0f401ae44944cc56f8ef97640c42c64cab201314 [9ms]
2024-02-10 14:29:42.634 [info] > git rev-parse --show-toplevel [7ms]
2024-02-10 14:29:42.634 [info] fatal: not a git repository (or any parent up to mount point /)
Stopping at filesystem boundary (GIT_DISCOVERY_ACROSS_FILESYSTEM not set).
2024-02-10 14:29:42.643 [info] > git for-each-ref --format=%(refname)%00%(upstream:short)%00%(objectname)%00%(upstream:track)%00%(upstream:remotename)%00%(upstream:remoteref) refs/heads/master refs/remotes/master [10ms]
2024-02-10 14:29:42.644 [info] > git rev-parse --show-toplevel [1ms]
2024-02-10 14:29:42.644 [info] fatal: not a git repository (or any parent up to mount point /)
Stopping at filesystem boundary (GIT_DISCOVERY_ACROSS_FILESYSTEM not set).
2024-02-10 14:29:42.657 [info] > git rev-parse --show-toplevel [6ms]
2024-02-10 14:29:42.657 [info] fatal: not a git repository (or any parent up to mount point /)
Stopping at filesystem boundary (GIT_DISCOVERY_ACROSS_FILESYSTEM not set).
2024-02-10 14:29:42.664 [info] > git rev-parse --show-toplevel [1ms]
2024-02-10 14:29:42.664 [info] fatal: not a git repository (or any parent up to mount point /)
Stopping at filesystem boundary (GIT_DISCOVERY_ACROSS_FILESYSTEM not set).
2024-02-10 14:29:42.671 [info] > git rev-parse --show-toplevel [1ms]
2024-02-10 14:29:42.671 [info] fatal: not a git repository (or any parent up to mount point /)
Stopping at filesystem boundary (GIT_DISCOVERY_ACROSS_FILESYSTEM not set).
2024-02-10 14:29:42.676 [info] > git fetch [420ms]
2024-02-10 14:29:42.689 [info] > git config --get commit.template [6ms]
2024-02-10 14:29:42.690 [info] > git status -z -uall [34ms]
2024-02-10 14:29:42.700 [info] > git for-each-ref --format %(refname) %(objectname) %(*objectname) refs/tags [12ms]
2024-02-10 14:29:42.708 [info] > git config --get commit.template [8ms]
2024-02-10 14:29:42.716 [info] > git status -z -uall [10ms]
2024-02-10 14:29:42.718 [info] > git for-each-ref --format=%(refname)%00%(upstream:short)%00%(objectname)%00%(upstream:track)%00%(upstream:remotename)%00%(upstream:remoteref) refs/heads/master refs/remotes/master [3ms]
2024-02-10 14:29:42.731 [info] > git status -z -uall [7ms]
2024-02-10 14:29:43.136 [info] > git check-ignore -v -z --stdin [8ms]
2024-02-10 14:29:43.137 [info] > git check-ignore -v -z --stdin [2ms]
2024-02-10 14:29:43.375 [info] > git fetch [795ms]
2024-02-10 14:29:43.375 [info] From https://github.com/trebuhw/dwm
   43a5fdc..4853c73  master     -> origin/master
2024-02-10 14:29:43.386 [info] > git config --get commit.template [5ms]
2024-02-10 14:29:43.387 [info] > git for-each-ref --format=%(refname)%00%(upstream:short)%00%(objectname)%00%(upstream:track)%00%(upstream:remotename)%00%(upstream:remoteref) refs/heads/master refs/remotes/master [2ms]
2024-02-10 14:29:43.398 [info] > git status -z -uall [5ms]
2024-02-10 14:29:59.579 [info] > git config --get commit.template [15ms]
2024-02-10 14:29:59.580 [info] > git for-each-ref --format=%(refname)%00%(upstream:short)%00%(objectname)%00%(upstream:track)%00%(upstream:remotename)%00%(upstream:remoteref) refs/heads/master refs/remotes/master [3ms]
2024-02-10 14:29:59.591 [info] > git status -z -uall [2ms]
2024-02-10 14:30:04.640 [info] > git config --get commit.template [22ms]
2024-02-10 14:30:04.643 [info] > git for-each-ref --format=%(refname)%00%(upstream:short)%00%(objectname)%00%(upstream:track)%00%(upstream:remotename)%00%(upstream:remoteref) refs/heads/master refs/remotes/master [6ms]
2024-02-10 14:30:04.664 [info] > git status -z -uall [4ms]
2024-02-10 14:35:41.821 [info] > git fetch [472ms]
2024-02-10 14:35:41.850 [info] > git config --get commit.template [12ms]
2024-02-10 14:35:41.857 [info] > git for-each-ref --format %(refname) %(objectname) %(*objectname) refs/tags [7ms]
2024-02-10 14:35:41.866 [info] > git status -z -uall [3ms]
2024-02-10 14:35:41.929 [info] > git fetch [586ms]
2024-02-10 14:35:41.936 [info] > git fetch [583ms]
2024-02-10 14:35:41.942 [info] > git config --get commit.template [7ms]
2024-02-10 14:35:41.948 [info] > git config --get commit.template [6ms]
2024-02-10 14:35:41.952 [info] > git for-each-ref --format=%(refname)%00%(upstream:short)%00%(objectname)%00%(upstream:track)%00%(upstream:remotename)%00%(upstream:remoteref) refs/heads/master refs/remotes/master [5ms]
2024-02-10 14:35:41.959 [info] > git for-each-ref --format=%(refname)%00%(upstream:short)%00%(objectname)%00%(upstream:track)%00%(upstream:remotename)%00%(upstream:remoteref) refs/heads/master refs/remotes/master [6ms]
2024-02-10 14:35:41.964 [info] > git status -z -uall [6ms]
2024-02-10 14:35:41.969 [info] > git status -z -uall [5ms]
2024-02-10 14:35:43.045 [info] > git config --get commit.template [29ms]
2024-02-10 14:35:43.058 [info] > git for-each-ref --format %(refname) %(objectname) %(*objectname) refs/tags [12ms]
2024-02-10 14:35:43.073 [info] > git status -z -uall [5ms]
2024-02-10 14:35:43.144 [info] > git config --get commit.template [21ms]
2024-02-10 14:35:43.149 [info] > git config --get commit.template [7ms]
2024-02-10 14:35:43.178 [info] > git for-each-ref --format=%(refname)%00%(upstream:short)%00%(objectname)%00%(upstream:track)%00%(upstream:remotename)%00%(upstream:remoteref) refs/heads/master refs/remotes/master [13ms]
2024-02-10 14:35:43.187 [info] > git for-each-ref --format=%(refname)%00%(upstream:short)%00%(objectname)%00%(upstream:track)%00%(upstream:remotename)%00%(upstream:remoteref) refs/heads/master refs/remotes/master [11ms]
2024-02-10 14:35:43.194 [info] > git status -z -uall [8ms]
2024-02-10 14:35:43.202 [info] > git status -z -uall [9ms]
2024-02-10 14:35:43.213 [info] > git ls-files --stage -- /home/hubert/Dokumenty/GitHub/dwm/README.md [1ms]
2024-02-10 14:35:43.219 [info] > git cat-file -s 0f401ae44944cc56f8ef97640c42c64cab201314 [1ms]
2024-02-10 14:35:43.226 [info] > git show --textconv :README.md [1ms]
2024-02-10 14:40:33.426 [info] > git fetch [502ms]
2024-02-10 14:40:33.464 [info] > git config --get commit.template [20ms]
2024-02-10 14:40:33.472 [info] > git for-each-ref --format %(refname) %(objectname) %(*objectname) refs/tags [9ms]
2024-02-10 14:40:33.482 [info] > git status -z -uall [3ms]
2024-02-10 14:40:33.511 [info] > git fetch [582ms]
2024-02-10 14:40:33.522 [info] > git config --get commit.template [6ms]
2024-02-10 14:40:33.523 [info] > git for-each-ref --format=%(refname)%00%(upstream:short)%00%(objectname)%00%(upstream:track)%00%(upstream:remotename)%00%(upstream:remoteref) refs/heads/master refs/remotes/master [1ms]
2024-02-10 14:40:33.531 [info] > git status -z -uall [2ms]
2024-02-10 14:40:33.652 [info] > git fetch [716ms]
2024-02-10 14:40:33.676 [info] > git config --get commit.template [6ms]
2024-02-10 14:40:33.700 [info] > git for-each-ref --format=%(refname)%00%(upstream:short)%00%(objectname)%00%(upstream:track)%00%(upstream:remotename)%00%(upstream:remoteref) refs/heads/master refs/remotes/master [7ms]
2024-02-10 14:40:33.735 [info] > git status -z -uall [16ms]
2024-02-10 14:40:34.625 [info] > git config --get commit.template [18ms]
2024-02-10 14:40:34.628 [info] > git config --get commit.template [5ms]
2024-02-10 14:40:34.644 [info] > git for-each-ref --format %(refname) %(objectname) %(*objectname) refs/tags [8ms]
2024-02-10 14:40:34.651 [info] > git for-each-ref --format=%(refname)%00%(upstream:short)%00%(objectname)%00%(upstream:track)%00%(upstream:remotename)%00%(upstream:remoteref) refs/heads/master refs/remotes/master [9ms]
2024-02-10 14:40:34.657 [info] > git status -z -uall [7ms]
2024-02-10 14:40:34.659 [info] > git status -z -uall [2ms]
2024-02-10 14:40:34.908 [info] > git for-each-ref --format=%(refname)%00%(upstream:short)%00%(objectname)%00%(upstream:track)%00%(upstream:remotename)%00%(upstream:remoteref) refs/heads/master refs/remotes/master [2ms]
2024-02-10 14:40:34.908 [info] > git config --get commit.template [13ms]
2024-02-10 14:40:34.921 [info] > git status -z -uall [7ms]
2024-02-10 14:40:34.990 [info] > git ls-files --stage -- /home/hubert/Dokumenty/GitHub/dwm/README.md [5ms]
2024-02-10 14:40:35.011 [info] > git cat-file -s 0f401ae44944cc56f8ef97640c42c64cab201314 [5ms]
2024-02-10 14:40:35.031 [info] > git show --textconv :README.md [4ms]
2024-02-10 14:40:39.701 [info] > git config --get commit.template [21ms]
2024-02-10 14:40:39.704 [info] > git for-each-ref --format=%(refname)%00%(upstream:short)%00%(objectname)%00%(upstream:track)%00%(upstream:remotename)%00%(upstream:remoteref) refs/heads/master refs/remotes/master [6ms]
2024-02-10 14:40:39.730 [info] > git status -z -uall [7ms]
