2024-02-10 10:33:14.427 [info] Extension host with pid 10057 started
2024-02-10 10:33:14.457 [info] ExtensionService#_doActivateExtension vscode.git-base, startup: true, activationEvent: '*', root cause: vscode.git
2024-02-10 10:33:14.460 [info] ExtensionService#_doActivateExtension arrterian.nix-env-selector, startup: true, activationEvent: '*'
2024-02-10 10:33:14.533 [info] ExtensionService#_doActivateExtension mkhl.direnv, startup: true, activationEvent: '*'
2024-02-10 10:33:14.536 [info] ExtensionService#_doActivateExtension naumovs.color-highlight, startup: true, activationEvent: '*'
2024-02-10 10:33:14.553 [error] Activating extension arrterian.nix-env-selector failed due to an error:
2024-02-10 10:33:14.553 [error] TypeError: The "path" argument must be of type string or an instance of Buffer or URL. Received null
	at Object.readdir (node:fs:1478:10)
	at Object.readdir (node:electron/js2c/asar_bundle:2:10322)
	at ext.actions.get_nix_files (/home/hubert/.vscode/extensions/arrterian.nix-env-selector-1.0.11/dist/main.js:2631:358)
	at activate (/home/hubert/.vscode/extensions/arrterian.nix-env-selector-1.0.11/dist/main.js:2650:268)
	at z.ib (/usr/share/code/resources/app/out/vs/workbench/api/node/extensionHostProcess.js:156:13232)
	at z.hb (/usr/share/code/resources/app/out/vs/workbench/api/node/extensionHostProcess.js:156:12946)
	at /usr/share/code/resources/app/out/vs/workbench/api/node/extensionHostProcess.js:156:11081
	at async c.n (/usr/share/code/resources/app/out/vs/workbench/api/node/extensionHostProcess.js:140:6256)
	at async c.m (/usr/share/code/resources/app/out/vs/workbench/api/node/extensionHostProcess.js:140:6219)
	at async c.l (/usr/share/code/resources/app/out/vs/workbench/api/node/extensionHostProcess.js:140:5676)
2024-02-10 10:33:14.576 [info] ExtensionService#_doActivateExtension vscode.git, startup: true, activationEvent: '*'
2024-02-10 10:33:14.602 [info] ExtensionService#_doActivateExtension vscode.github, startup: true, activationEvent: '*'
2024-02-10 10:33:14.640 [info] Eager extensions activated
2024-02-10 10:33:14.750 [info] ExtensionService#_doActivateExtension vscode.debug-auto-launch, startup: false, activationEvent: 'onStartupFinished'
2024-02-10 10:33:14.751 [info] ExtensionService#_doActivateExtension vscode.merge-conflict, startup: false, activationEvent: 'onStartupFinished'
2024-02-10 10:33:14.758 [info] ExtensionService#_doActivateExtension esbenp.prettier-vscode, startup: false, activationEvent: 'onStartupFinished'
2024-02-10 10:33:14.797 [info] ExtensionService#_doActivateExtension PKief.material-icon-theme, startup: false, activationEvent: 'onStartupFinished'
2024-02-10 10:33:14.805 [info] ExtensionService#_doActivateExtension ritwickdey.LiveServer, startup: false, activationEvent: 'onStartupFinished'
2024-02-10 10:33:15.017 [info] Extension host terminating: renderer closed the MessagePort
2024-02-10 10:33:15.023 [info] Extension host with pid 10057 exiting with code 0
